2023-09-09 08:36:38,063 P2854986 INFO Params: {
    "V_net_dropout": "0.2",
    "W_net_dropout": "0.2",
    "alpha": "0.4",
    "batch_norm": "False",
    "batch_size": "10000",
    "beta": "0.3",
    "cl_temperature": "0.8",
    "data_format": "h5",
    "data_root": "../../../data/",
    "dataset_id": "Criteo_x4_h5",
    "debug_mode": "False",
    "delta": "0.2",
    "early_stop_patience": "2",
    "emb_layernorm": "False",
    "embedding_dim": "20",
    "embedding_regularizer": "0.0001",
    "epochs": "100",
    "eps": "1e-05",
    "eval_steps": "None",
    "feature_cols": "[{'active': True, 'dtype': 'float', 'fill_na': 0, 'name': ['I1', 'I2', 'I3', 'I4', 'I5', 'I6', 'I7', 'I8', 'I9', 'I10', 'I11', 'I12', 'I13'], 'preprocess': 'convert_to_bucket', 'type': 'categorical'}, {'active': True, 'dtype': 'str', 'fill_na': '', 'name': ['C1', 'C2', 'C3', 'C4', 'C5', 'C6', 'C7', 'C8', 'C9', 'C10', 'C11', 'C12', 'C13', 'C14', 'C15', 'C16', 'C17', 'C18', 'C19', 'C20', 'C21', 'C22', 'C23', 'C24', 'C25', 'C26'], 'type': 'categorical'}]",
    "feature_config": "None",
    "feature_specs": "None",
    "fi_hidden_units": "[1024, 512, 256]",
    "gpu": "0",
    "group_id": "None",
    "hidden_activations": "[leaky_relu, relu, prelu]" ,
    "label_col": "{'dtype': 'float', 'name': 'Label'}",
    "learning_rate": "0.0005",
    "loss": "binary_crossentropy",
    "metrics": "['logloss', 'AUC']",
    "min_categr_count": "2",
    "model": "CEMLPv13",
    "model_id": "CEMLPv13_Criteo_185_57659669",
    "model_root": "./checkpoints/",
    "monitor": "{'AUC': 1, 'logloss': -1}",
    "monitor_mode": "max",
    "net_regularizer": "0",
    "num_workers": "3",
    "optimizer": "adam",
    "perturbed": "False",
    "pickle_feature_encoder": "True",
    "save_best_only": "True",
    "seed": "2023",
    "shuffle": "True",
    "task": "binary_classification",
    "test_data": "../../../data/Criteo_x4_h5/test.h5",
    "train_data": "../../../data/Criteo_x4_h5/train.h5",
    "use_features": "None",
    "valid_data": "../../../data/Criteo_x4_h5/valid.h5",
    "verbose": "1",
    "w_hidden_units": "[512, 512]"
}
2023-09-09 08:36:38,064 P2854986 INFO Load feature_map from json: ../../../data/Criteo_x4_h5/feature_map.json
2023-09-09 08:36:38,064 P2854986 INFO Set column index...
2023-09-09 08:36:38,064 P2854986 INFO Feature specs: {
    "C1": "{'source': '', 'type': 'categorical', 'padding_idx': 0, 'oov_idx': 1461, 'vocab_size': 1462}",
    "C10": "{'source': '', 'type': 'categorical', 'padding_idx': 0, 'oov_idx': 70514, 'vocab_size': 70515}",
    "C11": "{'source': '', 'type': 'categorical', 'padding_idx': 0, 'oov_idx': 5517, 'vocab_size': 5518}",
    "C12": "{'source': '', 'type': 'categorical', 'padding_idx': 0, 'oov_idx': 1224132, 'vocab_size': 1224133}",
    "C13": "{'source': '', 'type': 'categorical', 'padding_idx': 0, 'oov_idx': 3193, 'vocab_size': 3194}",
    "C14": "{'source': '', 'type': 'categorical', 'padding_idx': 0, 'oov_idx': 28, 'vocab_size': 29}",
    "C15": "{'source': '', 'type': 'categorical', 'padding_idx': 0, 'oov_idx': 13600, 'vocab_size': 13601}",
    "C16": "{'source': '', 'type': 'categorical', 'padding_idx': 0, 'oov_idx': 1004793, 'vocab_size': 1004794}",
    "C17": "{'source': '', 'type': 'categorical', 'padding_idx': 0, 'oov_idx': 11, 'vocab_size': 12}",
    "C18": "{'source': '', 'type': 'categorical', 'padding_idx': 0, 'oov_idx': 5230, 'vocab_size': 5231}",
    "C19": "{'source': '', 'type': 'categorical', 'padding_idx': 0, 'oov_idx': 2144, 'vocab_size': 2145}",
    "C2": "{'source': '', 'type': 'categorical', 'padding_idx': 0, 'oov_idx': 563, 'vocab_size': 564}",
    "C20": "{'source': '', 'type': 'categorical', 'padding_idx': 0, 'oov_idx': 4, 'vocab_size': 5}",
    "C21": "{'source': '', 'type': 'categorical', 'padding_idx': 0, 'oov_idx': 1162912, 'vocab_size': 1162913}",
    "C22": "{'source': '', 'type': 'categorical', 'padding_idx': 0, 'oov_idx': 18, 'vocab_size': 19}",
    "C23": "{'source': '', 'type': 'categorical', 'padding_idx': 0, 'oov_idx': 16, 'vocab_size': 17}",
    "C24": "{'source': '', 'type': 'categorical', 'padding_idx': 0, 'oov_idx': 141672, 'vocab_size': 141673}",
    "C25": "{'source': '', 'type': 'categorical', 'padding_idx': 0, 'oov_idx': 101, 'vocab_size': 102}",
    "C26": "{'source': '', 'type': 'categorical', 'padding_idx': 0, 'oov_idx': 92085, 'vocab_size': 92086}",
    "C3": "{'source': '', 'type': 'categorical', 'padding_idx': 0, 'oov_idx': 1244768, 'vocab_size': 1244769}",
    "C4": "{'source': '', 'type': 'categorical', 'padding_idx': 0, 'oov_idx': 562022, 'vocab_size': 562023}",
    "C5": "{'source': '', 'type': 'categorical', 'padding_idx': 0, 'oov_idx': 306, 'vocab_size': 307}",
    "C6": "{'source': '', 'type': 'categorical', 'padding_idx': 0, 'oov_idx': 22, 'vocab_size': 23}",
    "C7": "{'source': '', 'type': 'categorical', 'padding_idx': 0, 'oov_idx': 12368, 'vocab_size': 12369}",
    "C8": "{'source': '', 'type': 'categorical', 'padding_idx': 0, 'oov_idx': 634, 'vocab_size': 635}",
    "C9": "{'source': '', 'type': 'categorical', 'padding_idx': 0, 'oov_idx': 4, 'vocab_size': 5}",
    "I1": "{'source': '', 'type': 'categorical', 'padding_idx': 0, 'oov_idx': 53, 'vocab_size': 54}",
    "I10": "{'source': '', 'type': 'categorical', 'padding_idx': 0, 'oov_idx': 6, 'vocab_size': 7}",
    "I11": "{'source': '', 'type': 'categorical', 'padding_idx': 0, 'oov_idx': 26, 'vocab_size': 27}",
    "I12": "{'source': '', 'type': 'categorical', 'padding_idx': 0, 'oov_idx': 47, 'vocab_size': 48}",
    "I13": "{'source': '', 'type': 'categorical', 'padding_idx': 0, 'oov_idx': 76, 'vocab_size': 77}",
    "I2": "{'source': '', 'type': 'categorical', 'padding_idx': 0, 'oov_idx': 104, 'vocab_size': 105}",
    "I3": "{'source': '', 'type': 'categorical', 'padding_idx': 0, 'oov_idx': 123, 'vocab_size': 124}",
    "I4": "{'source': '', 'type': 'categorical', 'padding_idx': 0, 'oov_idx': 45, 'vocab_size': 46}",
    "I5": "{'source': '', 'type': 'categorical', 'padding_idx': 0, 'oov_idx': 220, 'vocab_size': 221}",
    "I6": "{'source': '', 'type': 'categorical', 'padding_idx': 0, 'oov_idx': 133, 'vocab_size': 134}",
    "I7": "{'source': '', 'type': 'categorical', 'padding_idx': 0, 'oov_idx': 90, 'vocab_size': 91}",
    "I8": "{'source': '', 'type': 'categorical', 'padding_idx': 0, 'oov_idx': 76, 'vocab_size': 77}",
    "I9": "{'source': '', 'type': 'categorical', 'padding_idx': 0, 'oov_idx': 96, 'vocab_size': 97}"
}
2023-09-09 08:36:42,710 P2854986 INFO Total number of parameters: 140111446.
2023-09-09 08:36:42,711 P2854986 INFO Loading data...
2023-09-09 08:36:42,711 P2854986 INFO Loading data from h5: ../../../data/Criteo_x4_h5/train.h5
2023-09-09 08:37:03,678 P2854986 INFO Train samples: total/36672493, blocks/1
2023-09-09 08:37:03,679 P2854986 INFO Loading data from h5: ../../../data/Criteo_x4_h5/valid.h5
2023-09-09 08:37:05,523 P2854986 INFO Validation samples: total/4584062, blocks/1
2023-09-09 08:37:05,523 P2854986 INFO Loading train and validation data done.
2023-09-09 08:37:05,523 P2854986 INFO Start training: 3668 batches/epoch
2023-09-09 08:37:05,523 P2854986 INFO ************ Epoch=1 start ************
2023-09-09 08:46:31,118 P2854986 INFO Train loss: 3.592679
2023-09-09 08:46:31,118 P2854986 INFO Evaluation @epoch 1 - batch 3668: 
2023-09-09 08:46:52,138 P2854986 INFO ===
2023-09-09 08:46:52,139 P2854986 INFO [Metrics] AUC: 0.805095 - logloss: 0.446151
2023-09-09 08:46:52,143 P2854986 INFO Save best model: monitor(max)=0.358944
2023-09-09 08:46:53,128 P2854986 INFO ************ Epoch=1 end ************
2023-09-09 08:56:17,097 P2854986 INFO Train loss: 3.576867
2023-09-09 08:56:17,097 P2854986 INFO Evaluation @epoch 2 - batch 3668: 
2023-09-09 08:56:38,136 P2854986 INFO ===
2023-09-09 08:56:38,136 P2854986 INFO [Metrics] AUC: 0.807293 - logloss: 0.444311
2023-09-09 08:56:38,139 P2854986 INFO Save best model: monitor(max)=0.362982
2023-09-09 08:56:39,485 P2854986 INFO ************ Epoch=2 end ************
2023-09-09 09:06:01,131 P2854986 INFO Train loss: 3.573877
2023-09-09 09:06:01,131 P2854986 INFO Evaluation @epoch 3 - batch 3668: 
2023-09-09 09:06:22,400 P2854986 INFO ===
2023-09-09 09:06:22,400 P2854986 INFO [Metrics] AUC: 0.808430 - logloss: 0.442959
2023-09-09 09:06:22,403 P2854986 INFO Save best model: monitor(max)=0.365471
2023-09-09 09:06:23,742 P2854986 INFO ************ Epoch=3 end ************
2023-09-09 09:15:46,387 P2854986 INFO Train loss: 3.572834
2023-09-09 09:15:46,388 P2854986 INFO Evaluation @epoch 4 - batch 3668: 
2023-09-09 09:16:07,357 P2854986 INFO ===
2023-09-09 09:16:07,357 P2854986 INFO [Metrics] AUC: 0.808920 - logloss: 0.442521
2023-09-09 09:16:07,361 P2854986 INFO Save best model: monitor(max)=0.366399
2023-09-09 09:16:08,707 P2854986 INFO ************ Epoch=4 end ************
2023-09-09 09:25:32,035 P2854986 INFO Train loss: 3.572259
2023-09-09 09:25:32,035 P2854986 INFO Evaluation @epoch 5 - batch 3668: 
2023-09-09 09:25:52,923 P2854986 INFO ===
2023-09-09 09:25:52,924 P2854986 INFO [Metrics] AUC: 0.809430 - logloss: 0.442166
2023-09-09 09:25:52,927 P2854986 INFO Save best model: monitor(max)=0.367264
2023-09-09 09:25:54,268 P2854986 INFO ************ Epoch=5 end ************
2023-09-09 09:35:17,324 P2854986 INFO Train loss: 3.571917
2023-09-09 09:35:17,325 P2854986 INFO Evaluation @epoch 6 - batch 3668: 
2023-09-09 09:35:38,297 P2854986 INFO ===
2023-09-09 09:35:38,297 P2854986 INFO [Metrics] AUC: 0.809714 - logloss: 0.441833
2023-09-09 09:35:38,300 P2854986 INFO Save best model: monitor(max)=0.367881
2023-09-09 09:35:39,587 P2854986 INFO ************ Epoch=6 end ************
2023-09-09 09:45:04,189 P2854986 INFO Train loss: 3.571640
2023-09-09 09:45:04,189 P2854986 INFO Evaluation @epoch 7 - batch 3668: 
2023-09-09 09:45:25,096 P2854986 INFO ===
2023-09-09 09:45:25,097 P2854986 INFO [Metrics] AUC: 0.809930 - logloss: 0.441567
2023-09-09 09:45:25,100 P2854986 INFO Save best model: monitor(max)=0.368363
2023-09-09 09:45:26,451 P2854986 INFO ************ Epoch=7 end ************
2023-09-09 09:54:50,170 P2854986 INFO Train loss: 3.571409
2023-09-09 09:54:50,170 P2854986 INFO Evaluation @epoch 8 - batch 3668: 
2023-09-09 09:55:11,206 P2854986 INFO ===
2023-09-09 09:55:11,206 P2854986 INFO [Metrics] AUC: 0.809824 - logloss: 0.441745
2023-09-09 09:55:11,210 P2854986 INFO Monitor(max)=0.368078 STOP!
2023-09-09 09:55:11,210 P2854986 INFO Reduce learning rate on plateau: 0.000050
2023-09-09 09:55:11,308 P2854986 INFO ************ Epoch=8 end ************
2023-09-09 10:04:35,240 P2854986 INFO Train loss: 3.552832
2023-09-09 10:04:35,240 P2854986 INFO Evaluation @epoch 9 - batch 3668: 
2023-09-09 10:04:56,075 P2854986 INFO ===
2023-09-09 10:04:56,076 P2854986 INFO [Metrics] AUC: 0.813719 - logloss: 0.438183
2023-09-09 10:04:56,079 P2854986 INFO Save best model: monitor(max)=0.375535
2023-09-09 10:04:57,438 P2854986 INFO ************ Epoch=9 end ************
2023-09-09 10:14:20,906 P2854986 INFO Train loss: 3.547021
2023-09-09 10:14:20,906 P2854986 INFO Evaluation @epoch 10 - batch 3668: 
2023-09-09 10:14:42,143 P2854986 INFO ===
2023-09-09 10:14:42,143 P2854986 INFO [Metrics] AUC: 0.814107 - logloss: 0.437958
2023-09-09 10:14:42,147 P2854986 INFO Save best model: monitor(max)=0.376149
2023-09-09 10:14:43,503 P2854986 INFO ************ Epoch=10 end ************
2023-09-09 10:24:06,129 P2854986 INFO Train loss: 3.544198
2023-09-09 10:24:06,130 P2854986 INFO Evaluation @epoch 11 - batch 3668: 
2023-09-09 10:24:27,382 P2854986 INFO ===
2023-09-09 10:24:27,382 P2854986 INFO [Metrics] AUC: 0.813808 - logloss: 0.438422
2023-09-09 10:24:27,385 P2854986 INFO Monitor(max)=0.375386 STOP!
2023-09-09 10:24:27,385 P2854986 INFO Reduce learning rate on plateau: 0.000005
2023-09-09 10:24:27,489 P2854986 INFO ************ Epoch=11 end ************
2023-09-09 10:33:52,170 P2854986 INFO Train loss: 3.531912
2023-09-09 10:33:52,170 P2854986 INFO Evaluation @epoch 12 - batch 3668: 
2023-09-09 10:34:13,589 P2854986 INFO ===
2023-09-09 10:34:13,589 P2854986 INFO [Metrics] AUC: 0.810176 - logloss: 0.443664
2023-09-09 10:34:13,594 P2854986 INFO Monitor(max)=0.366512 STOP!
2023-09-09 10:34:13,594 P2854986 INFO Reduce learning rate on plateau: 0.000001
2023-09-09 10:34:13,594 P2854986 INFO ********* Epoch==12 early stop *********
2023-09-09 10:34:13,683 P2854986 INFO Training finished.
2023-09-09 10:34:13,684 P2854986 INFO Load best model: /mnt/data00/lhh/code/model_zoo/CEMLP/CEMLP_torch/checkpoints/Criteo_x4_h5/CEMLPv13_Criteo_185_57659669.model
2023-09-09 10:34:13,997 P2854986 INFO ****** Validation evaluation ******
2023-09-09 10:34:35,147 P2854986 INFO ===
2023-09-09 10:34:35,147 P2854986 INFO [Metrics] logloss: 0.437958 - AUC: 0.814107
2023-09-09 10:34:35,229 P2854986 INFO ******** Test evaluation ********
2023-09-09 10:34:35,229 P2854986 INFO Loading data...
2023-09-09 10:34:35,229 P2854986 INFO Loading data from h5: ../../../data/Criteo_x4_h5/test.h5
2023-09-09 10:34:37,063 P2854986 INFO Test samples: total/4584062, blocks/1
2023-09-09 10:34:37,063 P2854986 INFO Loading test data done.
2023-09-09 10:34:58,036 P2854986 INFO ===
2023-09-09 10:34:58,036 P2854986 INFO [Metrics] logloss: 0.437561 - AUC: 0.814539
