2023-09-10 04:17:00,296 P3176333 INFO Params: {
    "V_net_dropout": "0.2",
    "W_net_dropout": "0.2",
    "alpha": "0.4",
    "batch_norm": "False",
    "batch_size": "10000",
    "beta": "0.4",
    "cl_temperature": "0.4",
    "data_format": "h5",
    "data_root": "../../../data/",
    "dataset_id": "Criteo_x4_h5",
    "debug_mode": "False",
    "delta": "0.4",
    "early_stop_patience": "2",
    "emb_layernorm": "False",
    "embedding_dim": "20",
    "embedding_regularizer": "0.0001",
    "epochs": "100",
    "eps": "1e-05",
    "eval_steps": "None",
    "feature_cols": "[{'active': True, 'dtype': 'float', 'fill_na': 0, 'name': ['I1', 'I2', 'I3', 'I4', 'I5', 'I6', 'I7', 'I8', 'I9', 'I10', 'I11', 'I12', 'I13'], 'preprocess': 'convert_to_bucket', 'type': 'categorical'}, {'active': True, 'dtype': 'str', 'fill_na': '', 'name': ['C1', 'C2', 'C3', 'C4', 'C5', 'C6', 'C7', 'C8', 'C9', 'C10', 'C11', 'C12', 'C13', 'C14', 'C15', 'C16', 'C17', 'C18', 'C19', 'C20', 'C21', 'C22', 'C23', 'C24', 'C25', 'C26'], 'type': 'categorical'}]",
    "feature_config": "None",
    "feature_specs": "None",
    "fi_hidden_units": "[1024, 512, 256]",
    "gpu": "1",
    "group_id": "None",
    "hidden_activations": "[leaky_relu, relu, prelu]" ,
    "label_col": "{'dtype': 'float', 'name': 'Label'}",
    "learning_rate": "0.0005",
    "loss": "binary_crossentropy",
    "metrics": "['logloss', 'AUC']",
    "min_categr_count": "2",
    "model": "CEMLPv13",
    "model_id": "CEMLPv13_Criteo_216_34bc62d0",
    "model_root": "./checkpoints/",
    "monitor": "{'AUC': 1, 'logloss': -1}",
    "monitor_mode": "max",
    "net_regularizer": "0",
    "num_workers": "3",
    "optimizer": "adam",
    "perturbed": "False",
    "pickle_feature_encoder": "True",
    "save_best_only": "True",
    "seed": "2023",
    "shuffle": "True",
    "task": "binary_classification",
    "test_data": "../../../data/Criteo_x4_h5/test.h5",
    "train_data": "../../../data/Criteo_x4_h5/train.h5",
    "use_features": "None",
    "valid_data": "../../../data/Criteo_x4_h5/valid.h5",
    "verbose": "1",
    "w_hidden_units": "[512, 512]"
}
2023-09-10 04:17:00,297 P3176333 INFO Load feature_map from json: ../../../data/Criteo_x4_h5/feature_map.json
2023-09-10 04:17:00,297 P3176333 INFO Set column index...
2023-09-10 04:17:00,297 P3176333 INFO Feature specs: {
    "C1": "{'source': '', 'type': 'categorical', 'padding_idx': 0, 'oov_idx': 1461, 'vocab_size': 1462}",
    "C10": "{'source': '', 'type': 'categorical', 'padding_idx': 0, 'oov_idx': 70514, 'vocab_size': 70515}",
    "C11": "{'source': '', 'type': 'categorical', 'padding_idx': 0, 'oov_idx': 5517, 'vocab_size': 5518}",
    "C12": "{'source': '', 'type': 'categorical', 'padding_idx': 0, 'oov_idx': 1224132, 'vocab_size': 1224133}",
    "C13": "{'source': '', 'type': 'categorical', 'padding_idx': 0, 'oov_idx': 3193, 'vocab_size': 3194}",
    "C14": "{'source': '', 'type': 'categorical', 'padding_idx': 0, 'oov_idx': 28, 'vocab_size': 29}",
    "C15": "{'source': '', 'type': 'categorical', 'padding_idx': 0, 'oov_idx': 13600, 'vocab_size': 13601}",
    "C16": "{'source': '', 'type': 'categorical', 'padding_idx': 0, 'oov_idx': 1004793, 'vocab_size': 1004794}",
    "C17": "{'source': '', 'type': 'categorical', 'padding_idx': 0, 'oov_idx': 11, 'vocab_size': 12}",
    "C18": "{'source': '', 'type': 'categorical', 'padding_idx': 0, 'oov_idx': 5230, 'vocab_size': 5231}",
    "C19": "{'source': '', 'type': 'categorical', 'padding_idx': 0, 'oov_idx': 2144, 'vocab_size': 2145}",
    "C2": "{'source': '', 'type': 'categorical', 'padding_idx': 0, 'oov_idx': 563, 'vocab_size': 564}",
    "C20": "{'source': '', 'type': 'categorical', 'padding_idx': 0, 'oov_idx': 4, 'vocab_size': 5}",
    "C21": "{'source': '', 'type': 'categorical', 'padding_idx': 0, 'oov_idx': 1162912, 'vocab_size': 1162913}",
    "C22": "{'source': '', 'type': 'categorical', 'padding_idx': 0, 'oov_idx': 18, 'vocab_size': 19}",
    "C23": "{'source': '', 'type': 'categorical', 'padding_idx': 0, 'oov_idx': 16, 'vocab_size': 17}",
    "C24": "{'source': '', 'type': 'categorical', 'padding_idx': 0, 'oov_idx': 141672, 'vocab_size': 141673}",
    "C25": "{'source': '', 'type': 'categorical', 'padding_idx': 0, 'oov_idx': 101, 'vocab_size': 102}",
    "C26": "{'source': '', 'type': 'categorical', 'padding_idx': 0, 'oov_idx': 92085, 'vocab_size': 92086}",
    "C3": "{'source': '', 'type': 'categorical', 'padding_idx': 0, 'oov_idx': 1244768, 'vocab_size': 1244769}",
    "C4": "{'source': '', 'type': 'categorical', 'padding_idx': 0, 'oov_idx': 562022, 'vocab_size': 562023}",
    "C5": "{'source': '', 'type': 'categorical', 'padding_idx': 0, 'oov_idx': 306, 'vocab_size': 307}",
    "C6": "{'source': '', 'type': 'categorical', 'padding_idx': 0, 'oov_idx': 22, 'vocab_size': 23}",
    "C7": "{'source': '', 'type': 'categorical', 'padding_idx': 0, 'oov_idx': 12368, 'vocab_size': 12369}",
    "C8": "{'source': '', 'type': 'categorical', 'padding_idx': 0, 'oov_idx': 634, 'vocab_size': 635}",
    "C9": "{'source': '', 'type': 'categorical', 'padding_idx': 0, 'oov_idx': 4, 'vocab_size': 5}",
    "I1": "{'source': '', 'type': 'categorical', 'padding_idx': 0, 'oov_idx': 53, 'vocab_size': 54}",
    "I10": "{'source': '', 'type': 'categorical', 'padding_idx': 0, 'oov_idx': 6, 'vocab_size': 7}",
    "I11": "{'source': '', 'type': 'categorical', 'padding_idx': 0, 'oov_idx': 26, 'vocab_size': 27}",
    "I12": "{'source': '', 'type': 'categorical', 'padding_idx': 0, 'oov_idx': 47, 'vocab_size': 48}",
    "I13": "{'source': '', 'type': 'categorical', 'padding_idx': 0, 'oov_idx': 76, 'vocab_size': 77}",
    "I2": "{'source': '', 'type': 'categorical', 'padding_idx': 0, 'oov_idx': 104, 'vocab_size': 105}",
    "I3": "{'source': '', 'type': 'categorical', 'padding_idx': 0, 'oov_idx': 123, 'vocab_size': 124}",
    "I4": "{'source': '', 'type': 'categorical', 'padding_idx': 0, 'oov_idx': 45, 'vocab_size': 46}",
    "I5": "{'source': '', 'type': 'categorical', 'padding_idx': 0, 'oov_idx': 220, 'vocab_size': 221}",
    "I6": "{'source': '', 'type': 'categorical', 'padding_idx': 0, 'oov_idx': 133, 'vocab_size': 134}",
    "I7": "{'source': '', 'type': 'categorical', 'padding_idx': 0, 'oov_idx': 90, 'vocab_size': 91}",
    "I8": "{'source': '', 'type': 'categorical', 'padding_idx': 0, 'oov_idx': 76, 'vocab_size': 77}",
    "I9": "{'source': '', 'type': 'categorical', 'padding_idx': 0, 'oov_idx': 96, 'vocab_size': 97}"
}
2023-09-10 04:17:06,313 P3176333 INFO Total number of parameters: 140111446.
2023-09-10 04:17:06,313 P3176333 INFO Loading data...
2023-09-10 04:17:06,313 P3176333 INFO Loading data from h5: ../../../data/Criteo_x4_h5/train.h5
2023-09-10 04:17:27,255 P3176333 INFO Train samples: total/36672493, blocks/1
2023-09-10 04:17:27,255 P3176333 INFO Loading data from h5: ../../../data/Criteo_x4_h5/valid.h5
2023-09-10 04:17:29,823 P3176333 INFO Validation samples: total/4584062, blocks/1
2023-09-10 04:17:29,824 P3176333 INFO Loading train and validation data done.
2023-09-10 04:17:29,824 P3176333 INFO Start training: 3668 batches/epoch
2023-09-10 04:17:29,824 P3176333 INFO ************ Epoch=1 start ************
2023-09-10 04:26:57,448 P3176333 INFO Train loss: 2.974976
2023-09-10 04:26:57,449 P3176333 INFO Evaluation @epoch 1 - batch 3668: 
2023-09-10 04:27:18,729 P3176333 INFO ===
2023-09-10 04:27:18,730 P3176333 INFO [Metrics] AUC: 0.802497 - logloss: 0.448515
2023-09-10 04:27:18,733 P3176333 INFO Save best model: monitor(max)=0.353982
2023-09-10 04:27:19,717 P3176333 INFO ************ Epoch=1 end ************
2023-09-10 04:36:47,060 P3176333 INFO Train loss: 2.950818
2023-09-10 04:36:47,060 P3176333 INFO Evaluation @epoch 2 - batch 3668: 
2023-09-10 04:37:08,640 P3176333 INFO ===
2023-09-10 04:37:08,641 P3176333 INFO [Metrics] AUC: 0.805792 - logloss: 0.445702
2023-09-10 04:37:08,644 P3176333 INFO Save best model: monitor(max)=0.360091
2023-09-10 04:37:09,976 P3176333 INFO ************ Epoch=2 end ************
2023-09-10 04:46:39,403 P3176333 INFO Train loss: 2.948522
2023-09-10 04:46:39,403 P3176333 INFO Evaluation @epoch 3 - batch 3668: 
2023-09-10 04:47:00,801 P3176333 INFO ===
2023-09-10 04:47:00,802 P3176333 INFO [Metrics] AUC: 0.807341 - logloss: 0.443942
2023-09-10 04:47:00,806 P3176333 INFO Save best model: monitor(max)=0.363398
2023-09-10 04:47:02,137 P3176333 INFO ************ Epoch=3 end ************
2023-09-10 04:56:29,888 P3176333 INFO Train loss: 2.947210
2023-09-10 04:56:29,889 P3176333 INFO Evaluation @epoch 4 - batch 3668: 
2023-09-10 04:56:51,400 P3176333 INFO ===
2023-09-10 04:56:51,400 P3176333 INFO [Metrics] AUC: 0.807934 - logloss: 0.443391
2023-09-10 04:56:51,403 P3176333 INFO Save best model: monitor(max)=0.364543
2023-09-10 04:56:52,740 P3176333 INFO ************ Epoch=4 end ************
2023-09-10 05:06:22,757 P3176333 INFO Train loss: 2.946416
2023-09-10 05:06:22,757 P3176333 INFO Evaluation @epoch 5 - batch 3668: 
2023-09-10 05:06:44,473 P3176333 INFO ===
2023-09-10 05:06:44,474 P3176333 INFO [Metrics] AUC: 0.808580 - logloss: 0.442779
2023-09-10 05:06:44,478 P3176333 INFO Save best model: monitor(max)=0.365800
2023-09-10 05:06:45,865 P3176333 INFO ************ Epoch=5 end ************
2023-09-10 05:16:15,796 P3176333 INFO Train loss: 2.945910
2023-09-10 05:16:15,796 P3176333 INFO Evaluation @epoch 6 - batch 3668: 
2023-09-10 05:16:37,427 P3176333 INFO ===
2023-09-10 05:16:37,427 P3176333 INFO [Metrics] AUC: 0.809014 - logloss: 0.442486
2023-09-10 05:16:37,430 P3176333 INFO Save best model: monitor(max)=0.366527
2023-09-10 05:16:38,807 P3176333 INFO ************ Epoch=6 end ************
2023-09-10 05:26:07,182 P3176333 INFO Train loss: 2.945562
2023-09-10 05:26:07,182 P3176333 INFO Evaluation @epoch 7 - batch 3668: 
2023-09-10 05:26:28,798 P3176333 INFO ===
2023-09-10 05:26:28,798 P3176333 INFO [Metrics] AUC: 0.809300 - logloss: 0.442117
2023-09-10 05:26:28,802 P3176333 INFO Save best model: monitor(max)=0.367182
2023-09-10 05:26:30,180 P3176333 INFO ************ Epoch=7 end ************
2023-09-10 05:35:58,008 P3176333 INFO Train loss: 2.945312
2023-09-10 05:35:58,008 P3176333 INFO Evaluation @epoch 8 - batch 3668: 
2023-09-10 05:36:19,692 P3176333 INFO ===
2023-09-10 05:36:19,692 P3176333 INFO [Metrics] AUC: 0.809307 - logloss: 0.442252
2023-09-10 05:36:19,696 P3176333 INFO Monitor(max)=0.367055 STOP!
2023-09-10 05:36:19,696 P3176333 INFO Reduce learning rate on plateau: 0.000050
2023-09-10 05:36:19,773 P3176333 INFO ************ Epoch=8 end ************
2023-09-10 05:45:45,308 P3176333 INFO Train loss: 2.928858
2023-09-10 05:45:45,309 P3176333 INFO Evaluation @epoch 9 - batch 3668: 
2023-09-10 05:46:07,152 P3176333 INFO ===
2023-09-10 05:46:07,153 P3176333 INFO [Metrics] AUC: 0.813324 - logloss: 0.438464
2023-09-10 05:46:07,157 P3176333 INFO Save best model: monitor(max)=0.374860
2023-09-10 05:46:08,571 P3176333 INFO ************ Epoch=9 end ************
2023-09-10 05:55:34,947 P3176333 INFO Train loss: 2.923822
2023-09-10 05:55:34,948 P3176333 INFO Evaluation @epoch 10 - batch 3668: 
2023-09-10 05:55:56,774 P3176333 INFO ===
2023-09-10 05:55:56,774 P3176333 INFO [Metrics] AUC: 0.813920 - logloss: 0.438009
2023-09-10 05:55:56,779 P3176333 INFO Save best model: monitor(max)=0.375910
2023-09-10 05:55:58,146 P3176333 INFO ************ Epoch=10 end ************
2023-09-10 06:05:25,846 P3176333 INFO Train loss: 2.921724
2023-09-10 06:05:25,846 P3176333 INFO Evaluation @epoch 11 - batch 3668: 
2023-09-10 06:05:47,865 P3176333 INFO ===
2023-09-10 06:05:47,866 P3176333 INFO [Metrics] AUC: 0.814118 - logloss: 0.437887
2023-09-10 06:05:47,870 P3176333 INFO Save best model: monitor(max)=0.376230
2023-09-10 06:05:49,260 P3176333 INFO ************ Epoch=11 end ************
2023-09-10 06:15:16,367 P3176333 INFO Train loss: 2.920003
2023-09-10 06:15:16,367 P3176333 INFO Evaluation @epoch 12 - batch 3668: 
2023-09-10 06:15:37,924 P3176333 INFO ===
2023-09-10 06:15:37,924 P3176333 INFO [Metrics] AUC: 0.814045 - logloss: 0.438029
2023-09-10 06:15:37,928 P3176333 INFO Monitor(max)=0.376016 STOP!
2023-09-10 06:15:37,928 P3176333 INFO Reduce learning rate on plateau: 0.000005
2023-09-10 06:15:38,020 P3176333 INFO ************ Epoch=12 end ************
2023-09-10 06:25:04,430 P3176333 INFO Train loss: 2.913195
2023-09-10 06:25:04,431 P3176333 INFO Evaluation @epoch 13 - batch 3668: 
2023-09-10 06:25:25,968 P3176333 INFO ===
2023-09-10 06:25:25,968 P3176333 INFO [Metrics] AUC: 0.813340 - logloss: 0.439172
2023-09-10 06:25:25,972 P3176333 INFO Monitor(max)=0.374168 STOP!
2023-09-10 06:25:25,972 P3176333 INFO Reduce learning rate on plateau: 0.000001
2023-09-10 06:25:25,972 P3176333 INFO ********* Epoch==13 early stop *********
2023-09-10 06:25:26,068 P3176333 INFO Training finished.
2023-09-10 06:25:26,069 P3176333 INFO Load best model: /mnt/data00/lhh/code/model_zoo/CEMLP/CEMLP_torch/checkpoints/Criteo_x4_h5/CEMLPv13_Criteo_216_34bc62d0.model
2023-09-10 06:25:26,365 P3176333 INFO ****** Validation evaluation ******
2023-09-10 06:25:47,369 P3176333 INFO ===
2023-09-10 06:25:47,370 P3176333 INFO [Metrics] logloss: 0.437887 - AUC: 0.814118
2023-09-10 06:25:47,454 P3176333 INFO ******** Test evaluation ********
2023-09-10 06:25:47,454 P3176333 INFO Loading data...
2023-09-10 06:25:47,454 P3176333 INFO Loading data from h5: ../../../data/Criteo_x4_h5/test.h5
2023-09-10 06:25:51,508 P3176333 INFO Test samples: total/4584062, blocks/1
2023-09-10 06:25:51,508 P3176333 INFO Loading test data done.
2023-09-10 06:26:12,628 P3176333 INFO ===
2023-09-10 06:26:12,628 P3176333 INFO [Metrics] logloss: 0.437462 - AUC: 0.814621
