2023-10-17 13:40:24,940 P305912 INFO Params: {
    "V_net_dropout": "0.2",
    "W_net_dropout": "0.2",
    "alpha": "0.3",
    "batch_norm": "False",
    "batch_size": "10000",
    "beta": "0.4",
    "cl_temperature": "0.5",
    "data_format": "h5",
    "data_root": "../../../data/",
    "dataset_id": "Criteo_x4_h5",
    "debug_mode": "False",
    "delta": "0.3",
    "early_stop_patience": "2",
    "embedding_dim": "20",
    "embedding_regularizer": "0.0001",
    "epochs": "100",
    "eps": "1e-05",
    "eval_steps": "None",
    "feature_cols": "[{'active': True, 'dtype': 'float', 'fill_na': 0, 'name': ['I1', 'I2', 'I3', 'I4', 'I5', 'I6', 'I7', 'I8', 'I9', 'I10', 'I11', 'I12', 'I13'], 'preprocess': 'convert_to_bucket', 'type': 'categorical'}, {'active': True, 'dtype': 'str', 'fill_na': '', 'name': ['C1', 'C2', 'C3', 'C4', 'C5', 'C6', 'C7', 'C8', 'C9', 'C10', 'C11', 'C12', 'C13', 'C14', 'C15', 'C16', 'C17', 'C18', 'C19', 'C20', 'C21', 'C22', 'C23', 'C24', 'C25', 'C26'], 'type': 'categorical'}]",
    "feature_config": "None",
    "feature_specs": "None",
    "fi_hidden_units": "[1024, 512, 256]",
    "gpu": "1",
    "group_id": "None",
    "hidden_activations": "['mish', 'leaky_relu', 'prelu']",
    "label_col": "{'dtype': 'float', 'name': 'Label'}",
    "learning_rate": "0.0005",
    "loss": "binary_crossentropy",
    "metrics": "['logloss', 'AUC']",
    "min_categr_count": "2",
    "model": "CETN",
    "model_id": "CETN_Criteo_152_96777e35",
    "model_root": "./checkpoints/",
    "monitor": "{'AUC': 1, 'logloss': -1}",
    "monitor_mode": "max",
    "net_regularizer": "0",
    "num_workers": "3",
    "optimizer": "adam",
    "perturbed": "False",
    "pickle_feature_encoder": "True",
    "save_best_only": "True",
    "seed": "2023",
    "shuffle": "True",
    "task": "binary_classification",
    "test_data": "../../../data/Criteo_x4_h5/test.h5",
    "through": "True",
    "train_data": "../../../data/Criteo_x4_h5/train.h5",
    "use_features": "None",
    "valid_data": "../../../data/Criteo_x4_h5/valid.h5",
    "verbose": "1",
    "w_hidden_units": "[512, 512]"
}
2023-10-17 13:40:24,941 P305912 INFO Load feature_map from json: ../../../data/Criteo_x4_h5/feature_map.json
2023-10-17 13:40:24,941 P305912 INFO Set column index...
2023-10-17 13:40:24,941 P305912 INFO Feature specs: {
    "C1": "{'source': '', 'type': 'categorical', 'padding_idx': 0, 'oov_idx': 1461, 'vocab_size': 1462}",
    "C10": "{'source': '', 'type': 'categorical', 'padding_idx': 0, 'oov_idx': 70514, 'vocab_size': 70515}",
    "C11": "{'source': '', 'type': 'categorical', 'padding_idx': 0, 'oov_idx': 5517, 'vocab_size': 5518}",
    "C12": "{'source': '', 'type': 'categorical', 'padding_idx': 0, 'oov_idx': 1224132, 'vocab_size': 1224133}",
    "C13": "{'source': '', 'type': 'categorical', 'padding_idx': 0, 'oov_idx': 3193, 'vocab_size': 3194}",
    "C14": "{'source': '', 'type': 'categorical', 'padding_idx': 0, 'oov_idx': 28, 'vocab_size': 29}",
    "C15": "{'source': '', 'type': 'categorical', 'padding_idx': 0, 'oov_idx': 13600, 'vocab_size': 13601}",
    "C16": "{'source': '', 'type': 'categorical', 'padding_idx': 0, 'oov_idx': 1004793, 'vocab_size': 1004794}",
    "C17": "{'source': '', 'type': 'categorical', 'padding_idx': 0, 'oov_idx': 11, 'vocab_size': 12}",
    "C18": "{'source': '', 'type': 'categorical', 'padding_idx': 0, 'oov_idx': 5230, 'vocab_size': 5231}",
    "C19": "{'source': '', 'type': 'categorical', 'padding_idx': 0, 'oov_idx': 2144, 'vocab_size': 2145}",
    "C2": "{'source': '', 'type': 'categorical', 'padding_idx': 0, 'oov_idx': 563, 'vocab_size': 564}",
    "C20": "{'source': '', 'type': 'categorical', 'padding_idx': 0, 'oov_idx': 4, 'vocab_size': 5}",
    "C21": "{'source': '', 'type': 'categorical', 'padding_idx': 0, 'oov_idx': 1162912, 'vocab_size': 1162913}",
    "C22": "{'source': '', 'type': 'categorical', 'padding_idx': 0, 'oov_idx': 18, 'vocab_size': 19}",
    "C23": "{'source': '', 'type': 'categorical', 'padding_idx': 0, 'oov_idx': 16, 'vocab_size': 17}",
    "C24": "{'source': '', 'type': 'categorical', 'padding_idx': 0, 'oov_idx': 141672, 'vocab_size': 141673}",
    "C25": "{'source': '', 'type': 'categorical', 'padding_idx': 0, 'oov_idx': 101, 'vocab_size': 102}",
    "C26": "{'source': '', 'type': 'categorical', 'padding_idx': 0, 'oov_idx': 92085, 'vocab_size': 92086}",
    "C3": "{'source': '', 'type': 'categorical', 'padding_idx': 0, 'oov_idx': 1244768, 'vocab_size': 1244769}",
    "C4": "{'source': '', 'type': 'categorical', 'padding_idx': 0, 'oov_idx': 562022, 'vocab_size': 562023}",
    "C5": "{'source': '', 'type': 'categorical', 'padding_idx': 0, 'oov_idx': 306, 'vocab_size': 307}",
    "C6": "{'source': '', 'type': 'categorical', 'padding_idx': 0, 'oov_idx': 22, 'vocab_size': 23}",
    "C7": "{'source': '', 'type': 'categorical', 'padding_idx': 0, 'oov_idx': 12368, 'vocab_size': 12369}",
    "C8": "{'source': '', 'type': 'categorical', 'padding_idx': 0, 'oov_idx': 634, 'vocab_size': 635}",
    "C9": "{'source': '', 'type': 'categorical', 'padding_idx': 0, 'oov_idx': 4, 'vocab_size': 5}",
    "I1": "{'source': '', 'type': 'categorical', 'padding_idx': 0, 'oov_idx': 53, 'vocab_size': 54}",
    "I10": "{'source': '', 'type': 'categorical', 'padding_idx': 0, 'oov_idx': 6, 'vocab_size': 7}",
    "I11": "{'source': '', 'type': 'categorical', 'padding_idx': 0, 'oov_idx': 26, 'vocab_size': 27}",
    "I12": "{'source': '', 'type': 'categorical', 'padding_idx': 0, 'oov_idx': 47, 'vocab_size': 48}",
    "I13": "{'source': '', 'type': 'categorical', 'padding_idx': 0, 'oov_idx': 76, 'vocab_size': 77}",
    "I2": "{'source': '', 'type': 'categorical', 'padding_idx': 0, 'oov_idx': 104, 'vocab_size': 105}",
    "I3": "{'source': '', 'type': 'categorical', 'padding_idx': 0, 'oov_idx': 123, 'vocab_size': 124}",
    "I4": "{'source': '', 'type': 'categorical', 'padding_idx': 0, 'oov_idx': 45, 'vocab_size': 46}",
    "I5": "{'source': '', 'type': 'categorical', 'padding_idx': 0, 'oov_idx': 220, 'vocab_size': 221}",
    "I6": "{'source': '', 'type': 'categorical', 'padding_idx': 0, 'oov_idx': 133, 'vocab_size': 134}",
    "I7": "{'source': '', 'type': 'categorical', 'padding_idx': 0, 'oov_idx': 90, 'vocab_size': 91}",
    "I8": "{'source': '', 'type': 'categorical', 'padding_idx': 0, 'oov_idx': 76, 'vocab_size': 77}",
    "I9": "{'source': '', 'type': 'categorical', 'padding_idx': 0, 'oov_idx': 96, 'vocab_size': 97}"
}
2023-10-17 13:40:29,889 P305912 INFO Total number of parameters: 140107862.
2023-10-17 13:40:29,889 P305912 INFO Loading data...
2023-10-17 13:40:29,890 P305912 INFO Loading data from h5: ../../../data/Criteo_x4_h5/train.h5
2023-10-17 13:40:44,549 P305912 INFO Train samples: total/36672493, blocks/1
2023-10-17 13:40:44,549 P305912 INFO Loading data from h5: ../../../data/Criteo_x4_h5/valid.h5
2023-10-17 13:40:46,529 P305912 INFO Validation samples: total/4584062, blocks/1
2023-10-17 13:40:46,530 P305912 INFO Loading train and validation data done.
2023-10-17 13:40:46,530 P305912 INFO Start training: 3668 batches/epoch
2023-10-17 13:40:46,530 P305912 INFO ************ Epoch=1 start ************
2023-10-17 13:45:53,118 P305912 INFO Train loss: 2.599016
2023-10-17 13:45:53,119 P305912 INFO Evaluation @epoch 1 - batch 3668: 
2023-10-17 13:46:07,638 P305912 INFO ===
2023-10-17 13:46:07,638 P305912 INFO [Metrics] AUC: 0.804708 - logloss: 0.447059
2023-10-17 13:46:07,649 P305912 INFO Save best model: monitor(max)=0.357650
2023-10-17 13:46:08,702 P305912 INFO ************ Epoch=1 end ************
2023-10-17 13:51:15,558 P305912 INFO Train loss: 2.588678
2023-10-17 13:51:15,558 P305912 INFO Evaluation @epoch 2 - batch 3668: 
2023-10-17 13:51:30,294 P305912 INFO ===
2023-10-17 13:51:30,294 P305912 INFO [Metrics] AUC: 0.806923 - logloss: 0.445621
2023-10-17 13:51:30,301 P305912 INFO Save best model: monitor(max)=0.361302
2023-10-17 13:51:31,590 P305912 INFO ************ Epoch=2 end ************
2023-10-17 13:56:38,339 P305912 INFO Train loss: 2.586523
2023-10-17 13:56:38,339 P305912 INFO Evaluation @epoch 3 - batch 3668: 
2023-10-17 13:56:53,080 P305912 INFO ===
2023-10-17 13:56:53,080 P305912 INFO [Metrics] AUC: 0.808074 - logloss: 0.443347
2023-10-17 13:56:53,086 P305912 INFO Save best model: monitor(max)=0.364727
2023-10-17 13:56:54,252 P305912 INFO ************ Epoch=3 end ************
2023-10-17 14:02:01,334 P305912 INFO Train loss: 2.585500
2023-10-17 14:02:01,334 P305912 INFO Evaluation @epoch 4 - batch 3668: 
2023-10-17 14:02:15,966 P305912 INFO ===
2023-10-17 14:02:15,966 P305912 INFO [Metrics] AUC: 0.808500 - logloss: 0.442934
2023-10-17 14:02:15,972 P305912 INFO Save best model: monitor(max)=0.365565
2023-10-17 14:02:17,127 P305912 INFO ************ Epoch=4 end ************
2023-10-17 14:07:24,440 P305912 INFO Train loss: 2.584871
2023-10-17 14:07:24,440 P305912 INFO Evaluation @epoch 5 - batch 3668: 
2023-10-17 14:07:39,161 P305912 INFO ===
2023-10-17 14:07:39,161 P305912 INFO [Metrics] AUC: 0.808967 - logloss: 0.442469
2023-10-17 14:07:39,168 P305912 INFO Save best model: monitor(max)=0.366498
2023-10-17 14:07:40,562 P305912 INFO ************ Epoch=5 end ************
2023-10-17 14:12:47,262 P305912 INFO Train loss: 2.584441
2023-10-17 14:12:47,262 P305912 INFO Evaluation @epoch 6 - batch 3668: 
2023-10-17 14:13:02,066 P305912 INFO ===
2023-10-17 14:13:02,066 P305912 INFO [Metrics] AUC: 0.809367 - logloss: 0.442108
2023-10-17 14:13:02,072 P305912 INFO Save best model: monitor(max)=0.367259
2023-10-17 14:13:03,411 P305912 INFO ************ Epoch=6 end ************
2023-10-17 14:18:10,604 P305912 INFO Train loss: 2.584112
2023-10-17 14:18:10,605 P305912 INFO Evaluation @epoch 7 - batch 3668: 
2023-10-17 14:18:25,311 P305912 INFO ===
2023-10-17 14:18:25,312 P305912 INFO [Metrics] AUC: 0.809613 - logloss: 0.441909
2023-10-17 14:18:25,318 P305912 INFO Save best model: monitor(max)=0.367704
2023-10-17 14:18:26,460 P305912 INFO ************ Epoch=7 end ************
2023-10-17 14:23:33,400 P305912 INFO Train loss: 2.583780
2023-10-17 14:23:33,401 P305912 INFO Evaluation @epoch 8 - batch 3668: 
2023-10-17 14:23:47,951 P305912 INFO ===
2023-10-17 14:23:47,951 P305912 INFO [Metrics] AUC: 0.809605 - logloss: 0.441907
2023-10-17 14:23:47,957 P305912 INFO Monitor(max)=0.367698 STOP!
2023-10-17 14:23:47,958 P305912 INFO Reduce learning rate on plateau: 0.000050
2023-10-17 14:23:48,401 P305912 INFO ************ Epoch=8 end ************
2023-10-17 14:28:55,443 P305912 INFO Train loss: 2.566091
2023-10-17 14:28:55,444 P305912 INFO Evaluation @epoch 9 - batch 3668: 
2023-10-17 14:29:10,109 P305912 INFO ===
2023-10-17 14:29:10,109 P305912 INFO [Metrics] AUC: 0.813618 - logloss: 0.438241
2023-10-17 14:29:10,119 P305912 INFO Save best model: monitor(max)=0.375378
2023-10-17 14:29:11,457 P305912 INFO ************ Epoch=9 end ************
2023-10-17 14:34:18,774 P305912 INFO Train loss: 2.560575
2023-10-17 14:34:18,775 P305912 INFO Evaluation @epoch 10 - batch 3668: 
2023-10-17 14:34:33,525 P305912 INFO ===
2023-10-17 14:34:33,525 P305912 INFO [Metrics] AUC: 0.814162 - logloss: 0.437790
2023-10-17 14:34:33,531 P305912 INFO Save best model: monitor(max)=0.376372
2023-10-17 14:34:34,850 P305912 INFO ************ Epoch=10 end ************
2023-10-17 14:39:41,442 P305912 INFO Train loss: 2.557960
2023-10-17 14:39:41,442 P305912 INFO Evaluation @epoch 11 - batch 3668: 
2023-10-17 14:39:56,336 P305912 INFO ===
2023-10-17 14:39:56,336 P305912 INFO [Metrics] AUC: 0.814022 - logloss: 0.438231
2023-10-17 14:39:56,342 P305912 INFO Monitor(max)=0.375791 STOP!
2023-10-17 14:39:56,343 P305912 INFO Reduce learning rate on plateau: 0.000005
2023-10-17 14:39:56,642 P305912 INFO ************ Epoch=11 end ************
2023-10-17 14:49:11,335 P305912 INFO Train loss: 2.549226
2023-10-17 14:49:11,335 P305912 INFO Evaluation @epoch 12 - batch 3668: 
2023-10-17 14:49:31,655 P305912 INFO ===
2023-10-17 14:49:31,655 P305912 INFO [Metrics] AUC: 0.812080 - logloss: 0.440884
2023-10-17 14:49:31,663 P305912 INFO Monitor(max)=0.371196 STOP!
2023-10-17 14:49:31,663 P305912 INFO Reduce learning rate on plateau: 0.000001
2023-10-17 14:49:31,663 P305912 INFO ********* Epoch==12 early stop *********
2023-10-17 14:49:32,119 P305912 INFO Training finished.
2023-10-17 14:49:32,119 P305912 INFO Load best model: /root/autodl-tmp/model_zoo/CETN/CETN_torch/checkpoints/Criteo_x4_h5/CETN_Criteo_152_96777e35.model
2023-10-17 14:49:32,488 P305912 INFO ****** Validation evaluation ******
2023-10-17 14:49:52,632 P305912 INFO ===
2023-10-17 14:49:52,632 P305912 INFO [Metrics] logloss: 0.437790 - AUC: 0.814162
2023-10-17 14:49:53,170 P305912 INFO ******** Test evaluation ********
2023-10-17 14:49:53,170 P305912 INFO Loading data...
2023-10-17 14:49:53,170 P305912 INFO Loading data from h5: ../../../data/Criteo_x4_h5/test.h5
2023-10-17 14:49:55,027 P305912 INFO Test samples: total/4584062, blocks/1
2023-10-17 14:49:55,027 P305912 INFO Loading test data done.
2023-10-17 14:50:14,734 P305912 INFO ===
2023-10-17 14:50:14,734 P305912 INFO [Metrics] logloss: 0.437371 - AUC: 0.814622
