2023-10-17 08:11:50,140 P681905 INFO Params: {
    "V_net_dropout": "0.2",
    "W_net_dropout": "0.2",
    "alpha": "0.3",
    "batch_norm": "False",
    "batch_size": "10000",
    "beta": "0.2",
    "cl_temperature": "0.6",
    "data_format": "h5",
    "data_root": "../../../data/",
    "dataset_id": "Criteo_x4_h5",
    "debug_mode": "False",
    "delta": "0.3",
    "early_stop_patience": "2",
    "embedding_dim": "20",
    "embedding_regularizer": "0.0001",
    "epochs": "100",
    "eps": "1e-05",
    "eval_steps": "None",
    "feature_cols": "[{'active': True, 'dtype': 'float', 'fill_na': 0, 'name': ['I1', 'I2', 'I3', 'I4', 'I5', 'I6', 'I7', 'I8', 'I9', 'I10', 'I11', 'I12', 'I13'], 'preprocess': 'convert_to_bucket', 'type': 'categorical'}, {'active': True, 'dtype': 'str', 'fill_na': '', 'name': ['C1', 'C2', 'C3', 'C4', 'C5', 'C6', 'C7', 'C8', 'C9', 'C10', 'C11', 'C12', 'C13', 'C14', 'C15', 'C16', 'C17', 'C18', 'C19', 'C20', 'C21', 'C22', 'C23', 'C24', 'C25', 'C26'], 'type': 'categorical'}]",
    "feature_config": "None",
    "feature_specs": "None",
    "fi_hidden_units": "[1024, 512, 256]",
    "gpu": "7",
    "group_id": "None",
    "hidden_activations": "['mish', 'leaky_relu', 'prelu']",
    "label_col": "{'dtype': 'float', 'name': 'Label'}",
    "learning_rate": "0.0005",
    "loss": "binary_crossentropy",
    "metrics": "['logloss', 'AUC']",
    "min_categr_count": "2",
    "model": "CETN",
    "model_id": "CETN_Criteo_113_5e9efbe6",
    "model_root": "./checkpoints/",
    "monitor": "{'AUC': 1, 'logloss': -1}",
    "monitor_mode": "max",
    "net_regularizer": "0",
    "num_workers": "3",
    "optimizer": "adam",
    "perturbed": "False",
    "pickle_feature_encoder": "True",
    "save_best_only": "True",
    "seed": "2023",
    "shuffle": "True",
    "task": "binary_classification",
    "test_data": "../../../data/Criteo_x4_h5/test.h5",
    "through": "True",
    "train_data": "../../../data/Criteo_x4_h5/train.h5",
    "use_features": "None",
    "valid_data": "../../../data/Criteo_x4_h5/valid.h5",
    "verbose": "1",
    "w_hidden_units": "[512, 512]"
}
2023-10-17 08:11:50,140 P681905 INFO Load feature_map from json: ../../../data/Criteo_x4_h5/feature_map.json
2023-10-17 08:11:50,140 P681905 INFO Set column index...
2023-10-17 08:11:50,141 P681905 INFO Feature specs: {
    "C1": "{'source': '', 'type': 'categorical', 'padding_idx': 0, 'oov_idx': 1461, 'vocab_size': 1462}",
    "C10": "{'source': '', 'type': 'categorical', 'padding_idx': 0, 'oov_idx': 70514, 'vocab_size': 70515}",
    "C11": "{'source': '', 'type': 'categorical', 'padding_idx': 0, 'oov_idx': 5517, 'vocab_size': 5518}",
    "C12": "{'source': '', 'type': 'categorical', 'padding_idx': 0, 'oov_idx': 1224132, 'vocab_size': 1224133}",
    "C13": "{'source': '', 'type': 'categorical', 'padding_idx': 0, 'oov_idx': 3193, 'vocab_size': 3194}",
    "C14": "{'source': '', 'type': 'categorical', 'padding_idx': 0, 'oov_idx': 28, 'vocab_size': 29}",
    "C15": "{'source': '', 'type': 'categorical', 'padding_idx': 0, 'oov_idx': 13600, 'vocab_size': 13601}",
    "C16": "{'source': '', 'type': 'categorical', 'padding_idx': 0, 'oov_idx': 1004793, 'vocab_size': 1004794}",
    "C17": "{'source': '', 'type': 'categorical', 'padding_idx': 0, 'oov_idx': 11, 'vocab_size': 12}",
    "C18": "{'source': '', 'type': 'categorical', 'padding_idx': 0, 'oov_idx': 5230, 'vocab_size': 5231}",
    "C19": "{'source': '', 'type': 'categorical', 'padding_idx': 0, 'oov_idx': 2144, 'vocab_size': 2145}",
    "C2": "{'source': '', 'type': 'categorical', 'padding_idx': 0, 'oov_idx': 563, 'vocab_size': 564}",
    "C20": "{'source': '', 'type': 'categorical', 'padding_idx': 0, 'oov_idx': 4, 'vocab_size': 5}",
    "C21": "{'source': '', 'type': 'categorical', 'padding_idx': 0, 'oov_idx': 1162912, 'vocab_size': 1162913}",
    "C22": "{'source': '', 'type': 'categorical', 'padding_idx': 0, 'oov_idx': 18, 'vocab_size': 19}",
    "C23": "{'source': '', 'type': 'categorical', 'padding_idx': 0, 'oov_idx': 16, 'vocab_size': 17}",
    "C24": "{'source': '', 'type': 'categorical', 'padding_idx': 0, 'oov_idx': 141672, 'vocab_size': 141673}",
    "C25": "{'source': '', 'type': 'categorical', 'padding_idx': 0, 'oov_idx': 101, 'vocab_size': 102}",
    "C26": "{'source': '', 'type': 'categorical', 'padding_idx': 0, 'oov_idx': 92085, 'vocab_size': 92086}",
    "C3": "{'source': '', 'type': 'categorical', 'padding_idx': 0, 'oov_idx': 1244768, 'vocab_size': 1244769}",
    "C4": "{'source': '', 'type': 'categorical', 'padding_idx': 0, 'oov_idx': 562022, 'vocab_size': 562023}",
    "C5": "{'source': '', 'type': 'categorical', 'padding_idx': 0, 'oov_idx': 306, 'vocab_size': 307}",
    "C6": "{'source': '', 'type': 'categorical', 'padding_idx': 0, 'oov_idx': 22, 'vocab_size': 23}",
    "C7": "{'source': '', 'type': 'categorical', 'padding_idx': 0, 'oov_idx': 12368, 'vocab_size': 12369}",
    "C8": "{'source': '', 'type': 'categorical', 'padding_idx': 0, 'oov_idx': 634, 'vocab_size': 635}",
    "C9": "{'source': '', 'type': 'categorical', 'padding_idx': 0, 'oov_idx': 4, 'vocab_size': 5}",
    "I1": "{'source': '', 'type': 'categorical', 'padding_idx': 0, 'oov_idx': 53, 'vocab_size': 54}",
    "I10": "{'source': '', 'type': 'categorical', 'padding_idx': 0, 'oov_idx': 6, 'vocab_size': 7}",
    "I11": "{'source': '', 'type': 'categorical', 'padding_idx': 0, 'oov_idx': 26, 'vocab_size': 27}",
    "I12": "{'source': '', 'type': 'categorical', 'padding_idx': 0, 'oov_idx': 47, 'vocab_size': 48}",
    "I13": "{'source': '', 'type': 'categorical', 'padding_idx': 0, 'oov_idx': 76, 'vocab_size': 77}",
    "I2": "{'source': '', 'type': 'categorical', 'padding_idx': 0, 'oov_idx': 104, 'vocab_size': 105}",
    "I3": "{'source': '', 'type': 'categorical', 'padding_idx': 0, 'oov_idx': 123, 'vocab_size': 124}",
    "I4": "{'source': '', 'type': 'categorical', 'padding_idx': 0, 'oov_idx': 45, 'vocab_size': 46}",
    "I5": "{'source': '', 'type': 'categorical', 'padding_idx': 0, 'oov_idx': 220, 'vocab_size': 221}",
    "I6": "{'source': '', 'type': 'categorical', 'padding_idx': 0, 'oov_idx': 133, 'vocab_size': 134}",
    "I7": "{'source': '', 'type': 'categorical', 'padding_idx': 0, 'oov_idx': 90, 'vocab_size': 91}",
    "I8": "{'source': '', 'type': 'categorical', 'padding_idx': 0, 'oov_idx': 76, 'vocab_size': 77}",
    "I9": "{'source': '', 'type': 'categorical', 'padding_idx': 0, 'oov_idx': 96, 'vocab_size': 97}"
}
2023-10-17 08:11:55,314 P681905 INFO Total number of parameters: 140107862.
2023-10-17 08:11:55,314 P681905 INFO Loading data...
2023-10-17 08:11:55,314 P681905 INFO Loading data from h5: ../../../data/Criteo_x4_h5/train.h5
2023-10-17 08:12:10,025 P681905 INFO Train samples: total/36672493, blocks/1
2023-10-17 08:12:10,026 P681905 INFO Loading data from h5: ../../../data/Criteo_x4_h5/valid.h5
2023-10-17 08:12:11,969 P681905 INFO Validation samples: total/4584062, blocks/1
2023-10-17 08:12:11,969 P681905 INFO Loading train and validation data done.
2023-10-17 08:12:11,969 P681905 INFO Start training: 3668 batches/epoch
2023-10-17 08:12:11,970 P681905 INFO ************ Epoch=1 start ************
2023-10-17 08:17:18,876 P681905 INFO Train loss: 2.668763
2023-10-17 08:17:18,876 P681905 INFO Evaluation @epoch 1 - batch 3668: 
2023-10-17 08:17:33,767 P681905 INFO ===
2023-10-17 08:17:33,768 P681905 INFO [Metrics] AUC: 0.803825 - logloss: 0.447915
2023-10-17 08:17:33,779 P681905 INFO Save best model: monitor(max)=0.355909
2023-10-17 08:17:34,924 P681905 INFO ************ Epoch=1 end ************
2023-10-17 08:22:41,582 P681905 INFO Train loss: 2.659734
2023-10-17 08:22:41,582 P681905 INFO Evaluation @epoch 2 - batch 3668: 
2023-10-17 08:22:56,725 P681905 INFO ===
2023-10-17 08:22:56,725 P681905 INFO [Metrics] AUC: 0.806660 - logloss: 0.445254
2023-10-17 08:22:56,732 P681905 INFO Save best model: monitor(max)=0.361406
2023-10-17 08:22:57,958 P681905 INFO ************ Epoch=2 end ************
2023-10-17 08:28:04,257 P681905 INFO Train loss: 2.657483
2023-10-17 08:28:04,258 P681905 INFO Evaluation @epoch 3 - batch 3668: 
2023-10-17 08:28:19,292 P681905 INFO ===
2023-10-17 08:28:19,292 P681905 INFO [Metrics] AUC: 0.807821 - logloss: 0.443529
2023-10-17 08:28:19,298 P681905 INFO Save best model: monitor(max)=0.364292
2023-10-17 08:28:20,646 P681905 INFO ************ Epoch=3 end ************
2023-10-17 08:33:27,464 P681905 INFO Train loss: 2.656259
2023-10-17 08:33:27,464 P681905 INFO Evaluation @epoch 4 - batch 3668: 
2023-10-17 08:33:42,562 P681905 INFO ===
2023-10-17 08:33:42,563 P681905 INFO [Metrics] AUC: 0.808328 - logloss: 0.443113
2023-10-17 08:33:42,569 P681905 INFO Save best model: monitor(max)=0.365215
2023-10-17 08:33:43,906 P681905 INFO ************ Epoch=4 end ************
2023-10-17 08:38:51,218 P681905 INFO Train loss: 2.655415
2023-10-17 08:38:51,218 P681905 INFO Evaluation @epoch 5 - batch 3668: 
2023-10-17 08:39:06,149 P681905 INFO ===
2023-10-17 08:39:06,149 P681905 INFO [Metrics] AUC: 0.808937 - logloss: 0.442484
2023-10-17 08:39:06,155 P681905 INFO Save best model: monitor(max)=0.366453
2023-10-17 08:39:07,443 P681905 INFO ************ Epoch=5 end ************
2023-10-17 08:44:14,643 P681905 INFO Train loss: 2.654861
2023-10-17 08:44:14,643 P681905 INFO Evaluation @epoch 6 - batch 3668: 
2023-10-17 08:44:29,710 P681905 INFO ===
2023-10-17 08:44:29,711 P681905 INFO [Metrics] AUC: 0.809322 - logloss: 0.442121
2023-10-17 08:44:29,717 P681905 INFO Save best model: monitor(max)=0.367202
2023-10-17 08:44:30,954 P681905 INFO ************ Epoch=6 end ************
2023-10-17 08:49:37,678 P681905 INFO Train loss: 2.654454
2023-10-17 08:49:37,678 P681905 INFO Evaluation @epoch 7 - batch 3668: 
2023-10-17 08:49:52,828 P681905 INFO ===
2023-10-17 08:49:52,828 P681905 INFO [Metrics] AUC: 0.809592 - logloss: 0.441930
2023-10-17 08:49:52,834 P681905 INFO Save best model: monitor(max)=0.367661
2023-10-17 08:49:54,069 P681905 INFO ************ Epoch=7 end ************
2023-10-17 08:55:00,283 P681905 INFO Train loss: 2.654132
2023-10-17 08:55:00,283 P681905 INFO Evaluation @epoch 8 - batch 3668: 
2023-10-17 08:55:15,281 P681905 INFO ===
2023-10-17 08:55:15,281 P681905 INFO [Metrics] AUC: 0.809572 - logloss: 0.441980
2023-10-17 08:55:15,288 P681905 INFO Monitor(max)=0.367592 STOP!
2023-10-17 08:55:15,288 P681905 INFO Reduce learning rate on plateau: 0.000050
2023-10-17 08:55:15,768 P681905 INFO ************ Epoch=8 end ************
2023-10-17 09:00:22,789 P681905 INFO Train loss: 2.636362
2023-10-17 09:00:22,789 P681905 INFO Evaluation @epoch 9 - batch 3668: 
2023-10-17 09:00:37,828 P681905 INFO ===
2023-10-17 09:00:37,828 P681905 INFO [Metrics] AUC: 0.813687 - logloss: 0.438148
2023-10-17 09:00:37,838 P681905 INFO Save best model: monitor(max)=0.375539
2023-10-17 09:00:39,226 P681905 INFO ************ Epoch=9 end ************
2023-10-17 09:05:45,772 P681905 INFO Train loss: 2.630752
2023-10-17 09:05:45,773 P681905 INFO Evaluation @epoch 10 - batch 3668: 
2023-10-17 09:06:00,731 P681905 INFO ===
2023-10-17 09:06:00,732 P681905 INFO [Metrics] AUC: 0.814212 - logloss: 0.437719
2023-10-17 09:06:00,738 P681905 INFO Save best model: monitor(max)=0.376493
2023-10-17 09:06:02,059 P681905 INFO ************ Epoch=10 end ************
2023-10-17 09:11:08,593 P681905 INFO Train loss: 2.628037
2023-10-17 09:11:08,593 P681905 INFO Evaluation @epoch 11 - batch 3668: 
2023-10-17 09:11:23,528 P681905 INFO ===
2023-10-17 09:11:23,528 P681905 INFO [Metrics] AUC: 0.814038 - logloss: 0.438131
2023-10-17 09:11:23,535 P681905 INFO Monitor(max)=0.375907 STOP!
2023-10-17 09:11:23,535 P681905 INFO Reduce learning rate on plateau: 0.000005
2023-10-17 09:11:24,038 P681905 INFO ************ Epoch=11 end ************
2023-10-17 09:16:30,216 P681905 INFO Train loss: 2.619278
2023-10-17 09:16:30,216 P681905 INFO Evaluation @epoch 12 - batch 3668: 
2023-10-17 09:16:45,165 P681905 INFO ===
2023-10-17 09:16:45,165 P681905 INFO [Metrics] AUC: 0.812592 - logloss: 0.440117
2023-10-17 09:16:45,173 P681905 INFO Monitor(max)=0.372475 STOP!
2023-10-17 09:16:45,173 P681905 INFO Reduce learning rate on plateau: 0.000001
2023-10-17 09:16:45,173 P681905 INFO ********* Epoch==12 early stop *********
2023-10-17 09:16:45,653 P681905 INFO Training finished.
2023-10-17 09:16:45,653 P681905 INFO Load best model: /root/autodl-tmp/model_zoo/CETN/CETN_torch/checkpoints/Criteo_x4_h5/CETN_Criteo_113_5e9efbe6.model
2023-10-17 09:16:45,926 P681905 INFO ****** Validation evaluation ******
2023-10-17 09:17:00,941 P681905 INFO ===
2023-10-17 09:17:00,941 P681905 INFO [Metrics] logloss: 0.437719 - AUC: 0.814212
2023-10-17 09:17:01,502 P681905 INFO ******** Test evaluation ********
2023-10-17 09:17:01,502 P681905 INFO Loading data...
2023-10-17 09:17:01,502 P681905 INFO Loading data from h5: ../../../data/Criteo_x4_h5/test.h5
2023-10-17 09:17:03,468 P681905 INFO Test samples: total/4584062, blocks/1
2023-10-17 09:17:03,468 P681905 INFO Loading test data done.
2023-10-17 09:17:18,006 P681905 INFO ===
2023-10-17 09:17:18,006 P681905 INFO [Metrics] logloss: 0.437292 - AUC: 0.814706
