2023-10-17 02:44:57,386 P62490 INFO Params: {
    "V_net_dropout": "0.2",
    "W_net_dropout": "0.2",
    "alpha": "0.2",
    "batch_norm": "False",
    "batch_size": "10000",
    "beta": "0.4",
    "cl_temperature": "0.4",
    "data_format": "h5",
    "data_root": "../../../data/",
    "dataset_id": "Criteo_x4_h5",
    "debug_mode": "False",
    "delta": "0.3",
    "early_stop_patience": "2",
    "embedding_dim": "20",
    "embedding_regularizer": "0.0001",
    "epochs": "100",
    "eps": "1e-05",
    "eval_steps": "None",
    "feature_cols": "[{'active': True, 'dtype': 'float', 'fill_na': 0, 'name': ['I1', 'I2', 'I3', 'I4', 'I5', 'I6', 'I7', 'I8', 'I9', 'I10', 'I11', 'I12', 'I13'], 'preprocess': 'convert_to_bucket', 'type': 'categorical'}, {'active': True, 'dtype': 'str', 'fill_na': '', 'name': ['C1', 'C2', 'C3', 'C4', 'C5', 'C6', 'C7', 'C8', 'C9', 'C10', 'C11', 'C12', 'C13', 'C14', 'C15', 'C16', 'C17', 'C18', 'C19', 'C20', 'C21', 'C22', 'C23', 'C24', 'C25', 'C26'], 'type': 'categorical'}]",
    "feature_config": "None",
    "feature_specs": "None",
    "fi_hidden_units": "[1024, 512, 256]",
    "gpu": "6",
    "group_id": "None",
    "hidden_activations": "['mish', 'leaky_relu', 'prelu']",
    "label_col": "{'dtype': 'float', 'name': 'Label'}",
    "learning_rate": "0.0005",
    "loss": "binary_crossentropy",
    "metrics": "['logloss', 'AUC']",
    "min_categr_count": "2",
    "model": "CETN",
    "model_id": "CETN_Criteo_071_c03a1f56",
    "model_root": "./checkpoints/",
    "monitor": "{'AUC': 1, 'logloss': -1}",
    "monitor_mode": "max",
    "net_regularizer": "0",
    "num_workers": "3",
    "optimizer": "adam",
    "perturbed": "False",
    "pickle_feature_encoder": "True",
    "save_best_only": "True",
    "seed": "2023",
    "shuffle": "True",
    "task": "binary_classification",
    "test_data": "../../../data/Criteo_x4_h5/test.h5",
    "through": "True",
    "train_data": "../../../data/Criteo_x4_h5/train.h5",
    "use_features": "None",
    "valid_data": "../../../data/Criteo_x4_h5/valid.h5",
    "verbose": "1",
    "w_hidden_units": "[512, 512]"
}
2023-10-17 02:44:57,386 P62490 INFO Load feature_map from json: ../../../data/Criteo_x4_h5/feature_map.json
2023-10-17 02:44:57,386 P62490 INFO Set column index...
2023-10-17 02:44:57,387 P62490 INFO Feature specs: {
    "C1": "{'source': '', 'type': 'categorical', 'padding_idx': 0, 'oov_idx': 1461, 'vocab_size': 1462}",
    "C10": "{'source': '', 'type': 'categorical', 'padding_idx': 0, 'oov_idx': 70514, 'vocab_size': 70515}",
    "C11": "{'source': '', 'type': 'categorical', 'padding_idx': 0, 'oov_idx': 5517, 'vocab_size': 5518}",
    "C12": "{'source': '', 'type': 'categorical', 'padding_idx': 0, 'oov_idx': 1224132, 'vocab_size': 1224133}",
    "C13": "{'source': '', 'type': 'categorical', 'padding_idx': 0, 'oov_idx': 3193, 'vocab_size': 3194}",
    "C14": "{'source': '', 'type': 'categorical', 'padding_idx': 0, 'oov_idx': 28, 'vocab_size': 29}",
    "C15": "{'source': '', 'type': 'categorical', 'padding_idx': 0, 'oov_idx': 13600, 'vocab_size': 13601}",
    "C16": "{'source': '', 'type': 'categorical', 'padding_idx': 0, 'oov_idx': 1004793, 'vocab_size': 1004794}",
    "C17": "{'source': '', 'type': 'categorical', 'padding_idx': 0, 'oov_idx': 11, 'vocab_size': 12}",
    "C18": "{'source': '', 'type': 'categorical', 'padding_idx': 0, 'oov_idx': 5230, 'vocab_size': 5231}",
    "C19": "{'source': '', 'type': 'categorical', 'padding_idx': 0, 'oov_idx': 2144, 'vocab_size': 2145}",
    "C2": "{'source': '', 'type': 'categorical', 'padding_idx': 0, 'oov_idx': 563, 'vocab_size': 564}",
    "C20": "{'source': '', 'type': 'categorical', 'padding_idx': 0, 'oov_idx': 4, 'vocab_size': 5}",
    "C21": "{'source': '', 'type': 'categorical', 'padding_idx': 0, 'oov_idx': 1162912, 'vocab_size': 1162913}",
    "C22": "{'source': '', 'type': 'categorical', 'padding_idx': 0, 'oov_idx': 18, 'vocab_size': 19}",
    "C23": "{'source': '', 'type': 'categorical', 'padding_idx': 0, 'oov_idx': 16, 'vocab_size': 17}",
    "C24": "{'source': '', 'type': 'categorical', 'padding_idx': 0, 'oov_idx': 141672, 'vocab_size': 141673}",
    "C25": "{'source': '', 'type': 'categorical', 'padding_idx': 0, 'oov_idx': 101, 'vocab_size': 102}",
    "C26": "{'source': '', 'type': 'categorical', 'padding_idx': 0, 'oov_idx': 92085, 'vocab_size': 92086}",
    "C3": "{'source': '', 'type': 'categorical', 'padding_idx': 0, 'oov_idx': 1244768, 'vocab_size': 1244769}",
    "C4": "{'source': '', 'type': 'categorical', 'padding_idx': 0, 'oov_idx': 562022, 'vocab_size': 562023}",
    "C5": "{'source': '', 'type': 'categorical', 'padding_idx': 0, 'oov_idx': 306, 'vocab_size': 307}",
    "C6": "{'source': '', 'type': 'categorical', 'padding_idx': 0, 'oov_idx': 22, 'vocab_size': 23}",
    "C7": "{'source': '', 'type': 'categorical', 'padding_idx': 0, 'oov_idx': 12368, 'vocab_size': 12369}",
    "C8": "{'source': '', 'type': 'categorical', 'padding_idx': 0, 'oov_idx': 634, 'vocab_size': 635}",
    "C9": "{'source': '', 'type': 'categorical', 'padding_idx': 0, 'oov_idx': 4, 'vocab_size': 5}",
    "I1": "{'source': '', 'type': 'categorical', 'padding_idx': 0, 'oov_idx': 53, 'vocab_size': 54}",
    "I10": "{'source': '', 'type': 'categorical', 'padding_idx': 0, 'oov_idx': 6, 'vocab_size': 7}",
    "I11": "{'source': '', 'type': 'categorical', 'padding_idx': 0, 'oov_idx': 26, 'vocab_size': 27}",
    "I12": "{'source': '', 'type': 'categorical', 'padding_idx': 0, 'oov_idx': 47, 'vocab_size': 48}",
    "I13": "{'source': '', 'type': 'categorical', 'padding_idx': 0, 'oov_idx': 76, 'vocab_size': 77}",
    "I2": "{'source': '', 'type': 'categorical', 'padding_idx': 0, 'oov_idx': 104, 'vocab_size': 105}",
    "I3": "{'source': '', 'type': 'categorical', 'padding_idx': 0, 'oov_idx': 123, 'vocab_size': 124}",
    "I4": "{'source': '', 'type': 'categorical', 'padding_idx': 0, 'oov_idx': 45, 'vocab_size': 46}",
    "I5": "{'source': '', 'type': 'categorical', 'padding_idx': 0, 'oov_idx': 220, 'vocab_size': 221}",
    "I6": "{'source': '', 'type': 'categorical', 'padding_idx': 0, 'oov_idx': 133, 'vocab_size': 134}",
    "I7": "{'source': '', 'type': 'categorical', 'padding_idx': 0, 'oov_idx': 90, 'vocab_size': 91}",
    "I8": "{'source': '', 'type': 'categorical', 'padding_idx': 0, 'oov_idx': 76, 'vocab_size': 77}",
    "I9": "{'source': '', 'type': 'categorical', 'padding_idx': 0, 'oov_idx': 96, 'vocab_size': 97}"
}
2023-10-17 02:45:02,365 P62490 INFO Total number of parameters: 140107862.
2023-10-17 02:45:02,365 P62490 INFO Loading data...
2023-10-17 02:45:02,365 P62490 INFO Loading data from h5: ../../../data/Criteo_x4_h5/train.h5
2023-10-17 02:45:17,678 P62490 INFO Train samples: total/36672493, blocks/1
2023-10-17 02:45:17,678 P62490 INFO Loading data from h5: ../../../data/Criteo_x4_h5/valid.h5
2023-10-17 02:45:19,633 P62490 INFO Validation samples: total/4584062, blocks/1
2023-10-17 02:45:19,633 P62490 INFO Loading train and validation data done.
2023-10-17 02:45:19,633 P62490 INFO Start training: 3668 batches/epoch
2023-10-17 02:45:19,633 P62490 INFO ************ Epoch=1 start ************
2023-10-17 02:50:27,531 P62490 INFO Train loss: 1.810690
2023-10-17 02:50:27,531 P62490 INFO Evaluation @epoch 1 - batch 3668: 
2023-10-17 02:50:42,322 P62490 INFO ===
2023-10-17 02:50:42,322 P62490 INFO [Metrics] AUC: 0.805076 - logloss: 0.446387
2023-10-17 02:50:42,332 P62490 INFO Save best model: monitor(max)=0.358690
2023-10-17 02:50:43,638 P62490 INFO ************ Epoch=1 end ************
2023-10-17 02:55:51,603 P62490 INFO Train loss: 1.800687
2023-10-17 02:55:51,604 P62490 INFO Evaluation @epoch 2 - batch 3668: 
2023-10-17 02:56:06,663 P62490 INFO ===
2023-10-17 02:56:06,663 P62490 INFO [Metrics] AUC: 0.807126 - logloss: 0.445348
2023-10-17 02:56:06,669 P62490 INFO Save best model: monitor(max)=0.361778
2023-10-17 02:56:08,053 P62490 INFO ************ Epoch=2 end ************
2023-10-17 03:01:16,456 P62490 INFO Train loss: 1.798647
2023-10-17 03:01:16,456 P62490 INFO Evaluation @epoch 3 - batch 3668: 
2023-10-17 03:01:31,473 P62490 INFO ===
2023-10-17 03:01:31,473 P62490 INFO [Metrics] AUC: 0.808002 - logloss: 0.443394
2023-10-17 03:01:31,479 P62490 INFO Save best model: monitor(max)=0.364608
2023-10-17 03:01:32,753 P62490 INFO ************ Epoch=3 end ************
2023-10-17 03:06:40,856 P62490 INFO Train loss: 1.797563
2023-10-17 03:06:40,857 P62490 INFO Evaluation @epoch 4 - batch 3668: 
2023-10-17 03:06:55,838 P62490 INFO ===
2023-10-17 03:06:55,838 P62490 INFO [Metrics] AUC: 0.808436 - logloss: 0.442982
2023-10-17 03:06:55,844 P62490 INFO Save best model: monitor(max)=0.365455
2023-10-17 03:06:57,197 P62490 INFO ************ Epoch=4 end ************
2023-10-17 03:12:05,566 P62490 INFO Train loss: 1.796843
2023-10-17 03:12:05,566 P62490 INFO Evaluation @epoch 5 - batch 3668: 
2023-10-17 03:12:20,488 P62490 INFO ===
2023-10-17 03:12:20,488 P62490 INFO [Metrics] AUC: 0.808997 - logloss: 0.442460
2023-10-17 03:12:20,494 P62490 INFO Save best model: monitor(max)=0.366537
2023-10-17 03:12:21,855 P62490 INFO ************ Epoch=5 end ************
2023-10-17 03:17:30,214 P62490 INFO Train loss: 1.796346
2023-10-17 03:17:30,214 P62490 INFO Evaluation @epoch 6 - batch 3668: 
2023-10-17 03:17:45,313 P62490 INFO ===
2023-10-17 03:17:45,313 P62490 INFO [Metrics] AUC: 0.809352 - logloss: 0.442153
2023-10-17 03:17:45,319 P62490 INFO Save best model: monitor(max)=0.367199
2023-10-17 03:17:46,650 P62490 INFO ************ Epoch=6 end ************
2023-10-17 03:22:54,712 P62490 INFO Train loss: 1.795963
2023-10-17 03:22:54,712 P62490 INFO Evaluation @epoch 7 - batch 3668: 
2023-10-17 03:23:09,720 P62490 INFO ===
2023-10-17 03:23:09,721 P62490 INFO [Metrics] AUC: 0.809625 - logloss: 0.441875
2023-10-17 03:23:09,727 P62490 INFO Save best model: monitor(max)=0.367750
2023-10-17 03:23:11,096 P62490 INFO ************ Epoch=7 end ************
2023-10-17 03:28:19,554 P62490 INFO Train loss: 1.795647
2023-10-17 03:28:19,555 P62490 INFO Evaluation @epoch 8 - batch 3668: 
2023-10-17 03:28:34,486 P62490 INFO ===
2023-10-17 03:28:34,487 P62490 INFO [Metrics] AUC: 0.809566 - logloss: 0.441925
2023-10-17 03:28:34,493 P62490 INFO Monitor(max)=0.367642 STOP!
2023-10-17 03:28:34,493 P62490 INFO Reduce learning rate on plateau: 0.000050
2023-10-17 03:28:35,017 P62490 INFO ************ Epoch=8 end ************
2023-10-17 03:33:42,653 P62490 INFO Train loss: 1.778369
2023-10-17 03:33:42,653 P62490 INFO Evaluation @epoch 9 - batch 3668: 
2023-10-17 03:33:57,440 P62490 INFO ===
2023-10-17 03:33:57,440 P62490 INFO [Metrics] AUC: 0.813585 - logloss: 0.438285
2023-10-17 03:33:57,449 P62490 INFO Save best model: monitor(max)=0.375300
2023-10-17 03:33:58,718 P62490 INFO ************ Epoch=9 end ************
2023-10-17 03:39:06,731 P62490 INFO Train loss: 1.772923
2023-10-17 03:39:06,731 P62490 INFO Evaluation @epoch 10 - batch 3668: 
2023-10-17 03:39:21,753 P62490 INFO ===
2023-10-17 03:39:21,753 P62490 INFO [Metrics] AUC: 0.814146 - logloss: 0.437825
2023-10-17 03:39:21,759 P62490 INFO Save best model: monitor(max)=0.376321
2023-10-17 03:39:23,132 P62490 INFO ************ Epoch=10 end ************
2023-10-17 03:44:31,326 P62490 INFO Train loss: 1.770242
2023-10-17 03:44:31,326 P62490 INFO Evaluation @epoch 11 - batch 3668: 
2023-10-17 03:44:46,347 P62490 INFO ===
2023-10-17 03:44:46,347 P62490 INFO [Metrics] AUC: 0.813990 - logloss: 0.438200
2023-10-17 03:44:46,353 P62490 INFO Monitor(max)=0.375790 STOP!
2023-10-17 03:44:46,353 P62490 INFO Reduce learning rate on plateau: 0.000005
2023-10-17 03:44:46,883 P62490 INFO ************ Epoch=11 end ************
2023-10-17 03:49:55,039 P62490 INFO Train loss: 1.761288
2023-10-17 03:49:55,040 P62490 INFO Evaluation @epoch 12 - batch 3668: 
2023-10-17 03:50:10,154 P62490 INFO ===
2023-10-17 03:50:10,154 P62490 INFO [Metrics] AUC: 0.811719 - logloss: 0.441281
2023-10-17 03:50:10,164 P62490 INFO Monitor(max)=0.370438 STOP!
2023-10-17 03:50:10,164 P62490 INFO Reduce learning rate on plateau: 0.000001
2023-10-17 03:50:10,164 P62490 INFO ********* Epoch==12 early stop *********
2023-10-17 03:50:10,623 P62490 INFO Training finished.
2023-10-17 03:50:10,623 P62490 INFO Load best model: /root/autodl-tmp/model_zoo/CETN/CETN_torch/checkpoints/Criteo_x4_h5/CETN_Criteo_071_c03a1f56.model
2023-10-17 03:50:10,927 P62490 INFO ****** Validation evaluation ******
2023-10-17 03:50:25,961 P62490 INFO ===
2023-10-17 03:50:25,961 P62490 INFO [Metrics] logloss: 0.437825 - AUC: 0.814146
2023-10-17 03:50:26,704 P62490 INFO ******** Test evaluation ********
2023-10-17 03:50:26,704 P62490 INFO Loading data...
2023-10-17 03:50:26,704 P62490 INFO Loading data from h5: ../../../data/Criteo_x4_h5/test.h5
2023-10-17 03:50:28,681 P62490 INFO Test samples: total/4584062, blocks/1
2023-10-17 03:50:28,682 P62490 INFO Loading test data done.
2023-10-17 03:50:42,802 P62490 INFO ===
2023-10-17 03:50:42,802 P62490 INFO [Metrics] logloss: 0.437491 - AUC: 0.814504
