2023-10-17 08:41:48,948 P737490 INFO Params: {
    "V_net_dropout": "0.2",
    "W_net_dropout": "0.2",
    "alpha": "0.3",
    "batch_norm": "False",
    "batch_size": "10000",
    "beta": "0.2",
    "cl_temperature": "0.7",
    "data_format": "h5",
    "data_root": "../../../data/",
    "dataset_id": "Criteo_x4_h5",
    "debug_mode": "False",
    "delta": "0.3",
    "early_stop_patience": "2",
    "embedding_dim": "20",
    "embedding_regularizer": "0.0001",
    "epochs": "100",
    "eps": "1e-05",
    "eval_steps": "None",
    "feature_cols": "[{'active': True, 'dtype': 'float', 'fill_na': 0, 'name': ['I1', 'I2', 'I3', 'I4', 'I5', 'I6', 'I7', 'I8', 'I9', 'I10', 'I11', 'I12', 'I13'], 'preprocess': 'convert_to_bucket', 'type': 'categorical'}, {'active': True, 'dtype': 'str', 'fill_na': '', 'name': ['C1', 'C2', 'C3', 'C4', 'C5', 'C6', 'C7', 'C8', 'C9', 'C10', 'C11', 'C12', 'C13', 'C14', 'C15', 'C16', 'C17', 'C18', 'C19', 'C20', 'C21', 'C22', 'C23', 'C24', 'C25', 'C26'], 'type': 'categorical'}]",
    "feature_config": "None",
    "feature_specs": "None",
    "fi_hidden_units": "[1024, 512, 256]",
    "gpu": "0",
    "group_id": "None",
    "hidden_activations": "['mish', 'leaky_relu', 'prelu']",
    "label_col": "{'dtype': 'float', 'name': 'Label'}",
    "learning_rate": "0.0005",
    "loss": "binary_crossentropy",
    "metrics": "['logloss', 'AUC']",
    "min_categr_count": "2",
    "model": "CETN",
    "model_id": "CETN_Criteo_114_8fecfca8",
    "model_root": "./checkpoints/",
    "monitor": "{'AUC': 1, 'logloss': -1}",
    "monitor_mode": "max",
    "net_regularizer": "0",
    "num_workers": "3",
    "optimizer": "adam",
    "perturbed": "False",
    "pickle_feature_encoder": "True",
    "save_best_only": "True",
    "seed": "2023",
    "shuffle": "True",
    "task": "binary_classification",
    "test_data": "../../../data/Criteo_x4_h5/test.h5",
    "through": "True",
    "train_data": "../../../data/Criteo_x4_h5/train.h5",
    "use_features": "None",
    "valid_data": "../../../data/Criteo_x4_h5/valid.h5",
    "verbose": "1",
    "w_hidden_units": "[512, 512]"
}
2023-10-17 08:41:48,948 P737490 INFO Load feature_map from json: ../../../data/Criteo_x4_h5/feature_map.json
2023-10-17 08:41:48,949 P737490 INFO Set column index...
2023-10-17 08:41:48,949 P737490 INFO Feature specs: {
    "C1": "{'source': '', 'type': 'categorical', 'padding_idx': 0, 'oov_idx': 1461, 'vocab_size': 1462}",
    "C10": "{'source': '', 'type': 'categorical', 'padding_idx': 0, 'oov_idx': 70514, 'vocab_size': 70515}",
    "C11": "{'source': '', 'type': 'categorical', 'padding_idx': 0, 'oov_idx': 5517, 'vocab_size': 5518}",
    "C12": "{'source': '', 'type': 'categorical', 'padding_idx': 0, 'oov_idx': 1224132, 'vocab_size': 1224133}",
    "C13": "{'source': '', 'type': 'categorical', 'padding_idx': 0, 'oov_idx': 3193, 'vocab_size': 3194}",
    "C14": "{'source': '', 'type': 'categorical', 'padding_idx': 0, 'oov_idx': 28, 'vocab_size': 29}",
    "C15": "{'source': '', 'type': 'categorical', 'padding_idx': 0, 'oov_idx': 13600, 'vocab_size': 13601}",
    "C16": "{'source': '', 'type': 'categorical', 'padding_idx': 0, 'oov_idx': 1004793, 'vocab_size': 1004794}",
    "C17": "{'source': '', 'type': 'categorical', 'padding_idx': 0, 'oov_idx': 11, 'vocab_size': 12}",
    "C18": "{'source': '', 'type': 'categorical', 'padding_idx': 0, 'oov_idx': 5230, 'vocab_size': 5231}",
    "C19": "{'source': '', 'type': 'categorical', 'padding_idx': 0, 'oov_idx': 2144, 'vocab_size': 2145}",
    "C2": "{'source': '', 'type': 'categorical', 'padding_idx': 0, 'oov_idx': 563, 'vocab_size': 564}",
    "C20": "{'source': '', 'type': 'categorical', 'padding_idx': 0, 'oov_idx': 4, 'vocab_size': 5}",
    "C21": "{'source': '', 'type': 'categorical', 'padding_idx': 0, 'oov_idx': 1162912, 'vocab_size': 1162913}",
    "C22": "{'source': '', 'type': 'categorical', 'padding_idx': 0, 'oov_idx': 18, 'vocab_size': 19}",
    "C23": "{'source': '', 'type': 'categorical', 'padding_idx': 0, 'oov_idx': 16, 'vocab_size': 17}",
    "C24": "{'source': '', 'type': 'categorical', 'padding_idx': 0, 'oov_idx': 141672, 'vocab_size': 141673}",
    "C25": "{'source': '', 'type': 'categorical', 'padding_idx': 0, 'oov_idx': 101, 'vocab_size': 102}",
    "C26": "{'source': '', 'type': 'categorical', 'padding_idx': 0, 'oov_idx': 92085, 'vocab_size': 92086}",
    "C3": "{'source': '', 'type': 'categorical', 'padding_idx': 0, 'oov_idx': 1244768, 'vocab_size': 1244769}",
    "C4": "{'source': '', 'type': 'categorical', 'padding_idx': 0, 'oov_idx': 562022, 'vocab_size': 562023}",
    "C5": "{'source': '', 'type': 'categorical', 'padding_idx': 0, 'oov_idx': 306, 'vocab_size': 307}",
    "C6": "{'source': '', 'type': 'categorical', 'padding_idx': 0, 'oov_idx': 22, 'vocab_size': 23}",
    "C7": "{'source': '', 'type': 'categorical', 'padding_idx': 0, 'oov_idx': 12368, 'vocab_size': 12369}",
    "C8": "{'source': '', 'type': 'categorical', 'padding_idx': 0, 'oov_idx': 634, 'vocab_size': 635}",
    "C9": "{'source': '', 'type': 'categorical', 'padding_idx': 0, 'oov_idx': 4, 'vocab_size': 5}",
    "I1": "{'source': '', 'type': 'categorical', 'padding_idx': 0, 'oov_idx': 53, 'vocab_size': 54}",
    "I10": "{'source': '', 'type': 'categorical', 'padding_idx': 0, 'oov_idx': 6, 'vocab_size': 7}",
    "I11": "{'source': '', 'type': 'categorical', 'padding_idx': 0, 'oov_idx': 26, 'vocab_size': 27}",
    "I12": "{'source': '', 'type': 'categorical', 'padding_idx': 0, 'oov_idx': 47, 'vocab_size': 48}",
    "I13": "{'source': '', 'type': 'categorical', 'padding_idx': 0, 'oov_idx': 76, 'vocab_size': 77}",
    "I2": "{'source': '', 'type': 'categorical', 'padding_idx': 0, 'oov_idx': 104, 'vocab_size': 105}",
    "I3": "{'source': '', 'type': 'categorical', 'padding_idx': 0, 'oov_idx': 123, 'vocab_size': 124}",
    "I4": "{'source': '', 'type': 'categorical', 'padding_idx': 0, 'oov_idx': 45, 'vocab_size': 46}",
    "I5": "{'source': '', 'type': 'categorical', 'padding_idx': 0, 'oov_idx': 220, 'vocab_size': 221}",
    "I6": "{'source': '', 'type': 'categorical', 'padding_idx': 0, 'oov_idx': 133, 'vocab_size': 134}",
    "I7": "{'source': '', 'type': 'categorical', 'padding_idx': 0, 'oov_idx': 90, 'vocab_size': 91}",
    "I8": "{'source': '', 'type': 'categorical', 'padding_idx': 0, 'oov_idx': 76, 'vocab_size': 77}",
    "I9": "{'source': '', 'type': 'categorical', 'padding_idx': 0, 'oov_idx': 96, 'vocab_size': 97}"
}
2023-10-17 08:41:54,035 P737490 INFO Total number of parameters: 140107862.
2023-10-17 08:41:54,035 P737490 INFO Loading data...
2023-10-17 08:41:54,035 P737490 INFO Loading data from h5: ../../../data/Criteo_x4_h5/train.h5
2023-10-17 08:42:08,765 P737490 INFO Train samples: total/36672493, blocks/1
2023-10-17 08:42:08,765 P737490 INFO Loading data from h5: ../../../data/Criteo_x4_h5/valid.h5
2023-10-17 08:42:10,708 P737490 INFO Validation samples: total/4584062, blocks/1
2023-10-17 08:42:10,708 P737490 INFO Loading train and validation data done.
2023-10-17 08:42:10,708 P737490 INFO Start training: 3668 batches/epoch
2023-10-17 08:42:10,708 P737490 INFO ************ Epoch=1 start ************
2023-10-17 08:47:17,667 P737490 INFO Train loss: 2.773771
2023-10-17 08:47:17,667 P737490 INFO Evaluation @epoch 1 - batch 3668:
2023-10-17 08:47:32,571 P737490 INFO ===
2023-10-17 08:47:32,572 P737490 INFO [Metrics] AUC: 0.803826 - logloss: 0.448071
2023-10-17 08:47:32,583 P737490 INFO Save best model: monitor(max)=0.355755
2023-10-17 08:47:33,753 P737490 INFO ************ Epoch=1 end ************
2023-10-17 08:52:40,966 P737490 INFO Train loss: 2.764991
2023-10-17 08:52:40,966 P737490 INFO Evaluation @epoch 2 - batch 3668:
2023-10-17 08:52:56,078 P737490 INFO ===
2023-10-17 08:52:56,078 P737490 INFO [Metrics] AUC: 0.806494 - logloss: 0.445578
2023-10-17 08:52:56,084 P737490 INFO Save best model: monitor(max)=0.360916
2023-10-17 08:52:57,364 P737490 INFO ************ Epoch=2 end ************
2023-10-17 08:58:04,832 P737490 INFO Train loss: 2.762842
2023-10-17 08:58:04,833 P737490 INFO Evaluation @epoch 3 - batch 3668:
2023-10-17 08:58:19,804 P737490 INFO ===
2023-10-17 08:58:19,804 P737490 INFO [Metrics] AUC: 0.807604 - logloss: 0.443740
2023-10-17 08:58:19,811 P737490 INFO Save best model: monitor(max)=0.363864
2023-10-17 08:58:21,169 P737490 INFO ************ Epoch=3 end ************
2023-10-17 09:03:28,536 P737490 INFO Train loss: 2.761616
2023-10-17 09:03:28,536 P737490 INFO Evaluation @epoch 4 - batch 3668:
2023-10-17 09:03:43,581 P737490 INFO ===
2023-10-17 09:03:43,581 P737490 INFO [Metrics] AUC: 0.808240 - logloss: 0.443141
2023-10-17 09:03:43,587 P737490 INFO Save best model: monitor(max)=0.365099
2023-10-17 09:03:44,801 P737490 INFO ************ Epoch=4 end ************
2023-10-17 09:08:52,232 P737490 INFO Train loss: 2.760783
2023-10-17 09:08:52,232 P737490 INFO Evaluation @epoch 5 - batch 3668:
2023-10-17 09:09:07,068 P737490 INFO ===
2023-10-17 09:09:07,068 P737490 INFO [Metrics] AUC: 0.808925 - logloss: 0.442508
2023-10-17 09:09:07,074 P737490 INFO Save best model: monitor(max)=0.366416
2023-10-17 09:09:08,342 P737490 INFO ************ Epoch=5 end ************
2023-10-17 09:14:15,605 P737490 INFO Train loss: 2.760210
2023-10-17 09:14:15,605 P737490 INFO Evaluation @epoch 6 - batch 3668:
2023-10-17 09:14:30,546 P737490 INFO ===
2023-10-17 09:14:30,546 P737490 INFO [Metrics] AUC: 0.809298 - logloss: 0.442155
2023-10-17 09:14:30,552 P737490 INFO Save best model: monitor(max)=0.367143
2023-10-17 09:14:31,919 P737490 INFO ************ Epoch=6 end ************
2023-10-17 09:19:38,870 P737490 INFO Train loss: 2.759799
2023-10-17 09:19:38,870 P737490 INFO Evaluation @epoch 7 - batch 3668:
2023-10-17 09:19:53,864 P737490 INFO ===
2023-10-17 09:19:53,865 P737490 INFO [Metrics] AUC: 0.809546 - logloss: 0.441934
2023-10-17 09:19:53,871 P737490 INFO Save best model: monitor(max)=0.367612
2023-10-17 09:19:55,175 P737490 INFO ************ Epoch=7 end ************
2023-10-17 09:25:02,465 P737490 INFO Train loss: 2.759481
2023-10-17 09:25:02,465 P737490 INFO Evaluation @epoch 8 - batch 3668:
2023-10-17 09:25:17,273 P737490 INFO ===
2023-10-17 09:25:17,273 P737490 INFO [Metrics] AUC: 0.809380 - logloss: 0.442098
2023-10-17 09:25:17,280 P737490 INFO Monitor(max)=0.367282 STOP!
2023-10-17 09:25:17,280 P737490 INFO Reduce learning rate on plateau: 0.000050
2023-10-17 09:25:17,746 P737490 INFO ************ Epoch=8 end ************
2023-10-17 09:30:25,092 P737490 INFO Train loss: 2.742111
2023-10-17 09:30:25,092 P737490 INFO Evaluation @epoch 9 - batch 3668:
2023-10-17 09:30:40,009 P737490 INFO ===
2023-10-17 09:30:40,009 P737490 INFO [Metrics] AUC: 0.813609 - logloss: 0.438200
2023-10-17 09:30:40,018 P737490 INFO Save best model: monitor(max)=0.375410
2023-10-17 09:30:41,389 P737490 INFO ************ Epoch=9 end ************
2023-10-17 09:35:48,802 P737490 INFO Train loss: 2.736651
2023-10-17 09:35:48,803 P737490 INFO Evaluation @epoch 10 - batch 3668:
2023-10-17 09:36:03,806 P737490 INFO ===
2023-10-17 09:36:03,806 P737490 INFO [Metrics] AUC: 0.814203 - logloss: 0.437690
2023-10-17 09:36:03,812 P737490 INFO Save best model: monitor(max)=0.376512
2023-10-17 09:36:05,138 P737490 INFO ************ Epoch=10 end ************
2023-10-17 09:41:12,277 P737490 INFO Train loss: 2.734165
2023-10-17 09:41:12,278 P737490 INFO Evaluation @epoch 11 - batch 3668:
2023-10-17 09:41:27,162 P737490 INFO ===
2023-10-17 09:41:27,162 P737490 INFO [Metrics] AUC: 0.814146 - logloss: 0.438016
2023-10-17 09:41:27,168 P737490 INFO Monitor(max)=0.376130 STOP!
2023-10-17 09:41:27,168 P737490 INFO Reduce learning rate on plateau: 0.000005
2023-10-17 09:41:27,633 P737490 INFO ************ Epoch=11 end ************
2023-10-17 09:46:34,305 P737490 INFO Train loss: 2.725698
2023-10-17 09:46:34,305 P737490 INFO Evaluation @epoch 12 - batch 3668:
2023-10-17 09:46:49,276 P737490 INFO ===
2023-10-17 09:46:49,276 P737490 INFO [Metrics] AUC: 0.812643 - logloss: 0.439857
2023-10-17 09:46:49,285 P737490 INFO Monitor(max)=0.372786 STOP!
2023-10-17 09:46:49,285 P737490 INFO Reduce learning rate on plateau: 0.000001
2023-10-17 09:46:49,285 P737490 INFO ********* Epoch==12 early stop *********
2023-10-17 09:46:49,779 P737490 INFO Training finished.
2023-10-17 09:46:49,779 P737490 INFO Load best model: /root/autodl-tmp/model_zoo/CETN/CETN_torch/checkpoints/Criteo_x4_h5/CETN_Criteo_114_8fecfca8.model
2023-10-17 09:46:50,068 P737490 INFO ****** Validation evaluation ******
2023-10-17 09:47:05,131 P737490 INFO ===
2023-10-17 09:47:05,131 P737490 INFO [Metrics] logloss: 0.437690 - AUC: 0.814203
2023-10-17 09:47:05,692 P737490 INFO ******** Test evaluation ********
2023-10-17 09:47:05,692 P737490 INFO Loading data...
2023-10-17 09:47:05,692 P737490 INFO Loading data from h5: ../../../data/Criteo_x4_h5/test.h5
2023-10-17 09:47:07,619 P737490 INFO Test samples: total/4584062, blocks/1
2023-10-17 09:47:07,619 P737490 INFO Loading test data done.
2023-10-17 09:47:21,990 P737490 INFO ===
2023-10-17 09:47:21,990 P737490 INFO [Metrics] logloss: 0.437233 - AUC: 0.814714
