2023-10-16 13:09:32,042 P1467 INFO Params: {
    "V_net_dropout": "0.2",
    "W_net_dropout": "0.2",
    "alpha": "0.2",
    "batch_norm": "False",
    "batch_size": "10000",
    "beta": "0.1",
    "cl_temperature": "0.7",
    "data_format": "h5",
    "data_root": "../../../data/",
    "dataset_id": "Criteo_x4_h5",
    "debug_mode": "False",
    "delta": "0.1",
    "early_stop_patience": "2",
    "embedding_dim": "20",
    "embedding_regularizer": "0.0001",
    "epochs": "100",
    "eps": "1e-05",
    "eval_steps": "None",
    "feature_cols": "[{'active': True, 'dtype': 'float', 'fill_na': 0, 'name': ['I1', 'I2', 'I3', 'I4', 'I5', 'I6', 'I7', 'I8', 'I9', 'I10', 'I11', 'I12', 'I13'], 'preprocess': 'convert_to_bucket', 'type': 'categorical'}, {'active': True, 'dtype': 'str', 'fill_na': '', 'name': ['C1', 'C2', 'C3', 'C4', 'C5', 'C6', 'C7', 'C8', 'C9', 'C10', 'C11', 'C12', 'C13', 'C14', 'C15', 'C16', 'C17', 'C18', 'C19', 'C20', 'C21', 'C22', 'C23', 'C24', 'C25', 'C26'], 'type': 'categorical'}]",
    "feature_config": "None",
    "feature_specs": "None",
    "fi_hidden_units": "[1024, 512, 256]",
    "gpu": "3",
    "group_id": "None",
    "hidden_activations": "['mish', 'leaky_relu', 'prelu']",
    "label_col": "{'dtype': 'float', 'name': 'Label'}",
    "learning_rate": "0.0005",
    "loss": "binary_crossentropy",
    "metrics": "['logloss', 'AUC']",
    "min_categr_count": "2",
    "model": "CETN",
    "model_id": "CETN_Criteo_004_b87c6e8d",
    "model_root": "./checkpoints/",
    "monitor": "{'AUC': 1, 'logloss': -1}",
    "monitor_mode": "max",
    "net_regularizer": "0",
    "num_workers": "3",
    "optimizer": "adam",
    "perturbed": "False",
    "pickle_feature_encoder": "True",
    "save_best_only": "True",
    "seed": "2023",
    "shuffle": "True",
    "task": "binary_classification",
    "test_data": "../../../data/Criteo_x4_h5/test.h5",
    "through": "True",
    "train_data": "../../../data/Criteo_x4_h5/train.h5",
    "use_features": "None",
    "valid_data": "../../../data/Criteo_x4_h5/valid.h5",
    "verbose": "1",
    "w_hidden_units": "[512, 512]"
}
2023-10-16 13:09:32,042 P1467 INFO Load feature_map from json: ../../../data/Criteo_x4_h5/feature_map.json
2023-10-16 13:09:32,042 P1467 INFO Set column index...
2023-10-16 13:09:32,042 P1467 INFO Feature specs: {
    "C1": "{'source': '', 'type': 'categorical', 'padding_idx': 0, 'oov_idx': 1461, 'vocab_size': 1462}",
    "C10": "{'source': '', 'type': 'categorical', 'padding_idx': 0, 'oov_idx': 70514, 'vocab_size': 70515}",
    "C11": "{'source': '', 'type': 'categorical', 'padding_idx': 0, 'oov_idx': 5517, 'vocab_size': 5518}",
    "C12": "{'source': '', 'type': 'categorical', 'padding_idx': 0, 'oov_idx': 1224132, 'vocab_size': 1224133}",
    "C13": "{'source': '', 'type': 'categorical', 'padding_idx': 0, 'oov_idx': 3193, 'vocab_size': 3194}",
    "C14": "{'source': '', 'type': 'categorical', 'padding_idx': 0, 'oov_idx': 28, 'vocab_size': 29}",
    "C15": "{'source': '', 'type': 'categorical', 'padding_idx': 0, 'oov_idx': 13600, 'vocab_size': 13601}",
    "C16": "{'source': '', 'type': 'categorical', 'padding_idx': 0, 'oov_idx': 1004793, 'vocab_size': 1004794}",
    "C17": "{'source': '', 'type': 'categorical', 'padding_idx': 0, 'oov_idx': 11, 'vocab_size': 12}",
    "C18": "{'source': '', 'type': 'categorical', 'padding_idx': 0, 'oov_idx': 5230, 'vocab_size': 5231}",
    "C19": "{'source': '', 'type': 'categorical', 'padding_idx': 0, 'oov_idx': 2144, 'vocab_size': 2145}",
    "C2": "{'source': '', 'type': 'categorical', 'padding_idx': 0, 'oov_idx': 563, 'vocab_size': 564}",
    "C20": "{'source': '', 'type': 'categorical', 'padding_idx': 0, 'oov_idx': 4, 'vocab_size': 5}",
    "C21": "{'source': '', 'type': 'categorical', 'padding_idx': 0, 'oov_idx': 1162912, 'vocab_size': 1162913}",
    "C22": "{'source': '', 'type': 'categorical', 'padding_idx': 0, 'oov_idx': 18, 'vocab_size': 19}",
    "C23": "{'source': '', 'type': 'categorical', 'padding_idx': 0, 'oov_idx': 16, 'vocab_size': 17}",
    "C24": "{'source': '', 'type': 'categorical', 'padding_idx': 0, 'oov_idx': 141672, 'vocab_size': 141673}",
    "C25": "{'source': '', 'type': 'categorical', 'padding_idx': 0, 'oov_idx': 101, 'vocab_size': 102}",
    "C26": "{'source': '', 'type': 'categorical', 'padding_idx': 0, 'oov_idx': 92085, 'vocab_size': 92086}",
    "C3": "{'source': '', 'type': 'categorical', 'padding_idx': 0, 'oov_idx': 1244768, 'vocab_size': 1244769}",
    "C4": "{'source': '', 'type': 'categorical', 'padding_idx': 0, 'oov_idx': 562022, 'vocab_size': 562023}",
    "C5": "{'source': '', 'type': 'categorical', 'padding_idx': 0, 'oov_idx': 306, 'vocab_size': 307}",
    "C6": "{'source': '', 'type': 'categorical', 'padding_idx': 0, 'oov_idx': 22, 'vocab_size': 23}",
    "C7": "{'source': '', 'type': 'categorical', 'padding_idx': 0, 'oov_idx': 12368, 'vocab_size': 12369}",
    "C8": "{'source': '', 'type': 'categorical', 'padding_idx': 0, 'oov_idx': 634, 'vocab_size': 635}",
    "C9": "{'source': '', 'type': 'categorical', 'padding_idx': 0, 'oov_idx': 4, 'vocab_size': 5}",
    "I1": "{'source': '', 'type': 'categorical', 'padding_idx': 0, 'oov_idx': 53, 'vocab_size': 54}",
    "I10": "{'source': '', 'type': 'categorical', 'padding_idx': 0, 'oov_idx': 6, 'vocab_size': 7}",
    "I11": "{'source': '', 'type': 'categorical', 'padding_idx': 0, 'oov_idx': 26, 'vocab_size': 27}",
    "I12": "{'source': '', 'type': 'categorical', 'padding_idx': 0, 'oov_idx': 47, 'vocab_size': 48}",
    "I13": "{'source': '', 'type': 'categorical', 'padding_idx': 0, 'oov_idx': 76, 'vocab_size': 77}",
    "I2": "{'source': '', 'type': 'categorical', 'padding_idx': 0, 'oov_idx': 104, 'vocab_size': 105}",
    "I3": "{'source': '', 'type': 'categorical', 'padding_idx': 0, 'oov_idx': 123, 'vocab_size': 124}",
    "I4": "{'source': '', 'type': 'categorical', 'padding_idx': 0, 'oov_idx': 45, 'vocab_size': 46}",
    "I5": "{'source': '', 'type': 'categorical', 'padding_idx': 0, 'oov_idx': 220, 'vocab_size': 221}",
    "I6": "{'source': '', 'type': 'categorical', 'padding_idx': 0, 'oov_idx': 133, 'vocab_size': 134}",
    "I7": "{'source': '', 'type': 'categorical', 'padding_idx': 0, 'oov_idx': 90, 'vocab_size': 91}",
    "I8": "{'source': '', 'type': 'categorical', 'padding_idx': 0, 'oov_idx': 76, 'vocab_size': 77}",
    "I9": "{'source': '', 'type': 'categorical', 'padding_idx': 0, 'oov_idx': 96, 'vocab_size': 97}"
}
2023-10-16 13:09:37,712 P1467 INFO Total number of parameters: 140107862.
2023-10-16 13:09:37,712 P1467 INFO Loading data...
2023-10-16 13:09:37,712 P1467 INFO Loading data from h5: ../../../data/Criteo_x4_h5/train.h5
2023-10-16 13:09:56,402 P1467 INFO Train samples: total/36672493, blocks/1
2023-10-16 13:09:56,402 P1467 INFO Loading data from h5: ../../../data/Criteo_x4_h5/valid.h5
2023-10-16 13:09:58,648 P1467 INFO Validation samples: total/4584062, blocks/1
2023-10-16 13:09:58,649 P1467 INFO Loading train and validation data done.
2023-10-16 13:09:58,649 P1467 INFO Start training: 3668 batches/epoch
2023-10-16 13:09:58,649 P1467 INFO ************ Epoch=1 start ************
2023-10-16 13:15:08,141 P1467 INFO Train loss: 1.956235
2023-10-16 13:15:08,141 P1467 INFO Evaluation @epoch 1 - batch 3668: 
2023-10-16 13:15:22,432 P1467 INFO ===
2023-10-16 13:15:22,432 P1467 INFO [Metrics] AUC: 0.803956 - logloss: 0.448205
2023-10-16 13:15:22,443 P1467 INFO Save best model: monitor(max)=0.355752
2023-10-16 13:15:23,477 P1467 INFO ************ Epoch=1 end ************
2023-10-16 13:20:33,227 P1467 INFO Train loss: 1.948225
2023-10-16 13:20:33,227 P1467 INFO Evaluation @epoch 2 - batch 3668: 
2023-10-16 13:20:48,021 P1467 INFO ===
2023-10-16 13:20:48,021 P1467 INFO [Metrics] AUC: 0.806575 - logloss: 0.445364
2023-10-16 13:20:48,029 P1467 INFO Save best model: monitor(max)=0.361210
2023-10-16 13:20:49,166 P1467 INFO ************ Epoch=2 end ************
2023-10-16 13:25:59,196 P1467 INFO Train loss: 1.946131
2023-10-16 13:25:59,197 P1467 INFO Evaluation @epoch 3 - batch 3668: 
2023-10-16 13:26:13,954 P1467 INFO ===
2023-10-16 13:26:13,954 P1467 INFO [Metrics] AUC: 0.807892 - logloss: 0.443565
2023-10-16 13:26:13,961 P1467 INFO Save best model: monitor(max)=0.364327
2023-10-16 13:26:15,062 P1467 INFO ************ Epoch=3 end ************
2023-10-16 13:31:29,108 P1467 INFO Train loss: 1.944872
2023-10-16 13:31:29,109 P1467 INFO Evaluation @epoch 4 - batch 3668: 
2023-10-16 13:31:43,887 P1467 INFO ===
2023-10-16 13:31:43,887 P1467 INFO [Metrics] AUC: 0.808504 - logloss: 0.442997
2023-10-16 13:31:43,893 P1467 INFO Save best model: monitor(max)=0.365507
2023-10-16 13:31:45,095 P1467 INFO ************ Epoch=4 end ************
2023-10-16 13:36:59,048 P1467 INFO Train loss: 1.944081
2023-10-16 13:36:59,049 P1467 INFO Evaluation @epoch 5 - batch 3668: 
2023-10-16 13:37:13,668 P1467 INFO ===
2023-10-16 13:37:13,668 P1467 INFO [Metrics] AUC: 0.809044 - logloss: 0.442387
2023-10-16 13:37:13,674 P1467 INFO Save best model: monitor(max)=0.366657
2023-10-16 13:37:14,691 P1467 INFO ************ Epoch=5 end ************
2023-10-16 13:42:24,744 P1467 INFO Train loss: 1.943523
2023-10-16 13:42:24,744 P1467 INFO Evaluation @epoch 6 - batch 3668: 
2023-10-16 13:42:39,263 P1467 INFO ===
2023-10-16 13:42:39,263 P1467 INFO [Metrics] AUC: 0.809428 - logloss: 0.442076
2023-10-16 13:42:39,269 P1467 INFO Save best model: monitor(max)=0.367352
2023-10-16 13:42:40,299 P1467 INFO ************ Epoch=6 end ************
2023-10-16 13:47:49,934 P1467 INFO Train loss: 1.943154
2023-10-16 13:47:49,934 P1467 INFO Evaluation @epoch 7 - batch 3668: 
2023-10-16 13:48:04,375 P1467 INFO ===
2023-10-16 13:48:04,376 P1467 INFO [Metrics] AUC: 0.809705 - logloss: 0.441857
2023-10-16 13:48:04,381 P1467 INFO Save best model: monitor(max)=0.367848
2023-10-16 13:48:05,464 P1467 INFO ************ Epoch=7 end ************
2023-10-16 13:53:14,999 P1467 INFO Train loss: 1.942862
2023-10-16 13:53:14,999 P1467 INFO Evaluation @epoch 8 - batch 3668: 
2023-10-16 13:53:29,749 P1467 INFO ===
2023-10-16 13:53:29,749 P1467 INFO [Metrics] AUC: 0.809480 - logloss: 0.442022
2023-10-16 13:53:29,755 P1467 INFO Monitor(max)=0.367458 STOP!
2023-10-16 13:53:29,755 P1467 INFO Reduce learning rate on plateau: 0.000050
2023-10-16 13:53:29,939 P1467 INFO ************ Epoch=8 end ************
2023-10-16 13:58:39,820 P1467 INFO Train loss: 1.925177
2023-10-16 13:58:39,820 P1467 INFO Evaluation @epoch 9 - batch 3668: 
2023-10-16 13:58:54,482 P1467 INFO ===
2023-10-16 13:58:54,482 P1467 INFO [Metrics] AUC: 0.813556 - logloss: 0.438274
2023-10-16 13:58:54,491 P1467 INFO Save best model: monitor(max)=0.375282
2023-10-16 13:58:55,579 P1467 INFO ************ Epoch=9 end ************
2023-10-16 14:04:05,458 P1467 INFO Train loss: 1.919565
2023-10-16 14:04:05,458 P1467 INFO Evaluation @epoch 10 - batch 3668: 
2023-10-16 14:04:20,143 P1467 INFO ===
2023-10-16 14:04:20,143 P1467 INFO [Metrics] AUC: 0.814058 - logloss: 0.437825
2023-10-16 14:04:20,149 P1467 INFO Save best model: monitor(max)=0.376233
2023-10-16 14:04:21,199 P1467 INFO ************ Epoch=10 end ************
2023-10-16 14:09:30,917 P1467 INFO Train loss: 1.916889
2023-10-16 14:09:30,917 P1467 INFO Evaluation @epoch 11 - batch 3668: 
2023-10-16 14:09:45,364 P1467 INFO ===
2023-10-16 14:09:45,365 P1467 INFO [Metrics] AUC: 0.813857 - logloss: 0.438272
2023-10-16 14:09:45,370 P1467 INFO Monitor(max)=0.375585 STOP!
2023-10-16 14:09:45,370 P1467 INFO Reduce learning rate on plateau: 0.000005
2023-10-16 14:09:45,717 P1467 INFO ************ Epoch=11 end ************
2023-10-16 14:14:55,259 P1467 INFO Train loss: 1.908056
2023-10-16 14:14:55,259 P1467 INFO Evaluation @epoch 12 - batch 3668: 
2023-10-16 14:15:09,672 P1467 INFO ===
2023-10-16 14:15:09,672 P1467 INFO [Metrics] AUC: 0.812042 - logloss: 0.440556
2023-10-16 14:15:09,682 P1467 INFO Monitor(max)=0.371486 STOP!
2023-10-16 14:15:09,682 P1467 INFO Reduce learning rate on plateau: 0.000001
2023-10-16 14:15:09,682 P1467 INFO ********* Epoch==12 early stop *********
2023-10-16 14:15:09,896 P1467 INFO Training finished.
2023-10-16 14:15:09,896 P1467 INFO Load best model: /root/autodl-tmp/model_zoo/CETN/CETN_torch/checkpoints/Criteo_x4_h5/CETN_Criteo_004_b87c6e8d.model
2023-10-16 14:15:10,207 P1467 INFO ****** Validation evaluation ******
2023-10-16 14:15:25,035 P1467 INFO ===
2023-10-16 14:15:25,035 P1467 INFO [Metrics] logloss: 0.437825 - AUC: 0.814058
2023-10-16 14:15:25,562 P1467 INFO ******** Test evaluation ********
2023-10-16 14:15:25,562 P1467 INFO Loading data...
2023-10-16 14:15:25,562 P1467 INFO Loading data from h5: ../../../data/Criteo_x4_h5/test.h5
2023-10-16 14:15:27,711 P1467 INFO Test samples: total/4584062, blocks/1
2023-10-16 14:15:27,711 P1467 INFO Loading test data done.
2023-10-16 14:15:41,944 P1467 INFO ===
2023-10-16 14:15:41,945 P1467 INFO [Metrics] logloss: 0.437412 - AUC: 0.814519
