2023-10-16 13:09:32,049 P1468 INFO Params: {
    "V_net_dropout": "0.2",
    "W_net_dropout": "0.2",
    "alpha": "0.2",
    "batch_norm": "False",
    "batch_size": "10000",
    "beta": "0.1",
    "cl_temperature": "0.8",
    "data_format": "h5",
    "data_root": "../../../data/",
    "dataset_id": "Criteo_x4_h5",
    "debug_mode": "False",
    "delta": "0.1",
    "early_stop_patience": "2",
    "embedding_dim": "20",
    "embedding_regularizer": "0.0001",
    "epochs": "100",
    "eps": "1e-05",
    "eval_steps": "None",
    "feature_cols": "[{'active': True, 'dtype': 'float', 'fill_na': 0, 'name': ['I1', 'I2', 'I3', 'I4', 'I5', 'I6', 'I7', 'I8', 'I9', 'I10', 'I11', 'I12', 'I13'], 'preprocess': 'convert_to_bucket', 'type': 'categorical'}, {'active': True, 'dtype': 'str', 'fill_na': '', 'name': ['C1', 'C2', 'C3', 'C4', 'C5', 'C6', 'C7', 'C8', 'C9', 'C10', 'C11', 'C12', 'C13', 'C14', 'C15', 'C16', 'C17', 'C18', 'C19', 'C20', 'C21', 'C22', 'C23', 'C24', 'C25', 'C26'], 'type': 'categorical'}]",
    "feature_config": "None",
    "feature_specs": "None",
    "fi_hidden_units": "[1024, 512, 256]",
    "gpu": "4",
    "group_id": "None",
    "hidden_activations": "['mish', 'leaky_relu', 'prelu']",
    "label_col": "{'dtype': 'float', 'name': 'Label'}",
    "learning_rate": "0.0005",
    "loss": "binary_crossentropy",
    "metrics": "['logloss', 'AUC']",
    "min_categr_count": "2",
    "model": "CETN",
    "model_id": "CETN_Criteo_005_818f9fb4",
    "model_root": "./checkpoints/",
    "monitor": "{'AUC': 1, 'logloss': -1}",
    "monitor_mode": "max",
    "net_regularizer": "0",
    "num_workers": "3",
    "optimizer": "adam",
    "perturbed": "False",
    "pickle_feature_encoder": "True",
    "save_best_only": "True",
    "seed": "2023",
    "shuffle": "True",
    "task": "binary_classification",
    "test_data": "../../../data/Criteo_x4_h5/test.h5",
    "through": "True",
    "train_data": "../../../data/Criteo_x4_h5/train.h5",
    "use_features": "None",
    "valid_data": "../../../data/Criteo_x4_h5/valid.h5",
    "verbose": "1",
    "w_hidden_units": "[512, 512]"
}
2023-10-16 13:09:32,049 P1468 INFO Load feature_map from json: ../../../data/Criteo_x4_h5/feature_map.json
2023-10-16 13:09:32,049 P1468 INFO Set column index...
2023-10-16 13:09:32,049 P1468 INFO Feature specs: {
    "C1": "{'source': '', 'type': 'categorical', 'padding_idx': 0, 'oov_idx': 1461, 'vocab_size': 1462}",
    "C10": "{'source': '', 'type': 'categorical', 'padding_idx': 0, 'oov_idx': 70514, 'vocab_size': 70515}",
    "C11": "{'source': '', 'type': 'categorical', 'padding_idx': 0, 'oov_idx': 5517, 'vocab_size': 5518}",
    "C12": "{'source': '', 'type': 'categorical', 'padding_idx': 0, 'oov_idx': 1224132, 'vocab_size': 1224133}",
    "C13": "{'source': '', 'type': 'categorical', 'padding_idx': 0, 'oov_idx': 3193, 'vocab_size': 3194}",
    "C14": "{'source': '', 'type': 'categorical', 'padding_idx': 0, 'oov_idx': 28, 'vocab_size': 29}",
    "C15": "{'source': '', 'type': 'categorical', 'padding_idx': 0, 'oov_idx': 13600, 'vocab_size': 13601}",
    "C16": "{'source': '', 'type': 'categorical', 'padding_idx': 0, 'oov_idx': 1004793, 'vocab_size': 1004794}",
    "C17": "{'source': '', 'type': 'categorical', 'padding_idx': 0, 'oov_idx': 11, 'vocab_size': 12}",
    "C18": "{'source': '', 'type': 'categorical', 'padding_idx': 0, 'oov_idx': 5230, 'vocab_size': 5231}",
    "C19": "{'source': '', 'type': 'categorical', 'padding_idx': 0, 'oov_idx': 2144, 'vocab_size': 2145}",
    "C2": "{'source': '', 'type': 'categorical', 'padding_idx': 0, 'oov_idx': 563, 'vocab_size': 564}",
    "C20": "{'source': '', 'type': 'categorical', 'padding_idx': 0, 'oov_idx': 4, 'vocab_size': 5}",
    "C21": "{'source': '', 'type': 'categorical', 'padding_idx': 0, 'oov_idx': 1162912, 'vocab_size': 1162913}",
    "C22": "{'source': '', 'type': 'categorical', 'padding_idx': 0, 'oov_idx': 18, 'vocab_size': 19}",
    "C23": "{'source': '', 'type': 'categorical', 'padding_idx': 0, 'oov_idx': 16, 'vocab_size': 17}",
    "C24": "{'source': '', 'type': 'categorical', 'padding_idx': 0, 'oov_idx': 141672, 'vocab_size': 141673}",
    "C25": "{'source': '', 'type': 'categorical', 'padding_idx': 0, 'oov_idx': 101, 'vocab_size': 102}",
    "C26": "{'source': '', 'type': 'categorical', 'padding_idx': 0, 'oov_idx': 92085, 'vocab_size': 92086}",
    "C3": "{'source': '', 'type': 'categorical', 'padding_idx': 0, 'oov_idx': 1244768, 'vocab_size': 1244769}",
    "C4": "{'source': '', 'type': 'categorical', 'padding_idx': 0, 'oov_idx': 562022, 'vocab_size': 562023}",
    "C5": "{'source': '', 'type': 'categorical', 'padding_idx': 0, 'oov_idx': 306, 'vocab_size': 307}",
    "C6": "{'source': '', 'type': 'categorical', 'padding_idx': 0, 'oov_idx': 22, 'vocab_size': 23}",
    "C7": "{'source': '', 'type': 'categorical', 'padding_idx': 0, 'oov_idx': 12368, 'vocab_size': 12369}",
    "C8": "{'source': '', 'type': 'categorical', 'padding_idx': 0, 'oov_idx': 634, 'vocab_size': 635}",
    "C9": "{'source': '', 'type': 'categorical', 'padding_idx': 0, 'oov_idx': 4, 'vocab_size': 5}",
    "I1": "{'source': '', 'type': 'categorical', 'padding_idx': 0, 'oov_idx': 53, 'vocab_size': 54}",
    "I10": "{'source': '', 'type': 'categorical', 'padding_idx': 0, 'oov_idx': 6, 'vocab_size': 7}",
    "I11": "{'source': '', 'type': 'categorical', 'padding_idx': 0, 'oov_idx': 26, 'vocab_size': 27}",
    "I12": "{'source': '', 'type': 'categorical', 'padding_idx': 0, 'oov_idx': 47, 'vocab_size': 48}",
    "I13": "{'source': '', 'type': 'categorical', 'padding_idx': 0, 'oov_idx': 76, 'vocab_size': 77}",
    "I2": "{'source': '', 'type': 'categorical', 'padding_idx': 0, 'oov_idx': 104, 'vocab_size': 105}",
    "I3": "{'source': '', 'type': 'categorical', 'padding_idx': 0, 'oov_idx': 123, 'vocab_size': 124}",
    "I4": "{'source': '', 'type': 'categorical', 'padding_idx': 0, 'oov_idx': 45, 'vocab_size': 46}",
    "I5": "{'source': '', 'type': 'categorical', 'padding_idx': 0, 'oov_idx': 220, 'vocab_size': 221}",
    "I6": "{'source': '', 'type': 'categorical', 'padding_idx': 0, 'oov_idx': 133, 'vocab_size': 134}",
    "I7": "{'source': '', 'type': 'categorical', 'padding_idx': 0, 'oov_idx': 90, 'vocab_size': 91}",
    "I8": "{'source': '', 'type': 'categorical', 'padding_idx': 0, 'oov_idx': 76, 'vocab_size': 77}",
    "I9": "{'source': '', 'type': 'categorical', 'padding_idx': 0, 'oov_idx': 96, 'vocab_size': 97}"
}
2023-10-16 13:09:37,695 P1468 INFO Total number of parameters: 140107862.
2023-10-16 13:09:37,695 P1468 INFO Loading data...
2023-10-16 13:09:37,695 P1468 INFO Loading data from h5: ../../../data/Criteo_x4_h5/train.h5
2023-10-16 13:09:55,582 P1468 INFO Train samples: total/36672493, blocks/1
2023-10-16 13:09:55,582 P1468 INFO Loading data from h5: ../../../data/Criteo_x4_h5/valid.h5
2023-10-16 13:09:58,035 P1468 INFO Validation samples: total/4584062, blocks/1
2023-10-16 13:09:58,035 P1468 INFO Loading train and validation data done.
2023-10-16 13:09:58,036 P1468 INFO Start training: 3668 batches/epoch
2023-10-16 13:09:58,036 P1468 INFO ************ Epoch=1 start ************
2023-10-16 13:15:06,918 P1468 INFO Train loss: 2.013768
2023-10-16 13:15:06,918 P1468 INFO Evaluation @epoch 1 - batch 3668: 
2023-10-16 13:15:21,243 P1468 INFO ===
2023-10-16 13:15:21,243 P1468 INFO [Metrics] AUC: 0.803935 - logloss: 0.448104
2023-10-16 13:15:21,254 P1468 INFO Save best model: monitor(max)=0.355831
2023-10-16 13:15:22,470 P1468 INFO ************ Epoch=1 end ************
2023-10-16 13:20:31,208 P1468 INFO Train loss: 2.005972
2023-10-16 13:20:31,208 P1468 INFO Evaluation @epoch 2 - batch 3668: 
2023-10-16 13:20:46,113 P1468 INFO ===
2023-10-16 13:20:46,114 P1468 INFO [Metrics] AUC: 0.806530 - logloss: 0.445404
2023-10-16 13:20:46,120 P1468 INFO Save best model: monitor(max)=0.361127
2023-10-16 13:20:47,324 P1468 INFO ************ Epoch=2 end ************
2023-10-16 13:25:56,545 P1468 INFO Train loss: 2.003728
2023-10-16 13:25:56,545 P1468 INFO Evaluation @epoch 3 - batch 3668: 
2023-10-16 13:26:11,118 P1468 INFO ===
2023-10-16 13:26:11,118 P1468 INFO [Metrics] AUC: 0.807742 - logloss: 0.443631
2023-10-16 13:26:11,127 P1468 INFO Save best model: monitor(max)=0.364112
2023-10-16 13:26:12,314 P1468 INFO ************ Epoch=3 end ************
2023-10-16 13:31:21,594 P1468 INFO Train loss: 2.002453
2023-10-16 13:31:21,594 P1468 INFO Evaluation @epoch 4 - batch 3668: 
2023-10-16 13:31:36,179 P1468 INFO ===
2023-10-16 13:31:36,179 P1468 INFO [Metrics] AUC: 0.808401 - logloss: 0.443116
2023-10-16 13:31:36,185 P1468 INFO Save best model: monitor(max)=0.365285
2023-10-16 13:31:37,351 P1468 INFO ************ Epoch=4 end ************
2023-10-16 13:36:46,385 P1468 INFO Train loss: 2.001670
2023-10-16 13:36:46,386 P1468 INFO Evaluation @epoch 5 - batch 3668: 
2023-10-16 13:37:01,256 P1468 INFO ===
2023-10-16 13:37:01,256 P1468 INFO [Metrics] AUC: 0.809015 - logloss: 0.442428
2023-10-16 13:37:01,263 P1468 INFO Save best model: monitor(max)=0.366586
2023-10-16 13:37:02,458 P1468 INFO ************ Epoch=5 end ************
2023-10-16 13:42:11,175 P1468 INFO Train loss: 2.001147
2023-10-16 13:42:11,176 P1468 INFO Evaluation @epoch 6 - batch 3668: 
2023-10-16 13:42:25,808 P1468 INFO ===
2023-10-16 13:42:25,808 P1468 INFO [Metrics] AUC: 0.809317 - logloss: 0.442179
2023-10-16 13:42:25,814 P1468 INFO Save best model: monitor(max)=0.367138
2023-10-16 13:42:26,962 P1468 INFO ************ Epoch=6 end ************
2023-10-16 13:47:35,919 P1468 INFO Train loss: 2.000800
2023-10-16 13:47:35,920 P1468 INFO Evaluation @epoch 7 - batch 3668: 
2023-10-16 13:47:50,504 P1468 INFO ===
2023-10-16 13:47:50,505 P1468 INFO [Metrics] AUC: 0.809605 - logloss: 0.441998
2023-10-16 13:47:50,512 P1468 INFO Save best model: monitor(max)=0.367608
2023-10-16 13:47:51,657 P1468 INFO ************ Epoch=7 end ************
2023-10-16 13:53:00,480 P1468 INFO Train loss: 2.000478
2023-10-16 13:53:00,480 P1468 INFO Evaluation @epoch 8 - batch 3668: 
2023-10-16 13:53:15,039 P1468 INFO ===
2023-10-16 13:53:15,040 P1468 INFO [Metrics] AUC: 0.809477 - logloss: 0.442060
2023-10-16 13:53:15,048 P1468 INFO Monitor(max)=0.367417 STOP!
2023-10-16 13:53:15,048 P1468 INFO Reduce learning rate on plateau: 0.000050
2023-10-16 13:53:15,242 P1468 INFO ************ Epoch=8 end ************
2023-10-16 13:58:24,256 P1468 INFO Train loss: 1.982685
2023-10-16 13:58:24,257 P1468 INFO Evaluation @epoch 9 - batch 3668: 
2023-10-16 13:58:39,002 P1468 INFO ===
2023-10-16 13:58:39,002 P1468 INFO [Metrics] AUC: 0.813700 - logloss: 0.438154
2023-10-16 13:58:39,014 P1468 INFO Save best model: monitor(max)=0.375546
2023-10-16 13:58:40,183 P1468 INFO ************ Epoch=9 end ************
2023-10-16 14:03:48,781 P1468 INFO Train loss: 1.977119
2023-10-16 14:03:48,781 P1468 INFO Evaluation @epoch 10 - batch 3668: 
2023-10-16 14:04:03,301 P1468 INFO ===
2023-10-16 14:04:03,301 P1468 INFO [Metrics] AUC: 0.814214 - logloss: 0.437692
2023-10-16 14:04:03,308 P1468 INFO Save best model: monitor(max)=0.376522
2023-10-16 14:04:04,460 P1468 INFO ************ Epoch=10 end ************
2023-10-16 14:09:13,226 P1468 INFO Train loss: 1.974518
2023-10-16 14:09:13,226 P1468 INFO Evaluation @epoch 11 - batch 3668: 
2023-10-16 14:09:27,699 P1468 INFO ===
2023-10-16 14:09:27,700 P1468 INFO [Metrics] AUC: 0.814071 - logloss: 0.438082
2023-10-16 14:09:27,707 P1468 INFO Monitor(max)=0.375989 STOP!
2023-10-16 14:09:27,707 P1468 INFO Reduce learning rate on plateau: 0.000005
2023-10-16 14:09:28,128 P1468 INFO ************ Epoch=11 end ************
2023-10-16 14:14:36,974 P1468 INFO Train loss: 1.965647
2023-10-16 14:14:36,974 P1468 INFO Evaluation @epoch 12 - batch 3668: 
2023-10-16 14:14:51,406 P1468 INFO ===
2023-10-16 14:14:51,406 P1468 INFO [Metrics] AUC: 0.812359 - logloss: 0.440145
2023-10-16 14:14:51,416 P1468 INFO Monitor(max)=0.372214 STOP!
2023-10-16 14:14:51,416 P1468 INFO Reduce learning rate on plateau: 0.000001
2023-10-16 14:14:51,416 P1468 INFO ********* Epoch==12 early stop *********
2023-10-16 14:14:51,596 P1468 INFO Training finished.
2023-10-16 14:14:51,596 P1468 INFO Load best model: /root/autodl-tmp/model_zoo/CETN/CETN_torch/checkpoints/Criteo_x4_h5/CETN_Criteo_005_818f9fb4.model
2023-10-16 14:14:51,919 P1468 INFO ****** Validation evaluation ******
2023-10-16 14:15:06,432 P1468 INFO ===
2023-10-16 14:15:06,432 P1468 INFO [Metrics] logloss: 0.437692 - AUC: 0.814214
2023-10-16 14:15:06,969 P1468 INFO ******** Test evaluation ********
2023-10-16 14:15:06,969 P1468 INFO Loading data...
2023-10-16 14:15:06,970 P1468 INFO Loading data from h5: ../../../data/Criteo_x4_h5/test.h5
2023-10-16 14:15:09,084 P1468 INFO Test samples: total/4584062, blocks/1
2023-10-16 14:15:09,084 P1468 INFO Loading test data done.
2023-10-16 14:15:23,668 P1468 INFO ===
2023-10-16 14:15:23,669 P1468 INFO [Metrics] logloss: 0.437338 - AUC: 0.814613
