2023-10-16 21:14:47,145 P439343 INFO Params: {
    "V_net_dropout": "0.2",
    "W_net_dropout": "0.2",
    "alpha": "0.2",
    "batch_norm": "False",
    "batch_size": "10000",
    "beta": "0.2",
    "cl_temperature": "0.5",
    "data_format": "h5",
    "data_root": "../../../data/",
    "dataset_id": "Criteo_x4_h5",
    "debug_mode": "False",
    "delta": "0.3",
    "early_stop_patience": "2",
    "embedding_dim": "20",
    "embedding_regularizer": "0.0001",
    "epochs": "100",
    "eps": "1e-05",
    "eval_steps": "None",
    "feature_cols": "[{'active': True, 'dtype': 'float', 'fill_na': 0, 'name': ['I1', 'I2', 'I3', 'I4', 'I5', 'I6', 'I7', 'I8', 'I9', 'I10', 'I11', 'I12', 'I13'], 'preprocess': 'convert_to_bucket', 'type': 'categorical'}, {'active': True, 'dtype': 'str', 'fill_na': '', 'name': ['C1', 'C2', 'C3', 'C4', 'C5', 'C6', 'C7', 'C8', 'C9', 'C10', 'C11', 'C12', 'C13', 'C14', 'C15', 'C16', 'C17', 'C18', 'C19', 'C20', 'C21', 'C22', 'C23', 'C24', 'C25', 'C26'], 'type': 'categorical'}]",
    "feature_config": "None",
    "feature_specs": "None",
    "fi_hidden_units": "[1024, 512, 256]",
    "gpu": "5",
    "group_id": "None",
    "hidden_activations": "['mish', 'leaky_relu', 'prelu']",
    "label_col": "{'dtype': 'float', 'name': 'Label'}",
    "learning_rate": "0.0005",
    "loss": "binary_crossentropy",
    "metrics": "['logloss', 'AUC']",
    "min_categr_count": "2",
    "model": "CETN",
    "model_id": "CETN_Criteo_032_ee0c7fde",
    "model_root": "./checkpoints/",
    "monitor": "{'AUC': 1, 'logloss': -1}",
    "monitor_mode": "max",
    "net_regularizer": "0",
    "num_workers": "3",
    "optimizer": "adam",
    "perturbed": "False",
    "pickle_feature_encoder": "True",
    "save_best_only": "True",
    "seed": "2023",
    "shuffle": "True",
    "task": "binary_classification",
    "test_data": "../../../data/Criteo_x4_h5/test.h5",
    "through": "True",
    "train_data": "../../../data/Criteo_x4_h5/train.h5",
    "use_features": "None",
    "valid_data": "../../../data/Criteo_x4_h5/valid.h5",
    "verbose": "1",
    "w_hidden_units": "[512, 512]"
}
2023-10-16 21:14:47,146 P439343 INFO Load feature_map from json: ../../../data/Criteo_x4_h5/feature_map.json
2023-10-16 21:14:47,146 P439343 INFO Set column index...
2023-10-16 21:14:47,146 P439343 INFO Feature specs: {
    "C1": "{'source': '', 'type': 'categorical', 'padding_idx': 0, 'oov_idx': 1461, 'vocab_size': 1462}",
    "C10": "{'source': '', 'type': 'categorical', 'padding_idx': 0, 'oov_idx': 70514, 'vocab_size': 70515}",
    "C11": "{'source': '', 'type': 'categorical', 'padding_idx': 0, 'oov_idx': 5517, 'vocab_size': 5518}",
    "C12": "{'source': '', 'type': 'categorical', 'padding_idx': 0, 'oov_idx': 1224132, 'vocab_size': 1224133}",
    "C13": "{'source': '', 'type': 'categorical', 'padding_idx': 0, 'oov_idx': 3193, 'vocab_size': 3194}",
    "C14": "{'source': '', 'type': 'categorical', 'padding_idx': 0, 'oov_idx': 28, 'vocab_size': 29}",
    "C15": "{'source': '', 'type': 'categorical', 'padding_idx': 0, 'oov_idx': 13600, 'vocab_size': 13601}",
    "C16": "{'source': '', 'type': 'categorical', 'padding_idx': 0, 'oov_idx': 1004793, 'vocab_size': 1004794}",
    "C17": "{'source': '', 'type': 'categorical', 'padding_idx': 0, 'oov_idx': 11, 'vocab_size': 12}",
    "C18": "{'source': '', 'type': 'categorical', 'padding_idx': 0, 'oov_idx': 5230, 'vocab_size': 5231}",
    "C19": "{'source': '', 'type': 'categorical', 'padding_idx': 0, 'oov_idx': 2144, 'vocab_size': 2145}",
    "C2": "{'source': '', 'type': 'categorical', 'padding_idx': 0, 'oov_idx': 563, 'vocab_size': 564}",
    "C20": "{'source': '', 'type': 'categorical', 'padding_idx': 0, 'oov_idx': 4, 'vocab_size': 5}",
    "C21": "{'source': '', 'type': 'categorical', 'padding_idx': 0, 'oov_idx': 1162912, 'vocab_size': 1162913}",
    "C22": "{'source': '', 'type': 'categorical', 'padding_idx': 0, 'oov_idx': 18, 'vocab_size': 19}",
    "C23": "{'source': '', 'type': 'categorical', 'padding_idx': 0, 'oov_idx': 16, 'vocab_size': 17}",
    "C24": "{'source': '', 'type': 'categorical', 'padding_idx': 0, 'oov_idx': 141672, 'vocab_size': 141673}",
    "C25": "{'source': '', 'type': 'categorical', 'padding_idx': 0, 'oov_idx': 101, 'vocab_size': 102}",
    "C26": "{'source': '', 'type': 'categorical', 'padding_idx': 0, 'oov_idx': 92085, 'vocab_size': 92086}",
    "C3": "{'source': '', 'type': 'categorical', 'padding_idx': 0, 'oov_idx': 1244768, 'vocab_size': 1244769}",
    "C4": "{'source': '', 'type': 'categorical', 'padding_idx': 0, 'oov_idx': 562022, 'vocab_size': 562023}",
    "C5": "{'source': '', 'type': 'categorical', 'padding_idx': 0, 'oov_idx': 306, 'vocab_size': 307}",
    "C6": "{'source': '', 'type': 'categorical', 'padding_idx': 0, 'oov_idx': 22, 'vocab_size': 23}",
    "C7": "{'source': '', 'type': 'categorical', 'padding_idx': 0, 'oov_idx': 12368, 'vocab_size': 12369}",
    "C8": "{'source': '', 'type': 'categorical', 'padding_idx': 0, 'oov_idx': 634, 'vocab_size': 635}",
    "C9": "{'source': '', 'type': 'categorical', 'padding_idx': 0, 'oov_idx': 4, 'vocab_size': 5}",
    "I1": "{'source': '', 'type': 'categorical', 'padding_idx': 0, 'oov_idx': 53, 'vocab_size': 54}",
    "I10": "{'source': '', 'type': 'categorical', 'padding_idx': 0, 'oov_idx': 6, 'vocab_size': 7}",
    "I11": "{'source': '', 'type': 'categorical', 'padding_idx': 0, 'oov_idx': 26, 'vocab_size': 27}",
    "I12": "{'source': '', 'type': 'categorical', 'padding_idx': 0, 'oov_idx': 47, 'vocab_size': 48}",
    "I13": "{'source': '', 'type': 'categorical', 'padding_idx': 0, 'oov_idx': 76, 'vocab_size': 77}",
    "I2": "{'source': '', 'type': 'categorical', 'padding_idx': 0, 'oov_idx': 104, 'vocab_size': 105}",
    "I3": "{'source': '', 'type': 'categorical', 'padding_idx': 0, 'oov_idx': 123, 'vocab_size': 124}",
    "I4": "{'source': '', 'type': 'categorical', 'padding_idx': 0, 'oov_idx': 45, 'vocab_size': 46}",
    "I5": "{'source': '', 'type': 'categorical', 'padding_idx': 0, 'oov_idx': 220, 'vocab_size': 221}",
    "I6": "{'source': '', 'type': 'categorical', 'padding_idx': 0, 'oov_idx': 133, 'vocab_size': 134}",
    "I7": "{'source': '', 'type': 'categorical', 'padding_idx': 0, 'oov_idx': 90, 'vocab_size': 91}",
    "I8": "{'source': '', 'type': 'categorical', 'padding_idx': 0, 'oov_idx': 76, 'vocab_size': 77}",
    "I9": "{'source': '', 'type': 'categorical', 'padding_idx': 0, 'oov_idx': 96, 'vocab_size': 97}"
}
2023-10-16 21:14:52,673 P439343 INFO Total number of parameters: 140107862.
2023-10-16 21:14:52,673 P439343 INFO Loading data...
2023-10-16 21:14:52,673 P439343 INFO Loading data from h5: ../../../data/Criteo_x4_h5/train.h5
2023-10-16 21:15:10,938 P439343 INFO Train samples: total/36672493, blocks/1
2023-10-16 21:15:10,938 P439343 INFO Loading data from h5: ../../../data/Criteo_x4_h5/valid.h5
2023-10-16 21:15:13,314 P439343 INFO Validation samples: total/4584062, blocks/1
2023-10-16 21:15:13,314 P439343 INFO Loading train and validation data done.
2023-10-16 21:15:13,314 P439343 INFO Start training: 3668 batches/epoch
2023-10-16 21:15:13,314 P439343 INFO ************ Epoch=1 start ************
2023-10-16 21:20:23,596 P439343 INFO Train loss: 1.894912
2023-10-16 21:20:23,596 P439343 INFO Evaluation @epoch 1 - batch 3668: 
2023-10-16 21:20:38,332 P439343 INFO ===
2023-10-16 21:20:38,332 P439343 INFO [Metrics] AUC: 0.805268 - logloss: 0.446831
2023-10-16 21:20:38,346 P439343 INFO Save best model: monitor(max)=0.358436
2023-10-16 21:20:39,466 P439343 INFO ************ Epoch=1 end ************
2023-10-16 21:25:51,041 P439343 INFO Train loss: 1.885573
2023-10-16 21:25:51,042 P439343 INFO Evaluation @epoch 2 - batch 3668: 
2023-10-16 21:26:06,026 P439343 INFO ===
2023-10-16 21:26:06,026 P439343 INFO [Metrics] AUC: 0.807138 - logloss: 0.445756
2023-10-16 21:26:06,033 P439343 INFO Save best model: monitor(max)=0.361382
2023-10-16 21:26:07,116 P439343 INFO ************ Epoch=2 end ************
2023-10-16 21:31:18,819 P439343 INFO Train loss: 1.883693
2023-10-16 21:31:18,819 P439343 INFO Evaluation @epoch 3 - batch 3668: 
2023-10-16 21:31:33,764 P439343 INFO ===
2023-10-16 21:31:33,764 P439343 INFO [Metrics] AUC: 0.808203 - logloss: 0.443226
2023-10-16 21:31:33,770 P439343 INFO Save best model: monitor(max)=0.364977
2023-10-16 21:31:34,871 P439343 INFO ************ Epoch=3 end ************
2023-10-16 21:36:47,807 P439343 INFO Train loss: 1.882738
2023-10-16 21:36:47,807 P439343 INFO Evaluation @epoch 4 - batch 3668: 
2023-10-16 21:37:02,958 P439343 INFO ===
2023-10-16 21:37:02,958 P439343 INFO [Metrics] AUC: 0.808665 - logloss: 0.442768
2023-10-16 21:37:02,963 P439343 INFO Save best model: monitor(max)=0.365897
2023-10-16 21:37:04,023 P439343 INFO ************ Epoch=4 end ************
2023-10-16 21:42:17,048 P439343 INFO Train loss: 1.882084
2023-10-16 21:42:17,048 P439343 INFO Evaluation @epoch 5 - batch 3668: 
2023-10-16 21:42:31,995 P439343 INFO ===
2023-10-16 21:42:31,996 P439343 INFO [Metrics] AUC: 0.809148 - logloss: 0.442323
2023-10-16 21:42:32,002 P439343 INFO Save best model: monitor(max)=0.366825
2023-10-16 21:42:33,311 P439343 INFO ************ Epoch=5 end ************
2023-10-16 21:47:46,040 P439343 INFO Train loss: 1.881642
2023-10-16 21:47:46,040 P439343 INFO Evaluation @epoch 6 - batch 3668: 
2023-10-16 21:48:00,868 P439343 INFO ===
2023-10-16 21:48:00,868 P439343 INFO [Metrics] AUC: 0.809450 - logloss: 0.442031
2023-10-16 21:48:00,875 P439343 INFO Save best model: monitor(max)=0.367420
2023-10-16 21:48:02,002 P439343 INFO ************ Epoch=6 end ************
2023-10-16 21:53:13,956 P439343 INFO Train loss: 1.881293
2023-10-16 21:53:13,957 P439343 INFO Evaluation @epoch 7 - batch 3668: 
2023-10-16 21:53:28,612 P439343 INFO ===
2023-10-16 21:53:28,612 P439343 INFO [Metrics] AUC: 0.809766 - logloss: 0.441748
2023-10-16 21:53:28,618 P439343 INFO Save best model: monitor(max)=0.368018
2023-10-16 21:53:29,764 P439343 INFO ************ Epoch=7 end ************
2023-10-16 21:58:42,307 P439343 INFO Train loss: 1.881024
2023-10-16 21:58:42,307 P439343 INFO Evaluation @epoch 8 - batch 3668: 
2023-10-16 21:58:57,032 P439343 INFO ===
2023-10-16 21:58:57,032 P439343 INFO [Metrics] AUC: 0.809730 - logloss: 0.441840
2023-10-16 21:58:57,038 P439343 INFO Monitor(max)=0.367890 STOP!
2023-10-16 21:58:57,039 P439343 INFO Reduce learning rate on plateau: 0.000050
2023-10-16 21:58:57,261 P439343 INFO ************ Epoch=8 end ************
2023-10-16 22:04:09,945 P439343 INFO Train loss: 1.863328
2023-10-16 22:04:09,946 P439343 INFO Evaluation @epoch 9 - batch 3668: 
2023-10-16 22:04:24,720 P439343 INFO ===
2023-10-16 22:04:24,720 P439343 INFO [Metrics] AUC: 0.813602 - logloss: 0.438276
2023-10-16 22:04:24,730 P439343 INFO Save best model: monitor(max)=0.375325
2023-10-16 22:04:25,908 P439343 INFO ************ Epoch=9 end ************
2023-10-16 22:09:39,072 P439343 INFO Train loss: 1.857707
2023-10-16 22:09:39,073 P439343 INFO Evaluation @epoch 10 - batch 3668: 
2023-10-16 22:09:53,950 P439343 INFO ===
2023-10-16 22:09:53,950 P439343 INFO [Metrics] AUC: 0.814027 - logloss: 0.437994
2023-10-16 22:09:53,956 P439343 INFO Save best model: monitor(max)=0.376033
2023-10-16 22:09:55,118 P439343 INFO ************ Epoch=10 end ************
2023-10-16 22:15:07,573 P439343 INFO Train loss: 1.854988
2023-10-16 22:15:07,573 P439343 INFO Evaluation @epoch 11 - batch 3668: 
2023-10-16 22:15:22,547 P439343 INFO ===
2023-10-16 22:15:22,548 P439343 INFO [Metrics] AUC: 0.813815 - logloss: 0.438526
2023-10-16 22:15:22,554 P439343 INFO Monitor(max)=0.375289 STOP!
2023-10-16 22:15:22,554 P439343 INFO Reduce learning rate on plateau: 0.000005
2023-10-16 22:15:22,896 P439343 INFO ************ Epoch=11 end ************
2023-10-16 22:20:35,065 P439343 INFO Train loss: 1.845933
2023-10-16 22:20:35,065 P439343 INFO Evaluation @epoch 12 - batch 3668: 
2023-10-16 22:20:49,968 P439343 INFO ===
2023-10-16 22:20:49,968 P439343 INFO [Metrics] AUC: 0.811598 - logloss: 0.441598
2023-10-16 22:20:49,978 P439343 INFO Monitor(max)=0.370001 STOP!
2023-10-16 22:20:49,978 P439343 INFO Reduce learning rate on plateau: 0.000001
2023-10-16 22:20:49,978 P439343 INFO ********* Epoch==12 early stop *********
2023-10-16 22:20:50,416 P439343 INFO Training finished.
2023-10-16 22:20:50,416 P439343 INFO Load best model: /root/autodl-tmp/model_zoo/CETN/CETN_torch/checkpoints/Criteo_x4_h5/CETN_Criteo_032_ee0c7fde.model
2023-10-16 22:20:50,726 P439343 INFO ****** Validation evaluation ******
2023-10-16 22:21:05,601 P439343 INFO ===
2023-10-16 22:21:05,602 P439343 INFO [Metrics] logloss: 0.437994 - AUC: 0.814027
2023-10-16 22:21:06,226 P439343 INFO ******** Test evaluation ********
2023-10-16 22:21:06,226 P439343 INFO Loading data...
2023-10-16 22:21:06,226 P439343 INFO Loading data from h5: ../../../data/Criteo_x4_h5/test.h5
2023-10-16 22:21:08,371 P439343 INFO Test samples: total/4584062, blocks/1
2023-10-16 22:21:08,372 P439343 INFO Loading test data done.
2023-10-16 22:21:23,088 P439343 INFO ===
2023-10-16 22:21:23,088 P439343 INFO [Metrics] logloss: 0.437554 - AUC: 0.814525
