2023-10-16 23:27:09,525 P687266 INFO Params: {
    "V_net_dropout": "0.2",
    "W_net_dropout": "0.2",
    "alpha": "0.2",
    "batch_norm": "False",
    "batch_size": "10000",
    "beta": "0.3",
    "cl_temperature": "0.5",
    "data_format": "h5",
    "data_root": "../../../data/",
    "dataset_id": "Criteo_x4_h5",
    "debug_mode": "False",
    "delta": "0.2",
    "early_stop_patience": "2",
    "embedding_dim": "20",
    "embedding_regularizer": "0.0001",
    "epochs": "100",
    "eps": "1e-05",
    "eval_steps": "None",
    "feature_cols": "[{'active': True, 'dtype': 'float', 'fill_na': 0, 'name': ['I1', 'I2', 'I3', 'I4', 'I5', 'I6', 'I7', 'I8', 'I9', 'I10', 'I11', 'I12', 'I13'], 'preprocess': 'convert_to_bucket', 'type': 'categorical'}, {'active': True, 'dtype': 'str', 'fill_na': '', 'name': ['C1', 'C2', 'C3', 'C4', 'C5', 'C6', 'C7', 'C8', 'C9', 'C10', 'C11', 'C12', 'C13', 'C14', 'C15', 'C16', 'C17', 'C18', 'C19', 'C20', 'C21', 'C22', 'C23', 'C24', 'C25', 'C26'], 'type': 'categorical'}]",
    "feature_config": "None",
    "feature_specs": "None",
    "fi_hidden_units": "[1024, 512, 256]",
    "gpu": "2",
    "group_id": "None",
    "hidden_activations": "['mish', 'leaky_relu', 'prelu']",
    "label_col": "{'dtype': 'float', 'name': 'Label'}",
    "learning_rate": "0.0005",
    "loss": "binary_crossentropy",
    "metrics": "['logloss', 'AUC']",
    "min_categr_count": "2",
    "model": "CETN",
    "model_id": "CETN_Criteo_047_ee0c7fde",
    "model_root": "./checkpoints/",
    "monitor": "{'AUC': 1, 'logloss': -1}",
    "monitor_mode": "max",
    "net_regularizer": "0",
    "num_workers": "3",
    "optimizer": "adam",
    "perturbed": "False",
    "pickle_feature_encoder": "True",
    "save_best_only": "True",
    "seed": "2023",
    "shuffle": "True",
    "task": "binary_classification",
    "test_data": "../../../data/Criteo_x4_h5/test.h5",
    "through": "True",
    "train_data": "../../../data/Criteo_x4_h5/train.h5",
    "use_features": "None",
    "valid_data": "../../../data/Criteo_x4_h5/valid.h5",
    "verbose": "1",
    "w_hidden_units": "[512, 512]"
}
2023-10-16 23:27:09,525 P687266 INFO Load feature_map from json: ../../../data/Criteo_x4_h5/feature_map.json
2023-10-16 23:27:09,526 P687266 INFO Set column index...
2023-10-16 23:27:09,526 P687266 INFO Feature specs: {
    "C1": "{'source': '', 'type': 'categorical', 'padding_idx': 0, 'oov_idx': 1461, 'vocab_size': 1462}",
    "C10": "{'source': '', 'type': 'categorical', 'padding_idx': 0, 'oov_idx': 70514, 'vocab_size': 70515}",
    "C11": "{'source': '', 'type': 'categorical', 'padding_idx': 0, 'oov_idx': 5517, 'vocab_size': 5518}",
    "C12": "{'source': '', 'type': 'categorical', 'padding_idx': 0, 'oov_idx': 1224132, 'vocab_size': 1224133}",
    "C13": "{'source': '', 'type': 'categorical', 'padding_idx': 0, 'oov_idx': 3193, 'vocab_size': 3194}",
    "C14": "{'source': '', 'type': 'categorical', 'padding_idx': 0, 'oov_idx': 28, 'vocab_size': 29}",
    "C15": "{'source': '', 'type': 'categorical', 'padding_idx': 0, 'oov_idx': 13600, 'vocab_size': 13601}",
    "C16": "{'source': '', 'type': 'categorical', 'padding_idx': 0, 'oov_idx': 1004793, 'vocab_size': 1004794}",
    "C17": "{'source': '', 'type': 'categorical', 'padding_idx': 0, 'oov_idx': 11, 'vocab_size': 12}",
    "C18": "{'source': '', 'type': 'categorical', 'padding_idx': 0, 'oov_idx': 5230, 'vocab_size': 5231}",
    "C19": "{'source': '', 'type': 'categorical', 'padding_idx': 0, 'oov_idx': 2144, 'vocab_size': 2145}",
    "C2": "{'source': '', 'type': 'categorical', 'padding_idx': 0, 'oov_idx': 563, 'vocab_size': 564}",
    "C20": "{'source': '', 'type': 'categorical', 'padding_idx': 0, 'oov_idx': 4, 'vocab_size': 5}",
    "C21": "{'source': '', 'type': 'categorical', 'padding_idx': 0, 'oov_idx': 1162912, 'vocab_size': 1162913}",
    "C22": "{'source': '', 'type': 'categorical', 'padding_idx': 0, 'oov_idx': 18, 'vocab_size': 19}",
    "C23": "{'source': '', 'type': 'categorical', 'padding_idx': 0, 'oov_idx': 16, 'vocab_size': 17}",
    "C24": "{'source': '', 'type': 'categorical', 'padding_idx': 0, 'oov_idx': 141672, 'vocab_size': 141673}",
    "C25": "{'source': '', 'type': 'categorical', 'padding_idx': 0, 'oov_idx': 101, 'vocab_size': 102}",
    "C26": "{'source': '', 'type': 'categorical', 'padding_idx': 0, 'oov_idx': 92085, 'vocab_size': 92086}",
    "C3": "{'source': '', 'type': 'categorical', 'padding_idx': 0, 'oov_idx': 1244768, 'vocab_size': 1244769}",
    "C4": "{'source': '', 'type': 'categorical', 'padding_idx': 0, 'oov_idx': 562022, 'vocab_size': 562023}",
    "C5": "{'source': '', 'type': 'categorical', 'padding_idx': 0, 'oov_idx': 306, 'vocab_size': 307}",
    "C6": "{'source': '', 'type': 'categorical', 'padding_idx': 0, 'oov_idx': 22, 'vocab_size': 23}",
    "C7": "{'source': '', 'type': 'categorical', 'padding_idx': 0, 'oov_idx': 12368, 'vocab_size': 12369}",
    "C8": "{'source': '', 'type': 'categorical', 'padding_idx': 0, 'oov_idx': 634, 'vocab_size': 635}",
    "C9": "{'source': '', 'type': 'categorical', 'padding_idx': 0, 'oov_idx': 4, 'vocab_size': 5}",
    "I1": "{'source': '', 'type': 'categorical', 'padding_idx': 0, 'oov_idx': 53, 'vocab_size': 54}",
    "I10": "{'source': '', 'type': 'categorical', 'padding_idx': 0, 'oov_idx': 6, 'vocab_size': 7}",
    "I11": "{'source': '', 'type': 'categorical', 'padding_idx': 0, 'oov_idx': 26, 'vocab_size': 27}",
    "I12": "{'source': '', 'type': 'categorical', 'padding_idx': 0, 'oov_idx': 47, 'vocab_size': 48}",
    "I13": "{'source': '', 'type': 'categorical', 'padding_idx': 0, 'oov_idx': 76, 'vocab_size': 77}",
    "I2": "{'source': '', 'type': 'categorical', 'padding_idx': 0, 'oov_idx': 104, 'vocab_size': 105}",
    "I3": "{'source': '', 'type': 'categorical', 'padding_idx': 0, 'oov_idx': 123, 'vocab_size': 124}",
    "I4": "{'source': '', 'type': 'categorical', 'padding_idx': 0, 'oov_idx': 45, 'vocab_size': 46}",
    "I5": "{'source': '', 'type': 'categorical', 'padding_idx': 0, 'oov_idx': 220, 'vocab_size': 221}",
    "I6": "{'source': '', 'type': 'categorical', 'padding_idx': 0, 'oov_idx': 133, 'vocab_size': 134}",
    "I7": "{'source': '', 'type': 'categorical', 'padding_idx': 0, 'oov_idx': 90, 'vocab_size': 91}",
    "I8": "{'source': '', 'type': 'categorical', 'padding_idx': 0, 'oov_idx': 76, 'vocab_size': 77}",
    "I9": "{'source': '', 'type': 'categorical', 'padding_idx': 0, 'oov_idx': 96, 'vocab_size': 97}"
}
2023-10-16 23:27:14,531 P687266 INFO Total number of parameters: 140107862.
2023-10-16 23:27:14,531 P687266 INFO Loading data...
2023-10-16 23:27:14,531 P687266 INFO Loading data from h5: ../../../data/Criteo_x4_h5/train.h5
2023-10-16 23:27:30,931 P687266 INFO Train samples: total/36672493, blocks/1
2023-10-16 23:27:30,931 P687266 INFO Loading data from h5: ../../../data/Criteo_x4_h5/valid.h5
2023-10-16 23:27:32,967 P687266 INFO Validation samples: total/4584062, blocks/1
2023-10-16 23:27:32,967 P687266 INFO Loading train and validation data done.
2023-10-16 23:27:32,967 P687266 INFO Start training: 3668 batches/epoch
2023-10-16 23:27:32,967 P687266 INFO ************ Epoch=1 start ************
2023-10-16 23:32:41,534 P687266 INFO Train loss: 1.895656
2023-10-16 23:32:41,534 P687266 INFO Evaluation @epoch 1 - batch 3668: 
2023-10-16 23:32:56,536 P687266 INFO ===
2023-10-16 23:32:56,536 P687266 INFO [Metrics] AUC: 0.805090 - logloss: 0.446667
2023-10-16 23:32:56,546 P687266 INFO Save best model: monitor(max)=0.358424
2023-10-16 23:32:57,765 P687266 INFO ************ Epoch=1 end ************
2023-10-16 23:38:05,966 P687266 INFO Train loss: 1.886292
2023-10-16 23:38:05,966 P687266 INFO Evaluation @epoch 2 - batch 3668: 
2023-10-16 23:38:21,123 P687266 INFO ===
2023-10-16 23:38:21,124 P687266 INFO [Metrics] AUC: 0.807104 - logloss: 0.445320
2023-10-16 23:38:21,130 P687266 INFO Save best model: monitor(max)=0.361785
2023-10-16 23:38:22,438 P687266 INFO ************ Epoch=2 end ************
2023-10-16 23:43:31,029 P687266 INFO Train loss: 1.884435
2023-10-16 23:43:31,029 P687266 INFO Evaluation @epoch 3 - batch 3668: 
2023-10-16 23:43:46,173 P687266 INFO ===
2023-10-16 23:43:46,173 P687266 INFO [Metrics] AUC: 0.808118 - logloss: 0.443290
2023-10-16 23:43:46,179 P687266 INFO Save best model: monitor(max)=0.364827
2023-10-16 23:43:47,444 P687266 INFO ************ Epoch=3 end ************
2023-10-16 23:48:55,351 P687266 INFO Train loss: 1.883477
2023-10-16 23:48:55,352 P687266 INFO Evaluation @epoch 4 - batch 3668: 
2023-10-16 23:49:10,529 P687266 INFO ===
2023-10-16 23:49:10,529 P687266 INFO [Metrics] AUC: 0.808595 - logloss: 0.442873
2023-10-16 23:49:10,535 P687266 INFO Save best model: monitor(max)=0.365721
2023-10-16 23:49:11,828 P687266 INFO ************ Epoch=4 end ************
2023-10-16 23:54:19,943 P687266 INFO Train loss: 1.882823
2023-10-16 23:54:19,943 P687266 INFO Evaluation @epoch 5 - batch 3668: 
2023-10-16 23:54:35,071 P687266 INFO ===
2023-10-16 23:54:35,071 P687266 INFO [Metrics] AUC: 0.809133 - logloss: 0.442344
2023-10-16 23:54:35,077 P687266 INFO Save best model: monitor(max)=0.366789
2023-10-16 23:54:36,364 P687266 INFO ************ Epoch=5 end ************
2023-10-16 23:59:44,758 P687266 INFO Train loss: 1.882340
2023-10-16 23:59:44,759 P687266 INFO Evaluation @epoch 6 - batch 3668: 
2023-10-16 23:59:59,683 P687266 INFO ===
2023-10-16 23:59:59,683 P687266 INFO [Metrics] AUC: 0.809532 - logloss: 0.441999
2023-10-16 23:59:59,689 P687266 INFO Save best model: monitor(max)=0.367533
2023-10-17 00:00:00,969 P687266 INFO ************ Epoch=6 end ************
2023-10-17 00:05:11,664 P687266 INFO Train loss: 1.882000
2023-10-17 00:05:11,665 P687266 INFO Evaluation @epoch 7 - batch 3668: 
2023-10-17 00:05:26,821 P687266 INFO ===
2023-10-17 00:05:26,822 P687266 INFO [Metrics] AUC: 0.809751 - logloss: 0.441788
2023-10-17 00:05:26,828 P687266 INFO Save best model: monitor(max)=0.367963
2023-10-17 00:05:28,219 P687266 INFO ************ Epoch=7 end ************
2023-10-17 00:10:35,961 P687266 INFO Train loss: 1.881721
2023-10-17 00:10:35,961 P687266 INFO Evaluation @epoch 8 - batch 3668: 
2023-10-17 00:10:50,917 P687266 INFO ===
2023-10-17 00:10:50,918 P687266 INFO [Metrics] AUC: 0.809658 - logloss: 0.441868
2023-10-17 00:10:50,923 P687266 INFO Monitor(max)=0.367791 STOP!
2023-10-17 00:10:50,923 P687266 INFO Reduce learning rate on plateau: 0.000050
2023-10-17 00:10:51,402 P687266 INFO ************ Epoch=8 end ************
2023-10-17 00:15:59,533 P687266 INFO Train loss: 1.864096
2023-10-17 00:15:59,533 P687266 INFO Evaluation @epoch 9 - batch 3668: 
2023-10-17 00:16:14,696 P687266 INFO ===
2023-10-17 00:16:14,696 P687266 INFO [Metrics] AUC: 0.813733 - logloss: 0.438156
2023-10-17 00:16:14,705 P687266 INFO Save best model: monitor(max)=0.375577
2023-10-17 00:16:16,050 P687266 INFO ************ Epoch=9 end ************
2023-10-17 00:21:24,235 P687266 INFO Train loss: 1.858605
2023-10-17 00:21:24,235 P687266 INFO Evaluation @epoch 10 - batch 3668: 
2023-10-17 00:21:39,349 P687266 INFO ===
2023-10-17 00:21:39,350 P687266 INFO [Metrics] AUC: 0.814284 - logloss: 0.437733
2023-10-17 00:21:39,355 P687266 INFO Save best model: monitor(max)=0.376551
2023-10-17 00:21:40,735 P687266 INFO ************ Epoch=10 end ************
2023-10-17 00:26:48,937 P687266 INFO Train loss: 1.856076
2023-10-17 00:26:48,938 P687266 INFO Evaluation @epoch 11 - batch 3668: 
2023-10-17 00:27:04,185 P687266 INFO ===
2023-10-17 00:27:04,185 P687266 INFO [Metrics] AUC: 0.814182 - logloss: 0.438114
2023-10-17 00:27:04,192 P687266 INFO Monitor(max)=0.376068 STOP!
2023-10-17 00:27:04,192 P687266 INFO Reduce learning rate on plateau: 0.000005
2023-10-17 00:27:04,693 P687266 INFO ************ Epoch=11 end ************
2023-10-17 00:32:12,750 P687266 INFO Train loss: 1.847043
2023-10-17 00:32:12,751 P687266 INFO Evaluation @epoch 12 - batch 3668: 
2023-10-17 00:32:27,947 P687266 INFO ===
2023-10-17 00:32:27,947 P687266 INFO [Metrics] AUC: 0.812090 - logloss: 0.440943
2023-10-17 00:32:27,957 P687266 INFO Monitor(max)=0.371147 STOP!
2023-10-17 00:32:27,957 P687266 INFO Reduce learning rate on plateau: 0.000001
2023-10-17 00:32:27,957 P687266 INFO ********* Epoch==12 early stop *********
2023-10-17 00:32:28,373 P687266 INFO Training finished.
2023-10-17 00:32:28,373 P687266 INFO Load best model: /root/autodl-tmp/model_zoo/CETN/CETN_torch/checkpoints/Criteo_x4_h5/CETN_Criteo_047_ee0c7fde.model
2023-10-17 00:32:28,670 P687266 INFO ****** Validation evaluation ******
2023-10-17 00:32:44,261 P687266 INFO ===
2023-10-17 00:32:44,261 P687266 INFO [Metrics] logloss: 0.437733 - AUC: 0.814284
2023-10-17 00:32:45,091 P687266 INFO ******** Test evaluation ********
2023-10-17 00:32:45,092 P687266 INFO Loading data...
2023-10-17 00:32:45,092 P687266 INFO Loading data from h5: ../../../data/Criteo_x4_h5/test.h5
2023-10-17 00:32:47,124 P687266 INFO Test samples: total/4584062, blocks/1
2023-10-17 00:32:47,124 P687266 INFO Loading test data done.
2023-10-17 00:33:01,505 P687266 INFO ===
2023-10-17 00:33:01,505 P687266 INFO [Metrics] logloss: 0.437408 - AUC: 0.814659
