2023-11-19 21:15:55,219 P3550422 INFO Params: {
    "V_net_dropout": "0.1",
    "W_net_dropout": "0.1",
    "alpha": "0.1",
    "batch_norm": "True",
    "batch_size": "10000",
    "beta": "0.1",
    "cl_temperature": "0.3",
    "data_format": "h5",
    "data_root": "../../../data/",
    "dataset_id": "Frappe_x1_h5",
    "debug_mode": "False",
    "delta": "0.7",
    "early_stop_patience": "2",
    "embedding_dim": "20",
    "embedding_regularizer": "0.05",
    "epochs": "100",
    "eps": "1e-05",
    "eval_steps": "None",
    "feature_cols": "[{'active': True, 'dtype': 'float', 'name': ['user', 'item', 'daytime', 'weekday', 'isweekend', 'homework', 'cost', 'weather', 'country', 'city'], 'type': 'categorical'}]",
    "feature_config": "None",
    "feature_specs": "None",
    "fi_hidden_units": "[400, 400]",
    "gpu": "3",
    "group_id": "None",
    "hidden_activations": "['relu', 'mish', 'gelu']",
    "label_col": "{'dtype': 'float', 'name': 'label'}",
    "learning_rate": "0.001",
    "loss": "binary_crossentropy",
    "metrics": "['logloss', 'AUC']",
    "min_categr_count": "2",
    "model": "CETN",
    "model_id": "CETN_Frappe_055_7951f5fa",
    "model_root": "./checkpoints/",
    "monitor": "{'AUC': 1, 'logloss': -1}",
    "monitor_mode": "max",
    "net_regularizer": "0",
    "num_workers": "32",
    "optimizer": "adam",
    "perturbed": "False",
    "pickle_feature_encoder": "True",
    "save_best_only": "True",
    "seed": "2023",
    "shuffle": "True",
    "task": "binary_classification",
    "test_data": "../../../data/Frappe_x1_h5/test.h5",
    "through": "True",
    "train_data": "../../../data/Frappe_x1_h5/train.h5",
    "use_features": "None",
    "valid_data": "../../../data/Frappe_x1_h5/valid.h5",
    "verbose": "1",
    "w_hidden_units": "[400]"
}
2023-11-19 21:15:55,220 P3550422 INFO Load feature_map from json: ../../../data/Frappe_x1_h5/feature_map.json
2023-11-19 21:15:55,220 P3550422 INFO Set column index...
2023-11-19 21:15:55,220 P3550422 INFO Feature specs: {
    "city": "{'source': '', 'type': 'categorical', 'padding_idx': 0, 'oov_idx': 232, 'vocab_size': 233}",
    "cost": "{'source': '', 'type': 'categorical', 'padding_idx': 0, 'oov_idx': 3, 'vocab_size': 4}",
    "country": "{'source': '', 'type': 'categorical', 'padding_idx': 0, 'oov_idx': 81, 'vocab_size': 82}",
    "daytime": "{'source': '', 'type': 'categorical', 'padding_idx': 0, 'oov_idx': 8, 'vocab_size': 9}",
    "homework": "{'source': '', 'type': 'categorical', 'padding_idx': 0, 'oov_idx': 4, 'vocab_size': 5}",
    "isweekend": "{'source': '', 'type': 'categorical', 'padding_idx': 0, 'oov_idx': 3, 'vocab_size': 4}",
    "item": "{'source': '', 'type': 'categorical', 'padding_idx': 0, 'oov_idx': 4083, 'vocab_size': 4084}",
    "user": "{'source': '', 'type': 'categorical', 'padding_idx': 0, 'oov_idx': 941, 'vocab_size': 942}",
    "weather": "{'source': '', 'type': 'categorical', 'padding_idx': 0, 'oov_idx': 10, 'vocab_size': 11}",
    "weekday": "{'source': '', 'type': 'categorical', 'padding_idx': 0, 'oov_idx': 8, 'vocab_size': 9}"
}
2023-11-19 21:16:00,098 P3550422 INFO Total number of parameters: 1684866.
2023-11-19 21:16:00,099 P3550422 INFO Loading data...
2023-11-19 21:16:00,099 P3550422 INFO Loading data from h5: ../../../data/Frappe_x1_h5/train.h5
2023-11-19 21:16:00,124 P3550422 INFO Train samples: total/202027, blocks/1
2023-11-19 21:16:00,125 P3550422 INFO Loading data from h5: ../../../data/Frappe_x1_h5/valid.h5
2023-11-19 21:16:00,131 P3550422 INFO Validation samples: total/57722, blocks/1
2023-11-19 21:16:00,131 P3550422 INFO Loading train and validation data done.
2023-11-19 21:16:00,131 P3550422 INFO Start training: 21 batches/epoch
2023-11-19 21:16:00,132 P3550422 INFO ************ Epoch=1 start ************
2023-11-19 21:16:03,585 P3550422 INFO Train loss: 1.097573
2023-11-19 21:16:03,585 P3550422 INFO Evaluation @epoch 1 - batch 21: 
2023-11-19 21:16:06,518 P3550422 INFO ===
2023-11-19 21:16:06,518 P3550422 INFO [Metrics] AUC: 0.740632 - logloss: 0.680250
2023-11-19 21:16:06,519 P3550422 INFO Save best model: monitor(max)=0.060382
2023-11-19 21:16:06,779 P3550422 INFO ************ Epoch=1 end ************
2023-11-19 21:16:10,323 P3550422 INFO Train loss: 0.922023
2023-11-19 21:16:10,324 P3550422 INFO Evaluation @epoch 2 - batch 21: 
2023-11-19 21:16:13,126 P3550422 INFO ===
2023-11-19 21:16:13,126 P3550422 INFO [Metrics] AUC: 0.852066 - logloss: 0.656033
2023-11-19 21:16:13,127 P3550422 INFO Save best model: monitor(max)=0.196033
2023-11-19 21:16:13,375 P3550422 INFO ************ Epoch=2 end ************
2023-11-19 21:16:16,322 P3550422 INFO Train loss: 0.839041
2023-11-19 21:16:16,322 P3550422 INFO Evaluation @epoch 3 - batch 21: 
2023-11-19 21:16:18,883 P3550422 INFO ===
2023-11-19 21:16:18,887 P3550422 INFO [Metrics] AUC: 0.942725 - logloss: 0.612440
2023-11-19 21:16:18,888 P3550422 INFO Save best model: monitor(max)=0.330285
2023-11-19 21:16:19,106 P3550422 INFO ************ Epoch=3 end ************
2023-11-19 21:16:22,039 P3550422 INFO Train loss: 0.793072
2023-11-19 21:16:22,039 P3550422 INFO Evaluation @epoch 4 - batch 21: 
2023-11-19 21:16:24,823 P3550422 INFO ===
2023-11-19 21:16:24,823 P3550422 INFO [Metrics] AUC: 0.970147 - logloss: 0.397933
2023-11-19 21:16:24,824 P3550422 INFO Save best model: monitor(max)=0.572214
2023-11-19 21:16:25,051 P3550422 INFO ************ Epoch=4 end ************
2023-11-19 21:16:28,139 P3550422 INFO Train loss: 0.771282
2023-11-19 21:16:28,139 P3550422 INFO Evaluation @epoch 5 - batch 21: 
2023-11-19 21:16:30,749 P3550422 INFO ===
2023-11-19 21:16:30,750 P3550422 INFO [Metrics] AUC: 0.979259 - logloss: 0.164845
2023-11-19 21:16:30,750 P3550422 INFO Save best model: monitor(max)=0.814413
2023-11-19 21:16:30,956 P3550422 INFO ************ Epoch=5 end ************
2023-11-19 21:16:34,173 P3550422 INFO Train loss: 0.752881
2023-11-19 21:16:34,173 P3550422 INFO Evaluation @epoch 6 - batch 21: 
2023-11-19 21:16:36,795 P3550422 INFO ===
2023-11-19 21:16:36,795 P3550422 INFO [Metrics] AUC: 0.981366 - logloss: 0.200741
2023-11-19 21:16:36,796 P3550422 INFO Monitor(max)=0.780626 STOP!
2023-11-19 21:16:36,796 P3550422 INFO Reduce learning rate on plateau: 0.000100
2023-11-19 21:16:36,986 P3550422 INFO ************ Epoch=6 end ************
2023-11-19 21:16:39,963 P3550422 INFO Train loss: 0.720292
2023-11-19 21:16:39,964 P3550422 INFO Evaluation @epoch 7 - batch 21: 
2023-11-19 21:16:42,537 P3550422 INFO ===
2023-11-19 21:16:42,538 P3550422 INFO [Metrics] AUC: 0.984016 - logloss: 0.166773
2023-11-19 21:16:42,538 P3550422 INFO Save best model: monitor(max)=0.817243
2023-11-19 21:16:42,767 P3550422 INFO ************ Epoch=7 end ************
2023-11-19 21:16:46,003 P3550422 INFO Train loss: 0.702385
2023-11-19 21:16:46,003 P3550422 INFO Evaluation @epoch 8 - batch 21: 
2023-11-19 21:16:48,531 P3550422 INFO ===
2023-11-19 21:16:48,531 P3550422 INFO [Metrics] AUC: 0.984903 - logloss: 0.164834
2023-11-19 21:16:48,532 P3550422 INFO Save best model: monitor(max)=0.820069
2023-11-19 21:16:48,778 P3550422 INFO ************ Epoch=8 end ************
2023-11-19 21:16:52,097 P3550422 INFO Train loss: 0.690444
2023-11-19 21:16:52,097 P3550422 INFO Evaluation @epoch 9 - batch 21: 
2023-11-19 21:16:54,729 P3550422 INFO ===
2023-11-19 21:16:54,729 P3550422 INFO [Metrics] AUC: 0.985220 - logloss: 0.166330
2023-11-19 21:16:54,729 P3550422 INFO Monitor(max)=0.818890 STOP!
2023-11-19 21:16:54,729 P3550422 INFO Reduce learning rate on plateau: 0.000010
2023-11-19 21:16:54,940 P3550422 INFO ************ Epoch=9 end ************
2023-11-19 21:16:58,319 P3550422 INFO Train loss: 0.683671
2023-11-19 21:16:58,325 P3550422 INFO Evaluation @epoch 10 - batch 21: 
2023-11-19 21:17:01,174 P3550422 INFO ===
2023-11-19 21:17:01,175 P3550422 INFO [Metrics] AUC: 0.985302 - logloss: 0.154367
2023-11-19 21:17:01,175 P3550422 INFO Save best model: monitor(max)=0.830935
2023-11-19 21:17:01,352 P3550422 INFO ************ Epoch=10 end ************
2023-11-19 21:17:04,663 P3550422 INFO Train loss: 0.683090
2023-11-19 21:17:04,664 P3550422 INFO Evaluation @epoch 11 - batch 21: 
2023-11-19 21:17:07,538 P3550422 INFO ===
2023-11-19 21:17:07,538 P3550422 INFO [Metrics] AUC: 0.985353 - logloss: 0.153237
2023-11-19 21:17:07,539 P3550422 INFO Save best model: monitor(max)=0.832116
2023-11-19 21:17:07,821 P3550422 INFO ************ Epoch=11 end ************
2023-11-19 21:17:11,246 P3550422 INFO Train loss: 0.682321
2023-11-19 21:17:11,247 P3550422 INFO Evaluation @epoch 12 - batch 21: 
2023-11-19 21:17:14,132 P3550422 INFO ===
2023-11-19 21:17:14,132 P3550422 INFO [Metrics] AUC: 0.985363 - logloss: 0.153324
2023-11-19 21:17:14,133 P3550422 INFO Monitor(max)=0.832038 STOP!
2023-11-19 21:17:14,133 P3550422 INFO Reduce learning rate on plateau: 0.000001
2023-11-19 21:17:14,337 P3550422 INFO ************ Epoch=12 end ************
2023-11-19 21:17:17,734 P3550422 INFO Train loss: 0.681571
2023-11-19 21:17:17,734 P3550422 INFO Evaluation @epoch 13 - batch 21: 
2023-11-19 21:17:20,545 P3550422 INFO ===
2023-11-19 21:17:20,545 P3550422 INFO [Metrics] AUC: 0.985371 - logloss: 0.152415
2023-11-19 21:17:20,545 P3550422 INFO Save best model: monitor(max)=0.832955
2023-11-19 21:17:20,771 P3550422 INFO ************ Epoch=13 end ************
2023-11-19 21:17:23,925 P3550422 INFO Train loss: 0.682248
2023-11-19 21:17:23,925 P3550422 INFO Evaluation @epoch 14 - batch 21: 
2023-11-19 21:17:26,841 P3550422 INFO ===
2023-11-19 21:17:26,842 P3550422 INFO [Metrics] AUC: 0.985370 - logloss: 0.152172
2023-11-19 21:17:26,842 P3550422 INFO Save best model: monitor(max)=0.833197
2023-11-19 21:17:27,134 P3550422 INFO ************ Epoch=14 end ************
2023-11-19 21:17:30,497 P3550422 INFO Train loss: 0.681734
2023-11-19 21:17:30,497 P3550422 INFO Evaluation @epoch 15 - batch 21: 
2023-11-19 21:17:33,093 P3550422 INFO ===
2023-11-19 21:17:33,093 P3550422 INFO [Metrics] AUC: 0.985373 - logloss: 0.152243
2023-11-19 21:17:33,094 P3550422 INFO Monitor(max)=0.833130 STOP!
2023-11-19 21:17:33,094 P3550422 INFO Reduce learning rate on plateau: 0.000001
2023-11-19 21:17:33,331 P3550422 INFO ************ Epoch=15 end ************
2023-11-19 21:17:36,692 P3550422 INFO Train loss: 0.681281
2023-11-19 21:17:36,692 P3550422 INFO Evaluation @epoch 16 - batch 21: 
2023-11-19 21:17:39,522 P3550422 INFO ===
2023-11-19 21:17:39,522 P3550422 INFO [Metrics] AUC: 0.985375 - logloss: 0.152192
2023-11-19 21:17:39,523 P3550422 INFO Monitor(max)=0.833183 STOP!
2023-11-19 21:17:39,523 P3550422 INFO Reduce learning rate on plateau: 0.000001
2023-11-19 21:17:39,523 P3550422 INFO ********* Epoch==16 early stop *********
2023-11-19 21:17:39,721 P3550422 INFO Training finished.
2023-11-19 21:17:39,721 P3550422 INFO Load best model: /mnt/public/lhh/code/model_zoo/CETN/CETN_torch/checkpoints/Frappe_x1_h5/CETN_Frappe_055_7951f5fa.model
2023-11-19 21:17:39,733 P3550422 INFO ****** Validation evaluation ******
2023-11-19 21:17:42,431 P3550422 INFO ===
2023-11-19 21:17:42,431 P3550422 INFO [Metrics] logloss: 0.152172 - AUC: 0.985370
2023-11-19 21:17:42,473 P3550422 INFO ******** Test evaluation ********
2023-11-19 21:17:42,473 P3550422 INFO Loading data...
2023-11-19 21:17:42,473 P3550422 INFO Loading data from h5: ../../../data/Frappe_x1_h5/test.h5
2023-11-19 21:17:42,479 P3550422 INFO Test samples: total/28860, blocks/1
2023-11-19 21:17:42,479 P3550422 INFO Loading test data done.
2023-11-19 21:17:45,053 P3550422 INFO ===
2023-11-19 21:17:45,053 P3550422 INFO [Metrics] logloss: 0.150283 - AUC: 0.985710
