2023-11-20 19:46:10,933 P2102341 INFO Params: {
    "batch_norm": "True",
    "batch_size": "10000",
    "data_format": "h5",
    "data_root": "../../../data/",
    "dataset_id": "Frappe_x1_h5",
    "debug_mode": "False",
    "early_stop_patience": "2",
    "embedding_dim": "20",
    "embedding_regularizer": "0.05",
    "epochs": "100",
    "eval_steps": "None",
    "feature_cols": "[{'active': True, 'dtype': 'float', 'name': ['user', 'item', 'daytime', 'weekday', 'isweekend', 'homework', 'cost', 'weather', 'country', 'city'], 'type': 'categorical'}]",
    "feature_config": "None",
    "feature_specs": "None",
    "fi_hidden_units": "[400, 400]",
    "gpu": "1",
    "group_id": "None",
    "hidden_activations": "relu",
    "label_col": "{'dtype': 'float', 'name': 'label'}",
    "learning_rate": "0.001",
    "loss": "binary_crossentropy",
    "metrics": "['logloss', 'AUC']",
    "min_categr_count": "2",
    "model": "AP_DNN",
    "model_id": "DNN_20_AP_Frappe",
    "model_root": "./checkpoints/",
    "monitor": "{'AUC': 1, 'logloss': -1}",
    "monitor_mode": "max",
    "net_dropout": "0.3",
    "net_regularizer": "0",
    "num_workers": "4",
    "optimizer": "adam",
    "pickle_feature_encoder": "True",
    "save_best_only": "True",
    "seed": "2023",
    "shuffle": "True",
    "task": "binary_classification",
    "test_data": "../../../data/Frappe_x1_h5/test.h5",
    "train_data": "../../../data/Frappe_x1_h5/train.h5",
    "use_features": "None",
    "valid_data": "../../../data/Frappe_x1_h5/valid.h5",
    "verbose": "1",
    "w_hidden_units": "[400, 400]"
}
2023-11-20 19:46:10,934 P2102341 INFO Load feature_map from json: ../../../data/Frappe_x1_h5/feature_map.json
2023-11-20 19:46:10,934 P2102341 INFO Set column index...
2023-11-20 19:46:10,934 P2102341 INFO Feature specs: {
    "city": "{'source': '', 'type': 'categorical', 'padding_idx': 0, 'oov_idx': 232, 'vocab_size': 233}",
    "cost": "{'source': '', 'type': 'categorical', 'padding_idx': 0, 'oov_idx': 3, 'vocab_size': 4}",
    "country": "{'source': '', 'type': 'categorical', 'padding_idx': 0, 'oov_idx': 81, 'vocab_size': 82}",
    "daytime": "{'source': '', 'type': 'categorical', 'padding_idx': 0, 'oov_idx': 8, 'vocab_size': 9}",
    "homework": "{'source': '', 'type': 'categorical', 'padding_idx': 0, 'oov_idx': 4, 'vocab_size': 5}",
    "isweekend": "{'source': '', 'type': 'categorical', 'padding_idx': 0, 'oov_idx': 3, 'vocab_size': 4}",
    "item": "{'source': '', 'type': 'categorical', 'padding_idx': 0, 'oov_idx': 4083, 'vocab_size': 4084}",
    "user": "{'source': '', 'type': 'categorical', 'padding_idx': 0, 'oov_idx': 941, 'vocab_size': 942}",
    "weather": "{'source': '', 'type': 'categorical', 'padding_idx': 0, 'oov_idx': 10, 'vocab_size': 11}",
    "weekday": "{'source': '', 'type': 'categorical', 'padding_idx': 0, 'oov_idx': 8, 'vocab_size': 9}"
}
2023-11-20 19:46:13,978 P2102341 INFO Total number of parameters: 2168466.
2023-11-20 19:46:13,978 P2102341 INFO Loading data...
2023-11-20 19:46:13,978 P2102341 INFO Loading data from h5: ../../../data/Frappe_x1_h5/train.h5
2023-11-20 19:46:14,000 P2102341 INFO Train samples: total/202027, blocks/1
2023-11-20 19:46:14,000 P2102341 INFO Loading data from h5: ../../../data/Frappe_x1_h5/valid.h5
2023-11-20 19:46:14,005 P2102341 INFO Validation samples: total/57722, blocks/1
2023-11-20 19:46:14,005 P2102341 INFO Loading train and validation data done.
2023-11-20 19:46:14,005 P2102341 INFO Start training: 21 batches/epoch
2023-11-20 19:46:14,005 P2102341 INFO ************ Epoch=1 start ************
2023-11-20 19:46:14,988 P2102341 INFO Train loss: 0.496580
2023-11-20 19:46:14,988 P2102341 INFO Evaluation @epoch 1 - batch 21:
2023-11-20 19:46:15,663 P2102341 INFO ===
2023-11-20 19:46:15,663 P2102341 INFO [Metrics] AUC: 0.154023 - logloss: 0.692985
2023-11-20 19:46:15,663 P2102341 INFO Save best model: monitor(max)=-0.538962
2023-11-20 19:46:15,894 P2102341 INFO ************ Epoch=1 end ************
2023-11-20 19:46:16,979 P2102341 INFO Train loss: 0.309709
2023-11-20 19:46:16,979 P2102341 INFO Evaluation @epoch 2 - batch 21:
2023-11-20 19:46:17,665 P2102341 INFO ===
2023-11-20 19:46:17,665 P2102341 INFO [Metrics] AUC: 0.957341 - logloss: 0.676841
2023-11-20 19:46:17,666 P2102341 INFO Save best model: monitor(max)=0.280501
2023-11-20 19:46:17,892 P2102341 INFO ************ Epoch=2 end ************
2023-11-20 19:46:18,891 P2102341 INFO Train loss: 0.211236
2023-11-20 19:46:18,891 P2102341 INFO Evaluation @epoch 3 - batch 21:
2023-11-20 19:46:19,539 P2102341 INFO ===
2023-11-20 19:46:19,539 P2102341 INFO [Metrics] AUC: 0.965949 - logloss: 0.582159
2023-11-20 19:46:19,540 P2102341 INFO Save best model: monitor(max)=0.383790
2023-11-20 19:46:19,710 P2102341 INFO ************ Epoch=3 end ************
2023-11-20 19:46:20,778 P2102341 INFO Train loss: 0.154504
2023-11-20 19:46:20,779 P2102341 INFO Evaluation @epoch 4 - batch 21:
2023-11-20 19:46:21,500 P2102341 INFO ===
2023-11-20 19:46:21,500 P2102341 INFO [Metrics] AUC: 0.791910 - logloss: 2.995332
2023-11-20 19:46:21,500 P2102341 INFO Monitor(max)=-2.203422 STOP!
2023-11-20 19:46:21,500 P2102341 INFO Reduce learning rate on plateau: 0.000100
2023-11-20 19:46:21,659 P2102341 INFO ************ Epoch=4 end ************
2023-11-20 19:46:22,751 P2102341 INFO Train loss: 0.115132
2023-11-20 19:46:22,751 P2102341 INFO Evaluation @epoch 5 - batch 21:
2023-11-20 19:46:23,494 P2102341 INFO ===
2023-11-20 19:46:23,494 P2102341 INFO [Metrics] AUC: 0.981162 - logloss: 0.178519
2023-11-20 19:46:23,494 P2102341 INFO Save best model: monitor(max)=0.802644
2023-11-20 19:46:23,724 P2102341 INFO ************ Epoch=5 end ************
2023-11-20 19:46:24,860 P2102341 INFO Train loss: 0.101200
2023-11-20 19:46:24,860 P2102341 INFO Evaluation @epoch 6 - batch 21:
2023-11-20 19:46:25,617 P2102341 INFO ===
2023-11-20 19:46:25,617 P2102341 INFO [Metrics] AUC: 0.977736 - logloss: 0.331862
2023-11-20 19:46:25,617 P2102341 INFO Monitor(max)=0.645874 STOP!
2023-11-20 19:46:25,617 P2102341 INFO Reduce learning rate on plateau: 0.000010
2023-11-20 19:46:25,858 P2102341 INFO ************ Epoch=6 end ************
2023-11-20 19:46:27,012 P2102341 INFO Train loss: 0.092806
2023-11-20 19:46:27,012 P2102341 INFO Evaluation @epoch 7 - batch 21:
2023-11-20 19:46:27,598 P2102341 INFO ===
2023-11-20 19:46:27,598 P2102341 INFO [Metrics] AUC: 0.983655 - logloss: 0.179863
2023-11-20 19:46:27,598 P2102341 INFO Save best model: monitor(max)=0.803792
2023-11-20 19:46:27,764 P2102341 INFO ************ Epoch=7 end ************
2023-11-20 19:46:28,781 P2102341 INFO Train loss: 0.093287
2023-11-20 19:46:28,782 P2102341 INFO Evaluation @epoch 8 - batch 21:
2023-11-20 19:46:29,374 P2102341 INFO ===
2023-11-20 19:46:29,374 P2102341 INFO [Metrics] AUC: 0.983515 - logloss: 0.183745
2023-11-20 19:46:29,374 P2102341 INFO Monitor(max)=0.799770 STOP!
2023-11-20 19:46:29,374 P2102341 INFO Reduce learning rate on plateau: 0.000001
2023-11-20 19:46:29,486 P2102341 INFO ************ Epoch=8 end ************
2023-11-20 19:46:30,471 P2102341 INFO Train loss: 0.090742
2023-11-20 19:46:30,471 P2102341 INFO Evaluation @epoch 9 - batch 21:
2023-11-20 19:46:31,061 P2102341 INFO ===
2023-11-20 19:46:31,061 P2102341 INFO [Metrics] AUC: 0.983693 - logloss: 0.181895
2023-11-20 19:46:31,062 P2102341 INFO Monitor(max)=0.801798 STOP!
2023-11-20 19:46:31,062 P2102341 INFO Reduce learning rate on plateau: 0.000001
2023-11-20 19:46:31,062 P2102341 INFO ********* Epoch==9 early stop *********
2023-11-20 19:46:31,172 P2102341 INFO Training finished.
2023-11-20 19:46:31,173 P2102341 INFO Load best model: /mnt/public/lhh/code/model_zoo/DNN_plus/DNN_torch/checkpoints/Frappe_x1_h5/DNN_20_AP_Frappe.model
2023-11-20 19:46:31,190 P2102341 INFO ****** Validation evaluation ******
2023-11-20 19:46:31,741 P2102341 INFO ===
2023-11-20 19:46:31,741 P2102341 INFO [Metrics] logloss: 0.179863 - AUC: 0.983655
2023-11-20 19:46:31,795 P2102341 INFO ******** Test evaluation ********
2023-11-20 19:46:31,795 P2102341 INFO Loading data...
2023-11-20 19:46:31,795 P2102341 INFO Loading data from h5: ../../../data/Frappe_x1_h5/test.h5
2023-11-20 19:46:31,800 P2102341 INFO Test samples: total/28860, blocks/1
2023-11-20 19:46:31,800 P2102341 INFO Loading test data done.
2023-11-20 19:46:32,275 P2102341 INFO ===
2023-11-20 19:46:32,275 P2102341 INFO [Metrics] logloss: 0.180469 - AUC: 0.983528
