2023-10-20 20:34:01,979 P148050 INFO Params: {
    "V_net_dropout": "0.2",
    "W_net_dropout": "0.4",
    "alpha": "0.4",
    "batch_norm": "False",
    "batch_size": "10000",
    "beta": "0.1",
    "cl_temperature": "0.3",
    "data_format": "csv",
    "data_root": "../../../data/",
    "dataset_id": "Movielenslatest_x1_h5",
    "debug_mode": "False",
    "delta": "0.4",
    "early_stop_patience": "2",
    "embedding_dim": "20",
    "embedding_regularizer": "0.01",
    "epochs": "100",
    "eps": "1e-05",
    "eval_steps": "None",
    "feature_cols": "[{'active': True, 'dtype': 'float', 'name': ['user_id', 'item_id', 'tag_id'], 'type': 'categorical'}]",
    "feature_config": "None",
    "feature_specs": "None",
    "fi_hidden_units": "[400]",
    "gpu": "1",
    "group_id": "None",
    "hidden_activations": "['dice', 'dice', 'dice']",
    "label_col": "{'dtype': 'float', 'name': 'label'}",
    "learning_rate": "0.001",
    "loss": "binary_crossentropy",
    "metrics": "['logloss', 'AUC']",
    "min_categr_count": "2",
    "model": "CETN",
    "model_id": "CETN_Movielens_1563_5e30be28",
    "model_root": "./checkpoints/",
    "monitor": "{'AUC': 1, 'logloss': -1}",
    "monitor_mode": "max",
    "net_regularizer": "0",
    "num_workers": "3",
    "optimizer": "adam",
    "perturbed": "False",
    "pickle_feature_encoder": "True",
    "save_best_only": "True",
    "seed": "2023",
    "shuffle": "True",
    "task": "binary_classification",
    "test_data": "../../../data/MovielensLatest_x1_h5/test.h5",
    "through": "True",
    "train_data": "../../../data/MovielensLatest_x1_h5/train.h5",
    "use_features": "None",
    "valid_data": "../../../data/MovielensLatest_x1_h5/valid.h5",
    "verbose": "1",
    "w_hidden_units": "[800]"
}
2023-10-20 20:34:01,980 P148050 INFO Set up feature processor...
2023-10-20 20:34:01,980 P148050 WARNING Skip rebuilding ../../../data/Movielenslatest_x1_h5/feature_map.json. Please delete it manually if rebuilding is required.
2023-10-20 20:34:01,980 P148050 INFO Load feature_map from json: ../../../data/Movielenslatest_x1_h5/feature_map.json
2023-10-20 20:34:01,980 P148050 INFO Set column index...
2023-10-20 20:34:01,980 P148050 INFO Feature specs: {
    "item_id": "{'source': '', 'type': 'categorical', 'padding_idx': 0, 'oov_idx': 22574, 'vocab_size': 22575}",
    "tag_id": "{'source': '', 'type': 'categorical', 'padding_idx': 0, 'oov_idx': 49658, 'vocab_size': 49659}",
    "user_id": "{'source': '', 'type': 'categorical', 'padding_idx': 0, 'oov_idx': 16361, 'vocab_size': 16362}"
}
2023-10-20 20:34:06,517 P148050 INFO Total number of parameters: 2003526.
2023-10-20 20:34:06,517 P148050 INFO Loading data...
2023-10-20 20:34:06,517 P148050 INFO Loading data from h5: ../../../data/Movielenslatest_x1_h5/train.h5
2023-10-20 20:34:06,569 P148050 INFO Train samples: total/1404801, blocks/1
2023-10-20 20:34:06,569 P148050 INFO Loading data from h5: ../../../data/Movielenslatest_x1_h5/valid.h5
2023-10-20 20:34:06,574 P148050 INFO Validation samples: total/401372, blocks/1
2023-10-20 20:34:06,574 P148050 INFO Loading train and validation data done.
2023-10-20 20:34:06,574 P148050 INFO Start training: 141 batches/epoch
2023-10-20 20:34:06,574 P148050 INFO ************ Epoch=1 start ************
2023-10-20 20:34:10,394 P148050 INFO Train loss: 2.256028
2023-10-20 20:34:10,394 P148050 INFO Evaluation @epoch 1 - batch 141:
2023-10-20 20:34:12,015 P148050 INFO ===
2023-10-20 20:34:12,015 P148050 INFO [Metrics] AUC: 0.911590 - logloss: 0.407192
2023-10-20 20:34:12,015 P148050 INFO Save best model: monitor(max)=0.504398
2023-10-20 20:34:12,226 P148050 INFO ************ Epoch=1 end ************
2023-10-20 20:34:15,994 P148050 INFO Train loss: 1.861922
2023-10-20 20:34:15,994 P148050 INFO Evaluation @epoch 2 - batch 141:
2023-10-20 20:34:17,579 P148050 INFO ===
2023-10-20 20:34:17,579 P148050 INFO [Metrics] AUC: 0.927737 - logloss: 0.377127
2023-10-20 20:34:17,579 P148050 INFO Save best model: monitor(max)=0.550611
2023-10-20 20:34:17,780 P148050 INFO ************ Epoch=2 end ************
2023-10-20 20:34:21,502 P148050 INFO Train loss: 1.829329
2023-10-20 20:34:21,502 P148050 INFO Evaluation @epoch 3 - batch 141:
2023-10-20 20:34:23,111 P148050 INFO ===
2023-10-20 20:34:23,111 P148050 INFO [Metrics] AUC: 0.926992 - logloss: 0.365002
2023-10-20 20:34:23,111 P148050 INFO Save best model: monitor(max)=0.561990
2023-10-20 20:34:23,317 P148050 INFO ************ Epoch=3 end ************
2023-10-20 20:34:27,095 P148050 INFO Train loss: 1.840722
2023-10-20 20:34:27,096 P148050 INFO Evaluation @epoch 4 - batch 141:
2023-10-20 20:34:28,886 P148050 INFO ===
2023-10-20 20:34:28,886 P148050 INFO [Metrics] AUC: 0.927805 - logloss: 0.340632
2023-10-20 20:34:28,886 P148050 INFO Save best model: monitor(max)=0.587173
2023-10-20 20:34:29,089 P148050 INFO ************ Epoch=4 end ************
2023-10-20 20:34:32,911 P148050 INFO Train loss: 1.852386
2023-10-20 20:34:32,911 P148050 INFO Evaluation @epoch 5 - batch 141:
2023-10-20 20:34:34,809 P148050 INFO ===
2023-10-20 20:34:34,809 P148050 INFO [Metrics] AUC: 0.929549 - logloss: 0.329415
2023-10-20 20:34:34,809 P148050 INFO Save best model: monitor(max)=0.600134
2023-10-20 20:34:35,042 P148050 INFO ************ Epoch=5 end ************
2023-10-20 20:34:38,791 P148050 INFO Train loss: 1.850220
2023-10-20 20:34:38,791 P148050 INFO Evaluation @epoch 6 - batch 141:
2023-10-20 20:34:40,394 P148050 INFO ===
2023-10-20 20:34:40,394 P148050 INFO [Metrics] AUC: 0.934403 - logloss: 0.315414
2023-10-20 20:34:40,394 P148050 INFO Save best model: monitor(max)=0.618989
2023-10-20 20:34:40,603 P148050 INFO ************ Epoch=6 end ************
2023-10-20 20:34:44,393 P148050 INFO Train loss: 1.839285
2023-10-20 20:34:44,394 P148050 INFO Evaluation @epoch 7 - batch 141:
2023-10-20 20:34:46,097 P148050 INFO ===
2023-10-20 20:34:46,097 P148050 INFO [Metrics] AUC: 0.939954 - logloss: 0.296283
2023-10-20 20:34:46,097 P148050 INFO Save best model: monitor(max)=0.643672
2023-10-20 20:34:46,298 P148050 INFO ************ Epoch=7 end ************
2023-10-20 20:34:50,162 P148050 INFO Train loss: 1.835344
2023-10-20 20:34:50,163 P148050 INFO Evaluation @epoch 8 - batch 141:
2023-10-20 20:34:51,854 P148050 INFO ===
2023-10-20 20:34:51,854 P148050 INFO [Metrics] AUC: 0.946192 - logloss: 0.290807
2023-10-20 20:34:51,854 P148050 INFO Save best model: monitor(max)=0.655385
2023-10-20 20:34:52,047 P148050 INFO ************ Epoch=8 end ************
2023-10-20 20:34:55,902 P148050 INFO Train loss: 1.829153
2023-10-20 20:34:55,902 P148050 INFO Evaluation @epoch 9 - batch 141:
2023-10-20 20:34:57,699 P148050 INFO ===
2023-10-20 20:34:57,700 P148050 INFO [Metrics] AUC: 0.950274 - logloss: 0.277012
2023-10-20 20:34:57,700 P148050 INFO Save best model: monitor(max)=0.673262
2023-10-20 20:34:57,934 P148050 INFO ************ Epoch=9 end ************
2023-10-20 20:35:01,802 P148050 INFO Train loss: 1.822691
2023-10-20 20:35:01,802 P148050 INFO Evaluation @epoch 10 - batch 141:
2023-10-20 20:35:03,485 P148050 INFO ===
2023-10-20 20:35:03,486 P148050 INFO [Metrics] AUC: 0.955317 - logloss: 0.255050
2023-10-20 20:35:03,486 P148050 INFO Save best model: monitor(max)=0.700267
2023-10-20 20:35:03,684 P148050 INFO ************ Epoch=10 end ************
2023-10-20 20:35:07,640 P148050 INFO Train loss: 1.821582
2023-10-20 20:35:07,640 P148050 INFO Evaluation @epoch 11 - batch 141:
2023-10-20 20:35:09,308 P148050 INFO ===
2023-10-20 20:35:09,308 P148050 INFO [Metrics] AUC: 0.959455 - logloss: 0.257418
2023-10-20 20:35:09,308 P148050 INFO Save best model: monitor(max)=0.702037
2023-10-20 20:35:09,516 P148050 INFO ************ Epoch=11 end ************
2023-10-20 20:35:13,341 P148050 INFO Train loss: 1.816323
2023-10-20 20:35:13,342 P148050 INFO Evaluation @epoch 12 - batch 141:
2023-10-20 20:35:15,041 P148050 INFO ===
2023-10-20 20:35:15,042 P148050 INFO [Metrics] AUC: 0.962128 - logloss: 0.322338
2023-10-20 20:35:15,042 P148050 INFO Monitor(max)=0.639790 STOP!
2023-10-20 20:35:15,042 P148050 INFO Reduce learning rate on plateau: 0.000100
2023-10-20 20:35:15,243 P148050 INFO ************ Epoch=12 end ************
2023-10-20 20:35:19,170 P148050 INFO Train loss: 1.698247
2023-10-20 20:35:19,171 P148050 INFO Evaluation @epoch 13 - batch 141:
2023-10-20 20:35:20,815 P148050 INFO ===
2023-10-20 20:35:20,815 P148050 INFO [Metrics] AUC: 0.970877 - logloss: 0.250615
2023-10-20 20:35:20,815 P148050 INFO Save best model: monitor(max)=0.720262
2023-10-20 20:35:21,037 P148050 INFO ************ Epoch=13 end ************
2023-10-20 20:35:24,976 P148050 INFO Train loss: 1.589277
2023-10-20 20:35:24,976 P148050 INFO Evaluation @epoch 14 - batch 141:
2023-10-20 20:35:26,817 P148050 INFO ===
2023-10-20 20:35:26,817 P148050 INFO [Metrics] AUC: 0.970643 - logloss: 0.275668
2023-10-20 20:35:26,817 P148050 INFO Monitor(max)=0.694975 STOP!
2023-10-20 20:35:26,817 P148050 INFO Reduce learning rate on plateau: 0.000010
2023-10-20 20:35:27,000 P148050 INFO ************ Epoch=14 end ************
2023-10-20 20:35:30,864 P148050 INFO Train loss: 1.545253
2023-10-20 20:35:30,864 P148050 INFO Evaluation @epoch 15 - batch 141:
2023-10-20 20:35:32,464 P148050 INFO ===
2023-10-20 20:35:32,464 P148050 INFO [Metrics] AUC: 0.972261 - logloss: 0.188776
2023-10-20 20:35:32,464 P148050 INFO Save best model: monitor(max)=0.783486
2023-10-20 20:35:32,667 P148050 INFO ************ Epoch=15 end ************
2023-10-20 20:35:36,511 P148050 INFO Train loss: 1.539775
2023-10-20 20:35:36,511 P148050 INFO Evaluation @epoch 16 - batch 141:
2023-10-20 20:35:38,193 P148050 INFO ===
2023-10-20 20:35:38,193 P148050 INFO [Metrics] AUC: 0.971650 - logloss: 0.199831
2023-10-20 20:35:38,193 P148050 INFO Monitor(max)=0.771819 STOP!
2023-10-20 20:35:38,193 P148050 INFO Reduce learning rate on plateau: 0.000001
2023-10-20 20:35:38,399 P148050 INFO ************ Epoch=16 end ************
2023-10-20 20:35:42,168 P148050 INFO Train loss: 1.536354
2023-10-20 20:35:42,168 P148050 INFO Evaluation @epoch 17 - batch 141:
2023-10-20 20:35:43,780 P148050 INFO ===
2023-10-20 20:35:43,781 P148050 INFO [Metrics] AUC: 0.970062 - logloss: 0.225294
2023-10-20 20:35:43,781 P148050 INFO Monitor(max)=0.744768 STOP!
2023-10-20 20:35:43,781 P148050 INFO Reduce learning rate on plateau: 0.000001
2023-10-20 20:35:43,781 P148050 INFO ********* Epoch==17 early stop *********
2023-10-20 20:35:43,972 P148050 INFO Training finished.
2023-10-20 20:35:43,972 P148050 INFO Load best model: /root/autodl-tmp/model_zoo/CETN/CETN_torch/checkpoints/Movielenslatest_x1_h5/CETN_Movielens_1563_5e30be28.model
2023-10-20 20:35:43,977 P148050 INFO ****** Validation evaluation ******
2023-10-20 20:35:45,509 P148050 INFO ===
2023-10-20 20:35:45,510 P148050 INFO [Metrics] logloss: 0.188776 - AUC: 0.972261
2023-10-20 20:35:45,563 P148050 INFO ******** Test evaluation ********
2023-10-20 20:35:45,563 P148050 INFO Loading data...
2023-10-20 20:35:45,563 P148050 INFO Loading data from h5: ../../../data/Movielenslatest_x1_h5/test.h5
2023-10-20 20:35:45,565 P148050 INFO Test samples: total/200686, blocks/1
2023-10-20 20:35:45,565 P148050 INFO Loading test data done.
2023-10-20 20:35:46,655 P148050 INFO ===
2023-10-20 20:35:46,655 P148050 INFO [Metrics] logloss: 0.189989 - AUC: 0.972216
