2023-10-20 08:12:47,099 P18800 INFO Params: {
    "V_net_dropout": "0.2",
    "W_net_dropout": "0.2",
    "alpha": "0.4",
    "batch_norm": "True",
    "batch_size": "10000",
    "beta": "0.5",
    "cl_temperature": "0.3",
    "data_format": "csv",
    "data_root": "../../../data/",
    "dataset_id": "Movielenslatest_x1_h5",
    "debug_mode": "False",
    "delta": "0.2",
    "early_stop_patience": "2",
    "embedding_dim": "20",
    "embedding_regularizer": "0.01",
    "epochs": "100",
    "eps": "1e-05",
    "eval_steps": "None",
    "feature_cols": "[{'active': True, 'dtype': 'float', 'name': ['user_id', 'item_id', 'tag_id'], 'type': 'categorical'}]",
    "feature_config": "None",
    "feature_specs": "None",
    "fi_hidden_units": "[400, 200]",
    "gpu": "0",
    "group_id": "None",
    "hidden_activations": "['leaky_relu', 'leaky_relu', 'leaky_relu']",
    "label_col": "{'dtype': 'float', 'name': 'label'}",
    "learning_rate": "0.001",
    "loss": "binary_crossentropy",
    "metrics": "['logloss', 'AUC']",
    "min_categr_count": "2",
    "model": "CETN",
    "model_id": "CETN_Movielens_483_58f098ed",
    "model_root": "./checkpoints/",
    "monitor": "{'AUC': 1, 'logloss': -1}",
    "monitor_mode": "max",
    "net_regularizer": "0",
    "num_workers": "3",
    "optimizer": "adam",
    "perturbed": "False",
    "pickle_feature_encoder": "True",
    "save_best_only": "True",
    "seed": "2023",
    "shuffle": "True",
    "task": "binary_classification",
    "test_data": "../../../data/MovielensLatest_x1_h5/test.h5",
    "through": "True",
    "train_data": "../../../data/MovielensLatest_x1_h5/train.h5",
    "use_features": "None",
    "valid_data": "../../../data/MovielensLatest_x1_h5/valid.h5",
    "verbose": "1",
    "w_hidden_units": "[400]"
}
2023-10-20 08:12:47,100 P18800 INFO Set up feature processor...
2023-10-20 08:12:47,100 P18800 WARNING Skip rebuilding ../../../data/Movielenslatest_x1_h5/feature_map.json. Please delete it manually if rebuilding is required.
2023-10-20 08:12:47,100 P18800 INFO Load feature_map from json: ../../../data/Movielenslatest_x1_h5/feature_map.json
2023-10-20 08:12:47,100 P18800 INFO Set column index...
2023-10-20 08:12:47,100 P18800 INFO Feature specs: {
    "item_id": "{'source': '', 'type': 'categorical', 'padding_idx': 0, 'oov_idx': 22574, 'vocab_size': 22575}",
    "tag_id": "{'source': '', 'type': 'categorical', 'padding_idx': 0, 'oov_idx': 49658, 'vocab_size': 49659}",
    "user_id": "{'source': '', 'type': 'categorical', 'padding_idx': 0, 'oov_idx': 16361, 'vocab_size': 16362}"
}
2023-10-20 08:12:51,995 P18800 INFO Total number of parameters: 2171526.
2023-10-20 08:12:51,995 P18800 INFO Loading data...
2023-10-20 08:12:51,995 P18800 INFO Loading data from h5: ../../../data/Movielenslatest_x1_h5/train.h5
2023-10-20 08:12:52,026 P18800 INFO Train samples: total/1404801, blocks/1
2023-10-20 08:12:52,027 P18800 INFO Loading data from h5: ../../../data/Movielenslatest_x1_h5/valid.h5
2023-10-20 08:12:52,031 P18800 INFO Validation samples: total/401372, blocks/1
2023-10-20 08:12:52,031 P18800 INFO Loading train and validation data done.
2023-10-20 08:12:52,031 P18800 INFO Start training: 141 batches/epoch
2023-10-20 08:12:52,031 P18800 INFO ************ Epoch=1 start ************
2023-10-20 08:12:55,393 P18800 INFO Train loss: 3.008433
2023-10-20 08:12:55,393 P18800 INFO Evaluation @epoch 1 - batch 141: 
2023-10-20 08:12:56,808 P18800 INFO ===
2023-10-20 08:12:56,808 P18800 INFO [Metrics] AUC: 0.500000 - logloss: 10.727955
2023-10-20 08:12:56,808 P18800 INFO Save best model: monitor(max)=-10.227955
2023-10-20 08:12:56,964 P18800 INFO ************ Epoch=1 end ************
2023-10-20 08:13:00,413 P18800 INFO Train loss: 2.765511
2023-10-20 08:13:00,413 P18800 INFO Evaluation @epoch 2 - batch 141: 
2023-10-20 08:13:01,777 P18800 INFO ===
2023-10-20 08:13:01,777 P18800 INFO [Metrics] AUC: 0.545728 - logloss: 4.939098
2023-10-20 08:13:01,777 P18800 INFO Save best model: monitor(max)=-4.393370
2023-10-20 08:13:01,968 P18800 INFO ************ Epoch=2 end ************
2023-10-20 08:13:05,294 P18800 INFO Train loss: 2.503696
2023-10-20 08:13:05,294 P18800 INFO Evaluation @epoch 3 - batch 141: 
2023-10-20 08:13:06,687 P18800 INFO ===
2023-10-20 08:13:06,687 P18800 INFO [Metrics] AUC: 0.561592 - logloss: 4.771443
2023-10-20 08:13:06,688 P18800 INFO Save best model: monitor(max)=-4.209851
2023-10-20 08:13:06,893 P18800 INFO ************ Epoch=3 end ************
2023-10-20 08:13:10,291 P18800 INFO Train loss: 2.079918
2023-10-20 08:13:10,291 P18800 INFO Evaluation @epoch 4 - batch 141: 
2023-10-20 08:13:11,697 P18800 INFO ===
2023-10-20 08:13:11,697 P18800 INFO [Metrics] AUC: 0.916186 - logloss: 4.000246
2023-10-20 08:13:11,697 P18800 INFO Save best model: monitor(max)=-3.084061
2023-10-20 08:13:11,887 P18800 INFO ************ Epoch=4 end ************
2023-10-20 08:13:15,279 P18800 INFO Train loss: 2.056384
2023-10-20 08:13:15,279 P18800 INFO Evaluation @epoch 5 - batch 141: 
2023-10-20 08:13:16,602 P18800 INFO ===
2023-10-20 08:13:16,602 P18800 INFO [Metrics] AUC: 0.918471 - logloss: 1.765253
2023-10-20 08:13:16,602 P18800 INFO Save best model: monitor(max)=-0.846782
2023-10-20 08:13:16,794 P18800 INFO ************ Epoch=5 end ************
2023-10-20 08:13:20,246 P18800 INFO Train loss: 2.070638
2023-10-20 08:13:20,246 P18800 INFO Evaluation @epoch 6 - batch 141: 
2023-10-20 08:13:21,617 P18800 INFO ===
2023-10-20 08:13:21,617 P18800 INFO [Metrics] AUC: 0.934139 - logloss: 1.213088
2023-10-20 08:13:21,617 P18800 INFO Save best model: monitor(max)=-0.278949
2023-10-20 08:13:21,799 P18800 INFO ************ Epoch=6 end ************
2023-10-20 08:13:25,270 P18800 INFO Train loss: 2.077569
2023-10-20 08:13:25,270 P18800 INFO Evaluation @epoch 7 - batch 141: 
2023-10-20 08:13:26,630 P18800 INFO ===
2023-10-20 08:13:26,630 P18800 INFO [Metrics] AUC: 0.930765 - logloss: 2.065269
2023-10-20 08:13:26,630 P18800 INFO Monitor(max)=-1.134504 STOP!
2023-10-20 08:13:26,630 P18800 INFO Reduce learning rate on plateau: 0.000100
2023-10-20 08:13:26,807 P18800 INFO ************ Epoch=7 end ************
2023-10-20 08:13:30,183 P18800 INFO Train loss: 1.955810
2023-10-20 08:13:30,184 P18800 INFO Evaluation @epoch 8 - batch 141: 
2023-10-20 08:13:31,619 P18800 INFO ===
2023-10-20 08:13:31,619 P18800 INFO [Metrics] AUC: 0.962053 - logloss: 0.268525
2023-10-20 08:13:31,619 P18800 INFO Save best model: monitor(max)=0.693528
2023-10-20 08:13:31,805 P18800 INFO ************ Epoch=8 end ************
2023-10-20 08:13:35,157 P18800 INFO Train loss: 1.849043
2023-10-20 08:13:35,158 P18800 INFO Evaluation @epoch 9 - batch 141: 
2023-10-20 08:13:36,518 P18800 INFO ===
2023-10-20 08:13:36,518 P18800 INFO [Metrics] AUC: 0.954130 - logloss: 1.529863
2023-10-20 08:13:36,518 P18800 INFO Monitor(max)=-0.575732 STOP!
2023-10-20 08:13:36,519 P18800 INFO Reduce learning rate on plateau: 0.000010
2023-10-20 08:13:36,691 P18800 INFO ************ Epoch=9 end ************
2023-10-20 08:13:40,039 P18800 INFO Train loss: 1.802969
2023-10-20 08:13:40,039 P18800 INFO Evaluation @epoch 10 - batch 141: 
2023-10-20 08:13:41,410 P18800 INFO ===
2023-10-20 08:13:41,410 P18800 INFO [Metrics] AUC: 0.971412 - logloss: 0.206895
2023-10-20 08:13:41,410 P18800 INFO Save best model: monitor(max)=0.764517
2023-10-20 08:13:41,586 P18800 INFO ************ Epoch=10 end ************
2023-10-20 08:13:44,865 P18800 INFO Train loss: 1.796579
2023-10-20 08:13:44,866 P18800 INFO Evaluation @epoch 11 - batch 141: 
2023-10-20 08:13:46,222 P18800 INFO ===
2023-10-20 08:13:46,222 P18800 INFO [Metrics] AUC: 0.971642 - logloss: 0.209259
2023-10-20 08:13:46,222 P18800 INFO Monitor(max)=0.762383 STOP!
2023-10-20 08:13:46,222 P18800 INFO Reduce learning rate on plateau: 0.000001
2023-10-20 08:13:46,394 P18800 INFO ************ Epoch=11 end ************
2023-10-20 08:13:49,739 P18800 INFO Train loss: 1.793789
2023-10-20 08:13:49,740 P18800 INFO Evaluation @epoch 12 - batch 141: 
2023-10-20 08:13:51,241 P18800 INFO ===
2023-10-20 08:13:51,242 P18800 INFO [Metrics] AUC: 0.972249 - logloss: 0.202752
2023-10-20 08:13:51,242 P18800 INFO Save best model: monitor(max)=0.769497
2023-10-20 08:13:51,424 P18800 INFO ************ Epoch=12 end ************
2023-10-20 08:13:54,822 P18800 INFO Train loss: 1.792355
2023-10-20 08:13:54,822 P18800 INFO Evaluation @epoch 13 - batch 141: 
2023-10-20 08:13:56,297 P18800 INFO ===
2023-10-20 08:13:56,297 P18800 INFO [Metrics] AUC: 0.972160 - logloss: 0.204189
2023-10-20 08:13:56,297 P18800 INFO Monitor(max)=0.767971 STOP!
2023-10-20 08:13:56,297 P18800 INFO Reduce learning rate on plateau: 0.000001
2023-10-20 08:13:56,475 P18800 INFO ************ Epoch=13 end ************
2023-10-20 08:13:59,829 P18800 INFO Train loss: 1.791283
2023-10-20 08:13:59,829 P18800 INFO Evaluation @epoch 14 - batch 141: 
2023-10-20 08:14:01,401 P18800 INFO ===
2023-10-20 08:14:01,401 P18800 INFO [Metrics] AUC: 0.972236 - logloss: 0.204033
2023-10-20 08:14:01,401 P18800 INFO Monitor(max)=0.768202 STOP!
2023-10-20 08:14:01,401 P18800 INFO Reduce learning rate on plateau: 0.000001
2023-10-20 08:14:01,401 P18800 INFO ********* Epoch==14 early stop *********
2023-10-20 08:14:01,573 P18800 INFO Training finished.
2023-10-20 08:14:01,574 P18800 INFO Load best model: /root/autodl-tmp/model_zoo/CETN/CETN_torch/checkpoints/Movielenslatest_x1_h5/CETN_Movielens_483_58f098ed.model
2023-10-20 08:14:01,580 P18800 INFO ****** Validation evaluation ******
2023-10-20 08:14:02,922 P18800 INFO ===
2023-10-20 08:14:02,922 P18800 INFO [Metrics] logloss: 0.202752 - AUC: 0.972249
2023-10-20 08:14:02,962 P18800 INFO ******** Test evaluation ********
2023-10-20 08:14:02,962 P18800 INFO Loading data...
2023-10-20 08:14:02,962 P18800 INFO Loading data from h5: ../../../data/Movielenslatest_x1_h5/test.h5
2023-10-20 08:14:02,965 P18800 INFO Test samples: total/200686, blocks/1
2023-10-20 08:14:02,965 P18800 INFO Loading test data done.
2023-10-20 08:14:04,109 P18800 INFO ===
2023-10-20 08:14:04,109 P18800 INFO [Metrics] logloss: 0.204040 - AUC: 0.972223
